[ 2017-04-20T00:04:55+08:00 ] ::1 /csoaAPI/index.php/Home/User/getRole
INFO: [ app_init ] --START--
INFO: Run Behavior\BuildLiteBehavior [ RunTime:0.000015s ]
INFO: [ app_init ] --END-- [ RunTime:0.000582s ]
INFO: [ app_begin ] --START--
INFO: Run Behavior\ReadHtmlCacheBehavior [ RunTime:0.000785s ]
INFO: [ app_begin ] --END-- [ RunTime:0.000869s ]
SQL: SHOW COLUMNS FROM `role` [ RunTime:0.0008s ]
SQL: SELECT * FROM `role` WHERE `id` = 2 LIMIT 1   [ RunTime:0.0004s ]

[ 2017-04-20T00:04:55+08:00 ] ::1 /csoaAPI/index.php/Home/Practice/getYear
INFO: [ app_init ] --START--
INFO: Run Behavior\BuildLiteBehavior [ RunTime:0.000016s ]
INFO: [ app_init ] --END-- [ RunTime:0.000496s ]
INFO: [ app_begin ] --START--
INFO: Run Behavior\ReadHtmlCacheBehavior [ RunTime:0.000343s ]
INFO: [ app_begin ] --END-- [ RunTime:0.000398s ]
SQL: SHOW COLUMNS FROM `practice_year` [ RunTime:0.0005s ]
SQL: SELECT * FROM `practice_year` ORDER BY year desc  [ RunTime:0.0003s ]

[ 2017-04-20T00:04:55+08:00 ] ::1 /csoaAPI/index.php/Home/Practice/getJob?year_id=13
INFO: [ app_init ] --START--
INFO: Run Behavior\BuildLiteBehavior [ RunTime:0.000017s ]
INFO: [ app_init ] --END-- [ RunTime:0.000380s ]
INFO: [ app_begin ] --START--
INFO: Run Behavior\ReadHtmlCacheBehavior [ RunTime:0.000492s ]
INFO: [ app_begin ] --END-- [ RunTime:0.000555s ]
SQL: SHOW COLUMNS FROM `job` [ RunTime:0.0007s ]
SQL: SELECT `id`,`company_name`,`job_name`,`need_number`,`apply_number` FROM `job` WHERE `year_id` = 13  [ RunTime:0.0008s ]

[ 2017-04-20T00:04:59+08:00 ] ::1 /csoaAPI/index.php/Home/Practice/getOneJob?id=1
INFO: [ app_init ] --START--
INFO: Run Behavior\BuildLiteBehavior [ RunTime:0.000014s ]
INFO: [ app_init ] --END-- [ RunTime:0.000372s ]
INFO: [ app_begin ] --START--
INFO: Run Behavior\ReadHtmlCacheBehavior [ RunTime:0.000251s ]
INFO: [ app_begin ] --END-- [ RunTime:0.000283s ]
SQL: SHOW COLUMNS FROM `job` [ RunTime:0.0006s ]
SQL: SELECT * FROM `job` WHERE `id` = 1 LIMIT 1   [ RunTime:0.0005s ]

[ 2017-04-20T00:05:01+08:00 ] ::1 /csoaAPI/index.php/Home/Practice/getOneJob?id=1
INFO: [ app_init ] --START--
INFO: Run Behavior\BuildLiteBehavior [ RunTime:0.000009s ]
INFO: [ app_init ] --END-- [ RunTime:0.000234s ]
INFO: [ app_begin ] --START--
INFO: Run Behavior\ReadHtmlCacheBehavior [ RunTime:0.000285s ]
INFO: [ app_begin ] --END-- [ RunTime:0.000325s ]
SQL: SHOW COLUMNS FROM `job` [ RunTime:0.0005s ]
SQL: SELECT * FROM `job` WHERE `id` = 1 LIMIT 1   [ RunTime:0.0004s ]

[ 2017-04-20T00:05:33+08:00 ] ::1 /csoaAPI/index.php/Home/Practice/getOneJob?id=1
INFO: [ app_init ] --START--
INFO: Run Behavior\BuildLiteBehavior [ RunTime:0.000014s ]
INFO: [ app_init ] --END-- [ RunTime:0.000491s ]
INFO: [ app_begin ] --START--
INFO: Run Behavior\ReadHtmlCacheBehavior [ RunTime:0.000522s ]
INFO: [ app_begin ] --END-- [ RunTime:0.000566s ]
SQL: SHOW COLUMNS FROM `job` [ RunTime:0.0005s ]
SQL: SELECT * FROM `job` WHERE `id` = 1 LIMIT 1   [ RunTime:0.0003s ]

[ 2017-04-20T00:05:59+08:00 ] ::1 /csoaAPI/index.php/Home/User/getRole
INFO: [ app_init ] --START--
INFO: Run Behavior\BuildLiteBehavior [ RunTime:0.000012s ]
INFO: [ app_init ] --END-- [ RunTime:0.000455s ]
INFO: [ app_begin ] --START--
INFO: Run Behavior\ReadHtmlCacheBehavior [ RunTime:0.001056s ]
INFO: [ app_begin ] --END-- [ RunTime:0.001126s ]
SQL: SHOW COLUMNS FROM `role` [ RunTime:0.0007s ]
SQL: SELECT * FROM `role` WHERE `id` = 2 LIMIT 1   [ RunTime:0.0005s ]

[ 2017-04-20T00:05:59+08:00 ] ::1 /csoaAPI/index.php/Home/Practice/getYear
INFO: [ app_init ] --START--
INFO: Run Behavior\BuildLiteBehavior [ RunTime:0.000021s ]
INFO: [ app_init ] --END-- [ RunTime:0.000462s ]
INFO: [ app_begin ] --START--
INFO: Run Behavior\ReadHtmlCacheBehavior [ RunTime:0.000269s ]
INFO: [ app_begin ] --END-- [ RunTime:0.000308s ]
SQL: SHOW COLUMNS FROM `practice_year` [ RunTime:0.0005s ]
SQL: SELECT * FROM `practice_year` ORDER BY year desc  [ RunTime:0.0003s ]

[ 2017-04-20T00:05:59+08:00 ] ::1 /csoaAPI/index.php/Home/Practice/getJob?year_id=13
INFO: [ app_init ] --START--
INFO: Run Behavior\BuildLiteBehavior [ RunTime:0.000010s ]
INFO: [ app_init ] --END-- [ RunTime:0.000198s ]
INFO: [ app_begin ] --START--
INFO: Run Behavior\ReadHtmlCacheBehavior [ RunTime:0.000243s ]
INFO: [ app_begin ] --END-- [ RunTime:0.000276s ]
SQL: SHOW COLUMNS FROM `job` [ RunTime:0.0012s ]
SQL: SELECT `id`,`company_name`,`job_name`,`need_number`,`apply_number` FROM `job` WHERE `year_id` = 13  [ RunTime:0.0005s ]

[ 2017-04-20T00:06:01+08:00 ] ::1 /csoaAPI/index.php/Home/Practice/getOneJob?id=1
INFO: [ app_init ] --START--
INFO: Run Behavior\BuildLiteBehavior [ RunTime:0.000012s ]
INFO: [ app_init ] --END-- [ RunTime:0.000304s ]
INFO: [ app_begin ] --START--
INFO: Run Behavior\ReadHtmlCacheBehavior [ RunTime:0.000456s ]
INFO: [ app_begin ] --END-- [ RunTime:0.000510s ]
SQL: SHOW COLUMNS FROM `job` [ RunTime:0.0005s ]
SQL: SELECT * FROM `job` WHERE `id` = 1 LIMIT 1   [ RunTime:0.0004s ]

[ 2017-04-20T00:06:04+08:00 ] ::1 /csoaAPI/index.php/Home/Practice/getOneJob?id=29
INFO: [ app_init ] --START--
INFO: Run Behavior\BuildLiteBehavior [ RunTime:0.000008s ]
INFO: [ app_init ] --END-- [ RunTime:0.000184s ]
INFO: [ app_begin ] --START--
INFO: Run Behavior\ReadHtmlCacheBehavior [ RunTime:0.000554s ]
INFO: [ app_begin ] --END-- [ RunTime:0.000589s ]
SQL: SHOW COLUMNS FROM `job` [ RunTime:0.0005s ]
SQL: SELECT * FROM `job` WHERE `id` = 29 LIMIT 1   [ RunTime:0.0003s ]

[ 2017-04-20T00:06:10+08:00 ] ::1 /csoaAPI/index.php/Home/Practice/getOneJob?id=30
INFO: [ app_init ] --START--
INFO: Run Behavior\BuildLiteBehavior [ RunTime:0.000008s ]
INFO: [ app_init ] --END-- [ RunTime:0.000305s ]
INFO: [ app_begin ] --START--
INFO: Run Behavior\ReadHtmlCacheBehavior [ RunTime:0.000590s ]
INFO: [ app_begin ] --END-- [ RunTime:0.000654s ]
SQL: SHOW COLUMNS FROM `job` [ RunTime:0.0005s ]
SQL: SELECT * FROM `job` WHERE `id` = 30 LIMIT 1   [ RunTime:0.0004s ]

[ 2017-04-20T00:11:40+08:00 ] ::1 /csoaAPI/index.php/Home/Practice/getOneJob?id=1
INFO: [ app_init ] --START--
INFO: Run Behavior\BuildLiteBehavior [ RunTime:0.000011s ]
INFO: [ app_init ] --END-- [ RunTime:0.000245s ]
INFO: [ app_begin ] --START--
INFO: Run Behavior\ReadHtmlCacheBehavior [ RunTime:0.000243s ]
INFO: [ app_begin ] --END-- [ RunTime:0.000273s ]
SQL: SHOW COLUMNS FROM `job` [ RunTime:0.0005s ]
SQL: SELECT * FROM `job` WHERE `id` = 1 LIMIT 1   [ RunTime:0.0003s ]

[ 2017-04-20T00:11:46+08:00 ] ::1 /csoaAPI/index.php/Home/User/modifyJob
INFO: [ app_init ] --START--
INFO: Run Behavior\BuildLiteBehavior [ RunTime:0.000010s ]
INFO: [ app_init ] --END-- [ RunTime:0.000301s ]
INFO: [ app_begin ] --START--
INFO: Run Behavior\ReadHtmlCacheBehavior [ RunTime:0.000443s ]
INFO: [ app_begin ] --END-- [ RunTime:0.000507s ]
ERR: 非法操作:modifyJob

[ 2017-04-20T00:11:55+08:00 ] ::1 /csoaAPI/index.php/Home/User/modifyJob
INFO: [ app_init ] --START--
INFO: Run Behavior\BuildLiteBehavior [ RunTime:0.000036s ]
INFO: [ app_init ] --END-- [ RunTime:0.000518s ]
INFO: [ app_begin ] --START--
INFO: Run Behavior\ReadHtmlCacheBehavior [ RunTime:0.000412s ]
INFO: [ app_begin ] --END-- [ RunTime:0.000475s ]
ERR: 非法操作:modifyJob

[ 2017-04-20T00:12:20+08:00 ] ::1 /csoaAPI/index.php/Home/Practice/modifyJob
INFO: [ app_init ] --START--
INFO: Run Behavior\BuildLiteBehavior [ RunTime:0.000014s ]
INFO: [ app_init ] --END-- [ RunTime:0.001626s ]
INFO: [ app_begin ] --START--
INFO: Run Behavior\ReadHtmlCacheBehavior [ RunTime:0.001450s ]
INFO: [ app_begin ] --END-- [ RunTime:0.001643s ]
SQL: SHOW COLUMNS FROM `job` [ RunTime:0.0020s ]
SQL: UPDATE `job` SET `company_name`='深圳大学',`company_website`='null',`job_name`='web开发',`job_duty`='null',`need_number`='5',`working_time`='null',`salary`='null',`demand`='null',`position`='null',`contacts`='null',`contact_number`='null',`recommend_teacher`='null',`other`='null' WHERE `id` = 1 [ RunTime:0.0013s ]

[ 2017-04-20T00:12:28+08:00 ] ::1 /csoaAPI/index.php/Home/Practice/getOneJob?id=1
INFO: [ app_init ] --START--
INFO: Run Behavior\BuildLiteBehavior [ RunTime:0.000011s ]
INFO: [ app_init ] --END-- [ RunTime:0.000348s ]
INFO: [ app_begin ] --START--
INFO: Run Behavior\ReadHtmlCacheBehavior [ RunTime:0.000393s ]
INFO: [ app_begin ] --END-- [ RunTime:0.000446s ]
SQL: SHOW COLUMNS FROM `job` [ RunTime:0.0008s ]
SQL: SELECT * FROM `job` WHERE `id` = 1 LIMIT 1   [ RunTime:0.0005s ]

[ 2017-04-20T00:12:35+08:00 ] ::1 /csoaAPI/index.php/Home/Practice/modifyJob
INFO: [ app_init ] --START--
INFO: Run Behavior\BuildLiteBehavior [ RunTime:0.000060s ]
INFO: [ app_init ] --END-- [ RunTime:0.000558s ]
INFO: [ app_begin ] --START--
INFO: Run Behavior\ReadHtmlCacheBehavior [ RunTime:0.000375s ]
INFO: [ app_begin ] --END-- [ RunTime:0.000431s ]
SQL: SHOW COLUMNS FROM `job` [ RunTime:0.0007s ]
SQL: UPDATE `job` SET `company_name`='深圳大学',`company_website`='wwww',`job_name`='web开发',`job_duty`='null',`need_number`='5',`working_time`='null',`salary`='null',`demand`='null',`position`='null',`contacts`='null',`contact_number`='null',`recommend_teacher`='null',`other`='null' WHERE `id` = 1 [ RunTime:0.0016s ]

[ 2017-04-20T00:12:38+08:00 ] ::1 /csoaAPI/index.php/Home/Practice/getOneJob?id=1
INFO: [ app_init ] --START--
INFO: Run Behavior\BuildLiteBehavior [ RunTime:0.000016s ]
INFO: [ app_init ] --END-- [ RunTime:0.000344s ]
INFO: [ app_begin ] --START--
INFO: Run Behavior\ReadHtmlCacheBehavior [ RunTime:0.000504s ]
INFO: [ app_begin ] --END-- [ RunTime:0.000568s ]
SQL: SHOW COLUMNS FROM `job` [ RunTime:0.0006s ]
SQL: SELECT * FROM `job` WHERE `id` = 1 LIMIT 1   [ RunTime:0.0004s ]

[ 2017-04-20T00:12:46+08:00 ] ::1 /csoaAPI/index.php/Home/Practice/modifyJob
INFO: [ app_init ] --START--
INFO: Run Behavior\BuildLiteBehavior [ RunTime:0.000010s ]
INFO: [ app_init ] --END-- [ RunTime:0.000185s ]
INFO: [ app_begin ] --START--
INFO: Run Behavior\ReadHtmlCacheBehavior [ RunTime:0.000252s ]
INFO: [ app_begin ] --END-- [ RunTime:0.000284s ]
SQL: SHOW COLUMNS FROM `job` [ RunTime:0.0005s ]
SQL: UPDATE `job` SET `company_name`='深圳大学',`company_website`='wwww.baidu.com',`job_name`='web开发',`job_duty`='null',`need_number`='5',`working_time`='null',`salary`='null',`demand`='null',`position`='null',`contacts`='null',`contact_number`='null',`recommend_teacher`='null',`other`='null' WHERE `id` = 1 [ RunTime:0.0006s ]

[ 2017-04-20T00:12:48+08:00 ] ::1 /csoaAPI/index.php/Home/Practice/getOneJob?id=1
INFO: [ app_init ] --START--
INFO: Run Behavior\BuildLiteBehavior [ RunTime:0.000008s ]
INFO: [ app_init ] --END-- [ RunTime:0.000187s ]
INFO: [ app_begin ] --START--
INFO: Run Behavior\ReadHtmlCacheBehavior [ RunTime:0.000873s ]
INFO: [ app_begin ] --END-- [ RunTime:0.000920s ]
SQL: SHOW COLUMNS FROM `job` [ RunTime:0.0007s ]
SQL: SELECT * FROM `job` WHERE `id` = 1 LIMIT 1   [ RunTime:0.0004s ]

[ 2017-04-20T00:16:03+08:00 ] ::1 /csoaAPI/index.php/Home/Practice/getOneJob?id=1
INFO: [ app_init ] --START--
INFO: Run Behavior\BuildLiteBehavior [ RunTime:0.000008s ]
INFO: [ app_init ] --END-- [ RunTime:0.000193s ]
INFO: [ app_begin ] --START--
INFO: Run Behavior\ReadHtmlCacheBehavior [ RunTime:0.000302s ]
INFO: [ app_begin ] --END-- [ RunTime:0.000342s ]
SQL: SHOW COLUMNS FROM `job` [ RunTime:0.0006s ]
SQL: SELECT * FROM `job` WHERE `id` = 1 LIMIT 1   [ RunTime:0.0004s ]

[ 2017-04-20T00:16:06+08:00 ] ::1 /csoaAPI/index.php/Home/User/getRole
INFO: [ app_init ] --START--
INFO: Run Behavior\BuildLiteBehavior [ RunTime:0.000015s ]
INFO: [ app_init ] --END-- [ RunTime:0.000365s ]
INFO: [ app_begin ] --START--
INFO: Run Behavior\ReadHtmlCacheBehavior [ RunTime:0.000273s ]
INFO: [ app_begin ] --END-- [ RunTime:0.000310s ]
SQL: SHOW COLUMNS FROM `role` [ RunTime:0.0006s ]
SQL: SELECT * FROM `role` WHERE `id` = 2 LIMIT 1   [ RunTime:0.0004s ]

[ 2017-04-20T00:16:06+08:00 ] ::1 /csoaAPI/index.php/Home/Practice/getYear
INFO: [ app_init ] --START--
INFO: Run Behavior\BuildLiteBehavior [ RunTime:0.000017s ]
INFO: [ app_init ] --END-- [ RunTime:0.000363s ]
INFO: [ app_begin ] --START--
INFO: Run Behavior\ReadHtmlCacheBehavior [ RunTime:0.000261s ]
INFO: [ app_begin ] --END-- [ RunTime:0.000296s ]
SQL: SHOW COLUMNS FROM `practice_year` [ RunTime:0.0005s ]
SQL: SELECT * FROM `practice_year` ORDER BY year desc  [ RunTime:0.0003s ]

[ 2017-04-20T00:16:06+08:00 ] ::1 /csoaAPI/index.php/Home/Practice/getJob?year_id=13
INFO: [ app_init ] --START--
INFO: Run Behavior\BuildLiteBehavior [ RunTime:0.000010s ]
INFO: [ app_init ] --END-- [ RunTime:0.000201s ]
INFO: [ app_begin ] --START--
INFO: Run Behavior\ReadHtmlCacheBehavior [ RunTime:0.001024s ]
INFO: [ app_begin ] --END-- [ RunTime:0.001080s ]
SQL: SHOW COLUMNS FROM `job` [ RunTime:0.0005s ]
SQL: SELECT `id`,`company_name`,`job_name`,`need_number`,`apply_number` FROM `job` WHERE `year_id` = 13  [ RunTime:0.0004s ]

[ 2017-04-20T00:16:07+08:00 ] ::1 /csoaAPI/index.php/Home/Practice/getOneJob?id=1
INFO: [ app_init ] --START--
INFO: Run Behavior\BuildLiteBehavior [ RunTime:0.000010s ]
INFO: [ app_init ] --END-- [ RunTime:0.000215s ]
INFO: [ app_begin ] --START--
INFO: Run Behavior\ReadHtmlCacheBehavior [ RunTime:0.000528s ]
INFO: [ app_begin ] --END-- [ RunTime:0.000570s ]
SQL: SHOW COLUMNS FROM `job` [ RunTime:0.0010s ]
SQL: SELECT * FROM `job` WHERE `id` = 1 LIMIT 1   [ RunTime:0.0005s ]

[ 2017-04-20T00:16:11+08:00 ] ::1 /csoaAPI/index.php/Home/Practice/getOneJob?id=29
INFO: [ app_init ] --START--
INFO: Run Behavior\BuildLiteBehavior [ RunTime:0.000008s ]
INFO: [ app_init ] --END-- [ RunTime:0.000176s ]
INFO: [ app_begin ] --START--
INFO: Run Behavior\ReadHtmlCacheBehavior [ RunTime:0.000267s ]
INFO: [ app_begin ] --END-- [ RunTime:0.000300s ]
SQL: SHOW COLUMNS FROM `job` [ RunTime:0.0005s ]
SQL: SELECT * FROM `job` WHERE `id` = 29 LIMIT 1   [ RunTime:0.0003s ]

[ 2017-04-20T00:16:14+08:00 ] ::1 /csoaAPI/index.php/Home/Practice/modifyJob
INFO: [ app_init ] --START--
INFO: Run Behavior\BuildLiteBehavior [ RunTime:0.000018s ]
INFO: [ app_init ] --END-- [ RunTime:0.000442s ]
INFO: [ app_begin ] --START--
INFO: Run Behavior\ReadHtmlCacheBehavior [ RunTime:0.000255s ]
INFO: [ app_begin ] --END-- [ RunTime:0.000290s ]
SQL: SHOW COLUMNS FROM `job` [ RunTime:0.0007s ]
SQL: UPDATE `job` SET `company_name`='深圳a公司',`company_website`='www.aaa.com',`job_name`='web前端',`job_duty`='负责网站开发',`need_number`='5',`working_time`='4天/周',`salary`='200/天',`demand`='熟练掌握',`position`='南山区软件园',`contacts`='黄先生',`contact_number`='188****9972',`recommend_teacher`='',`other`='' WHERE `id` = 29 [ RunTime:0.0009s ]

[ 2017-04-20T00:16:17+08:00 ] ::1 /csoaAPI/index.php/Home/Practice/modifyJob
INFO: [ app_init ] --START--
INFO: Run Behavior\BuildLiteBehavior [ RunTime:0.000015s ]
INFO: [ app_init ] --END-- [ RunTime:0.000327s ]
INFO: [ app_begin ] --START--
INFO: Run Behavior\ReadHtmlCacheBehavior [ RunTime:0.000255s ]
INFO: [ app_begin ] --END-- [ RunTime:0.000289s ]
SQL: SHOW COLUMNS FROM `job` [ RunTime:0.0008s ]
SQL: UPDATE `job` SET `company_name`='深圳a公司',`company_website`='www.aaa.com',`job_name`='web前端',`job_duty`='负责网站开发',`need_number`='5',`working_time`='4天/周',`salary`='200/天',`demand`='熟练掌握',`position`='南山区软件园',`contacts`='黄先生',`contact_number`='188****9972',`recommend_teacher`='1',`other`='' WHERE `id` = 29 [ RunTime:0.0011s ]

[ 2017-04-20T00:16:20+08:00 ] ::1 /csoaAPI/index.php/Home/Practice/getOneJob?id=29
INFO: [ app_init ] --START--
INFO: Run Behavior\BuildLiteBehavior [ RunTime:0.000011s ]
INFO: [ app_init ] --END-- [ RunTime:0.000344s ]
INFO: [ app_begin ] --START--
INFO: Run Behavior\ReadHtmlCacheBehavior [ RunTime:0.000254s ]
INFO: [ app_begin ] --END-- [ RunTime:0.000288s ]
SQL: SHOW COLUMNS FROM `job` [ RunTime:0.0005s ]
SQL: SELECT * FROM `job` WHERE `id` = 29 LIMIT 1   [ RunTime:0.0003s ]

[ 2017-04-20T00:16:23+08:00 ] ::1 /csoaAPI/index.php/Home/Practice/getOneJob?id=1
INFO: [ app_init ] --START--
INFO: Run Behavior\BuildLiteBehavior [ RunTime:0.000010s ]
INFO: [ app_init ] --END-- [ RunTime:0.000195s ]
INFO: [ app_begin ] --START--
INFO: Run Behavior\ReadHtmlCacheBehavior [ RunTime:0.000263s ]
INFO: [ app_begin ] --END-- [ RunTime:0.000296s ]
SQL: SHOW COLUMNS FROM `job` [ RunTime:0.0007s ]
SQL: SELECT * FROM `job` WHERE `id` = 1 LIMIT 1   [ RunTime:0.0004s ]

[ 2017-04-20T00:16:44+08:00 ] ::1 /csoaAPI/index.php/Home/Practice/modifyJob
INFO: [ app_init ] --START--
INFO: Run Behavior\BuildLiteBehavior [ RunTime:0.000011s ]
INFO: [ app_init ] --END-- [ RunTime:0.000221s ]
INFO: [ app_begin ] --START--
INFO: Run Behavior\ReadHtmlCacheBehavior [ RunTime:0.000255s ]
INFO: [ app_begin ] --END-- [ RunTime:0.000289s ]
SQL: SHOW COLUMNS FROM `job` [ RunTime:0.0007s ]
SQL: UPDATE `job` SET `company_name`='深圳a公司',`company_website`='wwww.baidu.com',`job_name`='web前端',`job_duty`='',`need_number`='5',`working_time`='',`salary`='',`demand`='',`position`='',`contacts`='',`contact_number`='',`recommend_teacher`='2',`other`='' WHERE `id` = 1 [ RunTime:0.0006s ]

[ 2017-04-20T00:16:46+08:00 ] ::1 /csoaAPI/index.php/Home/Practice/getOneJob?id=29
INFO: [ app_init ] --START--
INFO: Run Behavior\BuildLiteBehavior [ RunTime:0.000019s ]
INFO: [ app_init ] --END-- [ RunTime:0.000944s ]
INFO: [ app_begin ] --START--
INFO: Run Behavior\ReadHtmlCacheBehavior [ RunTime:0.000443s ]
INFO: [ app_begin ] --END-- [ RunTime:0.000833s ]
SQL: SHOW COLUMNS FROM `job` [ RunTime:0.0006s ]
SQL: SELECT * FROM `job` WHERE `id` = 29 LIMIT 1   [ RunTime:0.0004s ]

[ 2017-04-20T00:17:30+08:00 ] ::1 /csoaAPI/index.php/Home/Practice/getOneJob?id=30
INFO: [ app_init ] --START--
INFO: Run Behavior\BuildLiteBehavior [ RunTime:0.000012s ]
INFO: [ app_init ] --END-- [ RunTime:0.000578s ]
INFO: [ app_begin ] --START--
INFO: Run Behavior\ReadHtmlCacheBehavior [ RunTime:0.000648s ]
INFO: [ app_begin ] --END-- [ RunTime:0.000720s ]
SQL: SHOW COLUMNS FROM `job` [ RunTime:0.0005s ]
SQL: SELECT * FROM `job` WHERE `id` = 30 LIMIT 1   [ RunTime:0.0004s ]

[ 2017-04-20T00:17:33+08:00 ] ::1 /csoaAPI/index.php/Home/Practice/getOneJob?id=30
INFO: [ app_init ] --START--
INFO: Run Behavior\BuildLiteBehavior [ RunTime:0.000008s ]
INFO: [ app_init ] --END-- [ RunTime:0.000196s ]
INFO: [ app_begin ] --START--
INFO: Run Behavior\ReadHtmlCacheBehavior [ RunTime:0.000235s ]
INFO: [ app_begin ] --END-- [ RunTime:0.000265s ]
SQL: SHOW COLUMNS FROM `job` [ RunTime:0.0005s ]
SQL: SELECT * FROM `job` WHERE `id` = 30 LIMIT 1   [ RunTime:0.0003s ]

[ 2017-04-20T00:17:36+08:00 ] ::1 /csoaAPI/index.php/Home/Practice/getOneJob?id=32
INFO: [ app_init ] --START--
INFO: Run Behavior\BuildLiteBehavior [ RunTime:0.000009s ]
INFO: [ app_init ] --END-- [ RunTime:0.000183s ]
INFO: [ app_begin ] --START--
INFO: Run Behavior\ReadHtmlCacheBehavior [ RunTime:0.000227s ]
INFO: [ app_begin ] --END-- [ RunTime:0.000255s ]
SQL: SHOW COLUMNS FROM `job` [ RunTime:0.0006s ]
SQL: SELECT * FROM `job` WHERE `id` = 32 LIMIT 1   [ RunTime:0.0005s ]

[ 2017-04-20T00:17:38+08:00 ] ::1 /csoaAPI/index.php/Home/User/getRole
INFO: [ app_init ] --START--
INFO: Run Behavior\BuildLiteBehavior [ RunTime:0.000011s ]
INFO: [ app_init ] --END-- [ RunTime:0.000212s ]
INFO: [ app_begin ] --START--
INFO: Run Behavior\ReadHtmlCacheBehavior [ RunTime:0.000335s ]
INFO: [ app_begin ] --END-- [ RunTime:0.000373s ]
SQL: SHOW COLUMNS FROM `role` [ RunTime:0.0011s ]
SQL: SELECT * FROM `role` WHERE `id` = 2 LIMIT 1   [ RunTime:0.0005s ]

[ 2017-04-20T00:17:38+08:00 ] ::1 /csoaAPI/index.php/Home/Practice/getYear
INFO: [ app_init ] --START--
INFO: Run Behavior\BuildLiteBehavior [ RunTime:0.000009s ]
INFO: [ app_init ] --END-- [ RunTime:0.000201s ]
INFO: [ app_begin ] --START--
INFO: Run Behavior\ReadHtmlCacheBehavior [ RunTime:0.000235s ]
INFO: [ app_begin ] --END-- [ RunTime:0.000265s ]
SQL: SHOW COLUMNS FROM `practice_year` [ RunTime:0.0004s ]
SQL: SELECT * FROM `practice_year` ORDER BY year desc  [ RunTime:0.0004s ]

[ 2017-04-20T00:17:39+08:00 ] ::1 /csoaAPI/index.php/Home/Practice/getJob?year_id=13
INFO: [ app_init ] --START--
INFO: Run Behavior\BuildLiteBehavior [ RunTime:0.000016s ]
INFO: [ app_init ] --END-- [ RunTime:0.000339s ]
INFO: [ app_begin ] --START--
INFO: Run Behavior\ReadHtmlCacheBehavior [ RunTime:0.001190s ]
INFO: [ app_begin ] --END-- [ RunTime:0.001256s ]
SQL: SHOW COLUMNS FROM `job` [ RunTime:0.0008s ]
SQL: SELECT `id`,`company_name`,`job_name`,`need_number`,`apply_number` FROM `job` WHERE `year_id` = 13  [ RunTime:0.0003s ]

[ 2017-04-20T00:17:40+08:00 ] ::1 /csoaAPI/index.php/Home/Practice/getOneJob?id=31
INFO: [ app_init ] --START--
INFO: Run Behavior\BuildLiteBehavior [ RunTime:0.000012s ]
INFO: [ app_init ] --END-- [ RunTime:0.000258s ]
INFO: [ app_begin ] --START--
INFO: Run Behavior\ReadHtmlCacheBehavior [ RunTime:0.000260s ]
INFO: [ app_begin ] --END-- [ RunTime:0.000297s ]
SQL: SHOW COLUMNS FROM `job` [ RunTime:0.0005s ]
SQL: SELECT * FROM `job` WHERE `id` = 31 LIMIT 1   [ RunTime:0.0004s ]

[ 2017-04-20T00:17:42+08:00 ] ::1 /csoaAPI/index.php/Home/Practice/getOneJob?id=1
INFO: [ app_init ] --START--
INFO: Run Behavior\BuildLiteBehavior [ RunTime:0.000010s ]
INFO: [ app_init ] --END-- [ RunTime:0.000232s ]
INFO: [ app_begin ] --START--
INFO: Run Behavior\ReadHtmlCacheBehavior [ RunTime:0.000252s ]
INFO: [ app_begin ] --END-- [ RunTime:0.000283s ]
SQL: SHOW COLUMNS FROM `job` [ RunTime:0.0006s ]
SQL: SELECT * FROM `job` WHERE `id` = 1 LIMIT 1   [ RunTime:0.0003s ]

[ 2017-04-20T00:17:44+08:00 ] ::1 /csoaAPI/index.php/Home/Practice/getOneJob?id=30
INFO: [ app_init ] --START--
INFO: Run Behavior\BuildLiteBehavior [ RunTime:0.000010s ]
INFO: [ app_init ] --END-- [ RunTime:0.000199s ]
INFO: [ app_begin ] --START--
INFO: Run Behavior\ReadHtmlCacheBehavior [ RunTime:0.000234s ]
INFO: [ app_begin ] --END-- [ RunTime:0.000263s ]
SQL: SHOW COLUMNS FROM `job` [ RunTime:0.0004s ]
SQL: SELECT * FROM `job` WHERE `id` = 30 LIMIT 1   [ RunTime:0.0003s ]

[ 2017-04-20T00:17:46+08:00 ] ::1 /csoaAPI/index.php/Home/Practice/getOneJob?id=1
INFO: [ app_init ] --START--
INFO: Run Behavior\BuildLiteBehavior [ RunTime:0.000008s ]
INFO: [ app_init ] --END-- [ RunTime:0.000186s ]
INFO: [ app_begin ] --START--
INFO: Run Behavior\ReadHtmlCacheBehavior [ RunTime:0.000297s ]
INFO: [ app_begin ] --END-- [ RunTime:0.000333s ]
SQL: SHOW COLUMNS FROM `job` [ RunTime:0.0007s ]
SQL: SELECT * FROM `job` WHERE `id` = 1 LIMIT 1   [ RunTime:0.0004s ]

[ 2017-04-20T00:17:49+08:00 ] ::1 /csoaAPI/index.php/Home/Practice/modifyJob
INFO: [ app_init ] --START--
INFO: Run Behavior\BuildLiteBehavior [ RunTime:0.000014s ]
INFO: [ app_init ] --END-- [ RunTime:0.000340s ]
INFO: [ app_begin ] --START--
INFO: Run Behavior\ReadHtmlCacheBehavior [ RunTime:0.000371s ]
INFO: [ app_begin ] --END-- [ RunTime:0.000422s ]
SQL: SHOW COLUMNS FROM `job` [ RunTime:0.0008s ]
SQL: UPDATE `job` SET `company_name`='深圳a公司',`company_website`='wwww.baidu.com',`job_name`='web前端',`job_duty`='',`need_number`='5',`working_time`='1',`salary`='',`demand`='',`position`='',`contacts`='',`contact_number`='',`recommend_teacher`='2',`other`='' WHERE `id` = 1 [ RunTime:0.0007s ]

[ 2017-04-20T00:17:51+08:00 ] ::1 /csoaAPI/index.php/Home/Practice/getOneJob?id=29
INFO: [ app_init ] --START--
INFO: Run Behavior\BuildLiteBehavior [ RunTime:0.000009s ]
INFO: [ app_init ] --END-- [ RunTime:0.000197s ]
INFO: [ app_begin ] --START--
INFO: Run Behavior\ReadHtmlCacheBehavior [ RunTime:0.000365s ]
INFO: [ app_begin ] --END-- [ RunTime:0.000402s ]
SQL: SHOW COLUMNS FROM `job` [ RunTime:0.0005s ]
SQL: SELECT * FROM `job` WHERE `id` = 29 LIMIT 1   [ RunTime:0.0003s ]

[ 2017-04-20T00:17:59+08:00 ] ::1 /csoaAPI/index.php/Home/User/getRole
INFO: [ app_init ] --START--
INFO: Run Behavior\BuildLiteBehavior [ RunTime:0.000019s ]
INFO: [ app_init ] --END-- [ RunTime:0.000645s ]
INFO: [ app_begin ] --START--
INFO: Run Behavior\ReadHtmlCacheBehavior [ RunTime:0.000273s ]
INFO: [ app_begin ] --END-- [ RunTime:0.000314s ]
SQL: SHOW COLUMNS FROM `role` [ RunTime:0.0007s ]
SQL: SELECT * FROM `role` WHERE `id` = 2 LIMIT 1   [ RunTime:0.0004s ]

[ 2017-04-20T00:17:59+08:00 ] ::1 /csoaAPI/index.php/Home/Practice/getYear
INFO: [ app_init ] --START--
INFO: Run Behavior\BuildLiteBehavior [ RunTime:0.000014s ]
INFO: [ app_init ] --END-- [ RunTime:0.000504s ]
INFO: [ app_begin ] --START--
INFO: Run Behavior\ReadHtmlCacheBehavior [ RunTime:0.000240s ]
INFO: [ app_begin ] --END-- [ RunTime:0.000271s ]
SQL: SHOW COLUMNS FROM `practice_year` [ RunTime:0.0005s ]
SQL: SELECT * FROM `practice_year` ORDER BY year desc  [ RunTime:0.0003s ]

[ 2017-04-20T00:17:59+08:00 ] ::1 /csoaAPI/index.php/Home/Practice/getJob?year_id=13
INFO: [ app_init ] --START--
INFO: Run Behavior\BuildLiteBehavior [ RunTime:0.000010s ]
INFO: [ app_init ] --END-- [ RunTime:0.000190s ]
INFO: [ app_begin ] --START--
INFO: Run Behavior\ReadHtmlCacheBehavior [ RunTime:0.000365s ]
INFO: [ app_begin ] --END-- [ RunTime:0.000409s ]
SQL: SHOW COLUMNS FROM `job` [ RunTime:0.0008s ]
SQL: SELECT `id`,`company_name`,`job_name`,`need_number`,`apply_number` FROM `job` WHERE `year_id` = 13  [ RunTime:0.0005s ]

[ 2017-04-20T00:18:00+08:00 ] ::1 /csoaAPI/index.php/Home/Practice/getOneJob?id=30
INFO: [ app_init ] --START--
INFO: Run Behavior\BuildLiteBehavior [ RunTime:0.000011s ]
INFO: [ app_init ] --END-- [ RunTime:0.000275s ]
INFO: [ app_begin ] --START--
INFO: Run Behavior\ReadHtmlCacheBehavior [ RunTime:0.000248s ]
INFO: [ app_begin ] --END-- [ RunTime:0.000279s ]
SQL: SHOW COLUMNS FROM `job` [ RunTime:0.0006s ]
SQL: SELECT * FROM `job` WHERE `id` = 30 LIMIT 1   [ RunTime:0.0004s ]

[ 2017-04-20T00:18:57+08:00 ] ::1 /csoaAPI/index.php/Home/Practice/getOneJob?id=29
INFO: [ app_init ] --START--
INFO: Run Behavior\BuildLiteBehavior [ RunTime:0.000014s ]
INFO: [ app_init ] --END-- [ RunTime:0.000319s ]
INFO: [ app_begin ] --START--
INFO: Run Behavior\ReadHtmlCacheBehavior [ RunTime:0.000358s ]
INFO: [ app_begin ] --END-- [ RunTime:0.000403s ]
SQL: SHOW COLUMNS FROM `job` [ RunTime:0.0007s ]
SQL: SELECT * FROM `job` WHERE `id` = 29 LIMIT 1   [ RunTime:0.0004s ]

[ 2017-04-20T00:19:00+08:00 ] ::1 /csoaAPI/index.php/Home/User/getRole
INFO: [ app_init ] --START--
INFO: Run Behavior\BuildLiteBehavior [ RunTime:0.000009s ]
INFO: [ app_init ] --END-- [ RunTime:0.000188s ]
INFO: [ app_begin ] --START--
INFO: Run Behavior\ReadHtmlCacheBehavior [ RunTime:0.000235s ]
INFO: [ app_begin ] --END-- [ RunTime:0.000265s ]
SQL: SHOW COLUMNS FROM `role` [ RunTime:0.0005s ]
SQL: SELECT * FROM `role` WHERE `id` = 2 LIMIT 1   [ RunTime:0.0003s ]

[ 2017-04-20T00:19:00+08:00 ] ::1 /csoaAPI/index.php/Home/Practice/getYear
INFO: [ app_init ] --START--
INFO: Run Behavior\BuildLiteBehavior [ RunTime:0.000010s ]
INFO: [ app_init ] --END-- [ RunTime:0.000208s ]
INFO: [ app_begin ] --START--
INFO: Run Behavior\ReadHtmlCacheBehavior [ RunTime:0.000243s ]
INFO: [ app_begin ] --END-- [ RunTime:0.000277s ]
SQL: SHOW COLUMNS FROM `practice_year` [ RunTime:0.0005s ]
SQL: SELECT * FROM `practice_year` ORDER BY year desc  [ RunTime:0.0003s ]

[ 2017-04-20T00:19:00+08:00 ] ::1 /csoaAPI/index.php/Home/Practice/getJob?year_id=13
INFO: [ app_init ] --START--
INFO: Run Behavior\BuildLiteBehavior [ RunTime:0.000011s ]
INFO: [ app_init ] --END-- [ RunTime:0.000203s ]
INFO: [ app_begin ] --START--
INFO: Run Behavior\ReadHtmlCacheBehavior [ RunTime:0.000247s ]
INFO: [ app_begin ] --END-- [ RunTime:0.000277s ]
SQL: SHOW COLUMNS FROM `job` [ RunTime:0.0009s ]
SQL: SELECT `id`,`company_name`,`job_name`,`need_number`,`apply_number` FROM `job` WHERE `year_id` = 13  [ RunTime:0.0006s ]

[ 2017-04-20T00:19:01+08:00 ] ::1 /csoaAPI/index.php/Home/Practice/getOneJob?id=1
INFO: [ app_init ] --START--
INFO: Run Behavior\BuildLiteBehavior [ RunTime:0.000008s ]
INFO: [ app_init ] --END-- [ RunTime:0.000182s ]
INFO: [ app_begin ] --START--
INFO: Run Behavior\ReadHtmlCacheBehavior [ RunTime:0.000229s ]
INFO: [ app_begin ] --END-- [ RunTime:0.000256s ]
SQL: SHOW COLUMNS FROM `job` [ RunTime:0.0005s ]
SQL: SELECT * FROM `job` WHERE `id` = 1 LIMIT 1   [ RunTime:0.0004s ]

[ 2017-04-20T00:19:04+08:00 ] ::1 /csoaAPI/index.php/Home/Practice/getJob?year_id=13
INFO: [ app_init ] --START--
INFO: Run Behavior\BuildLiteBehavior [ RunTime:0.000008s ]
INFO: [ app_init ] --END-- [ RunTime:0.000177s ]
INFO: [ app_begin ] --START--
INFO: Run Behavior\ReadHtmlCacheBehavior [ RunTime:0.000394s ]
INFO: [ app_begin ] --END-- [ RunTime:0.000566s ]
SQL: SHOW COLUMNS FROM `job` [ RunTime:0.0005s ]
SQL: SELECT `id`,`company_name`,`job_name`,`need_number`,`apply_number` FROM `job` WHERE `year_id` = 13  [ RunTime:0.0003s ]

[ 2017-04-20T00:19:13+08:00 ] ::1 /csoaAPI/index.php/Home/User/getRole
INFO: [ app_init ] --START--
INFO: Run Behavior\BuildLiteBehavior [ RunTime:0.000009s ]
INFO: [ app_init ] --END-- [ RunTime:0.000195s ]
INFO: [ app_begin ] --START--
INFO: Run Behavior\ReadHtmlCacheBehavior [ RunTime:0.000238s ]
INFO: [ app_begin ] --END-- [ RunTime:0.000269s ]
SQL: SHOW COLUMNS FROM `role` [ RunTime:0.0006s ]
SQL: SELECT * FROM `role` WHERE `id` = 2 LIMIT 1   [ RunTime:0.0004s ]

[ 2017-04-20T00:19:13+08:00 ] ::1 /csoaAPI/index.php/Home/Practice/getYear
INFO: [ app_init ] --START--
INFO: Run Behavior\BuildLiteBehavior [ RunTime:0.000009s ]
INFO: [ app_init ] --END-- [ RunTime:0.000178s ]
INFO: [ app_begin ] --START--
INFO: Run Behavior\ReadHtmlCacheBehavior [ RunTime:0.000268s ]
INFO: [ app_begin ] --END-- [ RunTime:0.000334s ]
SQL: SHOW COLUMNS FROM `practice_year` [ RunTime:0.0005s ]
SQL: SELECT * FROM `practice_year` ORDER BY year desc  [ RunTime:0.0003s ]

[ 2017-04-20T00:19:14+08:00 ] ::1 /csoaAPI/index.php/Home/Practice/getJob?year_id=13
INFO: [ app_init ] --START--
INFO: Run Behavior\BuildLiteBehavior [ RunTime:0.000017s ]
INFO: [ app_init ] --END-- [ RunTime:0.000377s ]
INFO: [ app_begin ] --START--
INFO: Run Behavior\ReadHtmlCacheBehavior [ RunTime:0.000434s ]
INFO: [ app_begin ] --END-- [ RunTime:0.000494s ]
SQL: SHOW COLUMNS FROM `job` [ RunTime:0.0005s ]
SQL: SELECT `id`,`company_name`,`job_name`,`need_number`,`apply_number` FROM `job` WHERE `year_id` = 13  [ RunTime:0.0004s ]

[ 2017-04-20T00:19:35+08:00 ] ::1 /csoaAPI/index.php/Home/User/getRole
INFO: [ app_init ] --START--
INFO: Run Behavior\BuildLiteBehavior [ RunTime:0.000013s ]
INFO: [ app_init ] --END-- [ RunTime:0.000463s ]
INFO: [ app_begin ] --START--
INFO: Run Behavior\ReadHtmlCacheBehavior [ RunTime:0.000512s ]
INFO: [ app_begin ] --END-- [ RunTime:0.000558s ]
SQL: SHOW COLUMNS FROM `role` [ RunTime:0.0017s ]
SQL: SELECT * FROM `role` WHERE `id` = 2 LIMIT 1   [ RunTime:0.0006s ]

[ 2017-04-20T00:19:35+08:00 ] ::1 /csoaAPI/index.php/Home/Practice/getYear
INFO: [ app_init ] --START--
INFO: Run Behavior\BuildLiteBehavior [ RunTime:0.000038s ]
INFO: [ app_init ] --END-- [ RunTime:0.000306s ]
INFO: [ app_begin ] --START--
INFO: Run Behavior\ReadHtmlCacheBehavior [ RunTime:0.000362s ]
INFO: [ app_begin ] --END-- [ RunTime:0.000409s ]
SQL: SHOW COLUMNS FROM `practice_year` [ RunTime:0.0007s ]
SQL: SELECT * FROM `practice_year` ORDER BY year desc  [ RunTime:0.0004s ]

[ 2017-04-20T00:19:36+08:00 ] ::1 /csoaAPI/index.php/Home/Practice/getJob?year_id=13
INFO: [ app_init ] --START--
INFO: Run Behavior\BuildLiteBehavior [ RunTime:0.000022s ]
INFO: [ app_init ] --END-- [ RunTime:0.000824s ]
INFO: [ app_begin ] --START--
INFO: Run Behavior\ReadHtmlCacheBehavior [ RunTime:0.000490s ]
INFO: [ app_begin ] --END-- [ RunTime:0.000569s ]
SQL: SHOW COLUMNS FROM `job` [ RunTime:0.0008s ]
SQL: SELECT `id`,`company_name`,`job_name`,`need_number`,`apply_number` FROM `job` WHERE `year_id` = 13  [ RunTime:0.0005s ]

[ 2017-04-20T00:19:38+08:00 ] ::1 /csoaAPI/index.php/Home/Practice/getOneJob?id=1
INFO: [ app_init ] --START--
INFO: Run Behavior\BuildLiteBehavior [ RunTime:0.000075s ]
INFO: [ app_init ] --END-- [ RunTime:0.000283s ]
INFO: [ app_begin ] --START--
INFO: Run Behavior\ReadHtmlCacheBehavior [ RunTime:0.000238s ]
INFO: [ app_begin ] --END-- [ RunTime:0.000273s ]
SQL: SHOW COLUMNS FROM `job` [ RunTime:0.0006s ]
SQL: SELECT * FROM `job` WHERE `id` = 1 LIMIT 1   [ RunTime:0.0004s ]

[ 2017-04-20T00:19:43+08:00 ] ::1 /csoaAPI/index.php/Home/Practice/modifyJob
INFO: [ app_init ] --START--
INFO: Run Behavior\BuildLiteBehavior [ RunTime:0.000009s ]
INFO: [ app_init ] --END-- [ RunTime:0.000196s ]
INFO: [ app_begin ] --START--
INFO: Run Behavior\ReadHtmlCacheBehavior [ RunTime:0.000227s ]
INFO: [ app_begin ] --END-- [ RunTime:0.000260s ]
SQL: SHOW COLUMNS FROM `job` [ RunTime:0.0009s ]
SQL: UPDATE `job` SET `company_name`='深圳a公司',`company_website`='wwww.baidu.com',`job_name`='web前端',`job_duty`='',`need_number`='5',`working_time`='10',`salary`='',`demand`='',`position`='',`contacts`='',`contact_number`='',`recommend_teacher`='2',`other`='' WHERE `id` = 1 [ RunTime:0.0053s ]

[ 2017-04-20T00:19:45+08:00 ] ::1 /csoaAPI/index.php/Home/Practice/getJob?year_id=13
INFO: [ app_init ] --START--
INFO: Run Behavior\BuildLiteBehavior [ RunTime:0.000011s ]
INFO: [ app_init ] --END-- [ RunTime:0.000292s ]
INFO: [ app_begin ] --START--
INFO: Run Behavior\ReadHtmlCacheBehavior [ RunTime:0.000232s ]
INFO: [ app_begin ] --END-- [ RunTime:0.000261s ]
SQL: SHOW COLUMNS FROM `job` [ RunTime:0.0005s ]
SQL: SELECT `id`,`company_name`,`job_name`,`need_number`,`apply_number` FROM `job` WHERE `year_id` = 13  [ RunTime:0.0003s ]

[ 2017-04-20T00:19:46+08:00 ] ::1 /csoaAPI/index.php/Home/Practice/getOneJob?id=29
INFO: [ app_init ] --START--
INFO: Run Behavior\BuildLiteBehavior [ RunTime:0.000008s ]
INFO: [ app_init ] --END-- [ RunTime:0.000177s ]
INFO: [ app_begin ] --START--
INFO: Run Behavior\ReadHtmlCacheBehavior [ RunTime:0.000312s ]
INFO: [ app_begin ] --END-- [ RunTime:0.000356s ]
SQL: SHOW COLUMNS FROM `job` [ RunTime:0.0005s ]
SQL: SELECT * FROM `job` WHERE `id` = 29 LIMIT 1   [ RunTime:0.0003s ]

[ 2017-04-20T00:19:50+08:00 ] ::1 /csoaAPI/index.php/Home/Practice/getJob?year_id=13
INFO: [ app_init ] --START--
INFO: Run Behavior\BuildLiteBehavior [ RunTime:0.000009s ]
INFO: [ app_init ] --END-- [ RunTime:0.000178s ]
INFO: [ app_begin ] --START--
INFO: Run Behavior\ReadHtmlCacheBehavior [ RunTime:0.000226s ]
INFO: [ app_begin ] --END-- [ RunTime:0.000254s ]
SQL: SHOW COLUMNS FROM `job` [ RunTime:0.0005s ]
SQL: SELECT `id`,`company_name`,`job_name`,`need_number`,`apply_number` FROM `job` WHERE `year_id` = 13  [ RunTime:0.0003s ]

[ 2017-04-20T00:22:23+08:00 ] ::1 /csoaAPI/index.php/Home/Practice/getOneJob?id=29
INFO: [ app_init ] --START--
INFO: Run Behavior\BuildLiteBehavior [ RunTime:0.000012s ]
INFO: [ app_init ] --END-- [ RunTime:0.000486s ]
INFO: [ app_begin ] --START--
INFO: Run Behavior\ReadHtmlCacheBehavior [ RunTime:0.000493s ]
INFO: [ app_begin ] --END-- [ RunTime:0.000531s ]
SQL: SHOW COLUMNS FROM `job` [ RunTime:0.0005s ]
SQL: SELECT * FROM `job` WHERE `id` = 29 LIMIT 1   [ RunTime:0.0003s ]

[ 2017-04-20T00:22:26+08:00 ] ::1 /csoaAPI/index.php/Home/Practice/getJob?year_id=13
INFO: [ app_init ] --START--
INFO: Run Behavior\BuildLiteBehavior [ RunTime:0.000010s ]
INFO: [ app_init ] --END-- [ RunTime:0.000190s ]
INFO: [ app_begin ] --START--
INFO: Run Behavior\ReadHtmlCacheBehavior [ RunTime:0.000357s ]
INFO: [ app_begin ] --END-- [ RunTime:0.000466s ]
SQL: SHOW COLUMNS FROM `job` [ RunTime:0.0005s ]
SQL: SELECT `id`,`company_name`,`job_name`,`need_number`,`apply_number` FROM `job` WHERE `year_id` = 13  [ RunTime:0.0004s ]

[ 2017-04-20T00:24:55+08:00 ] ::1 /csoaAPI/index.php/Home/User/getRole
INFO: [ app_init ] --START--
INFO: Run Behavior\BuildLiteBehavior [ RunTime:0.000016s ]
INFO: [ app_init ] --END-- [ RunTime:0.000520s ]
INFO: [ app_begin ] --START--
INFO: Run Behavior\ReadHtmlCacheBehavior [ RunTime:0.000630s ]
INFO: [ app_begin ] --END-- [ RunTime:0.000691s ]
SQL: SHOW COLUMNS FROM `role` [ RunTime:0.0005s ]
SQL: SELECT * FROM `role` WHERE `id` = 2 LIMIT 1   [ RunTime:0.0004s ]

[ 2017-04-20T00:24:55+08:00 ] ::1 /csoaAPI/index.php/Home/Practice/getYear
INFO: [ app_init ] --START--
INFO: Run Behavior\BuildLiteBehavior [ RunTime:0.000015s ]
INFO: [ app_init ] --END-- [ RunTime:0.000406s ]
INFO: [ app_begin ] --START--
INFO: Run Behavior\ReadHtmlCacheBehavior [ RunTime:0.000357s ]
INFO: [ app_begin ] --END-- [ RunTime:0.000407s ]
SQL: SHOW COLUMNS FROM `practice_year` [ RunTime:0.0004s ]
SQL: SELECT * FROM `practice_year` ORDER BY year desc  [ RunTime:0.0003s ]

[ 2017-04-20T00:24:56+08:00 ] ::1 /csoaAPI/index.php/Home/Practice/getJob?year_id=13
INFO: [ app_init ] --START--
INFO: Run Behavior\BuildLiteBehavior [ RunTime:0.000009s ]
INFO: [ app_init ] --END-- [ RunTime:0.000186s ]
INFO: [ app_begin ] --START--
INFO: Run Behavior\ReadHtmlCacheBehavior [ RunTime:0.000225s ]
INFO: [ app_begin ] --END-- [ RunTime:0.000251s ]
SQL: SHOW COLUMNS FROM `job` [ RunTime:0.0005s ]
SQL: SELECT `id`,`company_name`,`job_name`,`need_number`,`apply_number` FROM `job` WHERE `year_id` = 13  [ RunTime:0.0003s ]

[ 2017-04-20T00:24:57+08:00 ] ::1 /csoaAPI/index.php/Home/Practice/getOneJob?id=29
INFO: [ app_init ] --START--
INFO: Run Behavior\BuildLiteBehavior [ RunTime:0.000013s ]
INFO: [ app_init ] --END-- [ RunTime:0.000231s ]
INFO: [ app_begin ] --START--
INFO: Run Behavior\ReadHtmlCacheBehavior [ RunTime:0.000253s ]
INFO: [ app_begin ] --END-- [ RunTime:0.000311s ]
SQL: SHOW COLUMNS FROM `job` [ RunTime:0.0005s ]
SQL: SELECT * FROM `job` WHERE `id` = 29 LIMIT 1   [ RunTime:0.0004s ]

[ 2017-04-20T00:25:01+08:00 ] ::1 /csoaAPI/index.php/Home/Practice/getOneJob?id=1
INFO: [ app_init ] --START--
INFO: Run Behavior\BuildLiteBehavior [ RunTime:0.000008s ]
INFO: [ app_init ] --END-- [ RunTime:0.000202s ]
INFO: [ app_begin ] --START--
INFO: Run Behavior\ReadHtmlCacheBehavior [ RunTime:0.000366s ]
INFO: [ app_begin ] --END-- [ RunTime:0.000411s ]
SQL: SHOW COLUMNS FROM `job` [ RunTime:0.0006s ]
SQL: SELECT * FROM `job` WHERE `id` = 1 LIMIT 1   [ RunTime:0.0003s ]

[ 2017-04-20T00:25:05+08:00 ] ::1 /csoaAPI/index.php/Home/Practice/modifyJob
INFO: [ app_init ] --START--
INFO: Run Behavior\BuildLiteBehavior [ RunTime:0.000009s ]
INFO: [ app_init ] --END-- [ RunTime:0.000214s ]
INFO: [ app_begin ] --START--
INFO: Run Behavior\ReadHtmlCacheBehavior [ RunTime:0.000342s ]
INFO: [ app_begin ] --END-- [ RunTime:0.000383s ]
SQL: SHOW COLUMNS FROM `job` [ RunTime:0.0006s ]
SQL: UPDATE `job` SET `company_name`='深圳a公司',`company_website`='wwww.baidu.com',`job_name`='web前端',`job_duty`='',`need_number`='5',`working_time`='10111',`salary`='',`demand`='',`position`='',`contacts`='',`contact_number`='',`recommend_teacher`='2',`other`='' WHERE `id` = 1 [ RunTime:0.0007s ]

[ 2017-04-20T00:25:08+08:00 ] ::1 /csoaAPI/index.php/Home/Practice/getOneJob?id=29
INFO: [ app_init ] --START--
INFO: Run Behavior\BuildLiteBehavior [ RunTime:0.000008s ]
INFO: [ app_init ] --END-- [ RunTime:0.000177s ]
INFO: [ app_begin ] --START--
INFO: Run Behavior\ReadHtmlCacheBehavior [ RunTime:0.000225s ]
INFO: [ app_begin ] --END-- [ RunTime:0.000252s ]
SQL: SHOW COLUMNS FROM `job` [ RunTime:0.0006s ]
SQL: SELECT * FROM `job` WHERE `id` = 29 LIMIT 1   [ RunTime:0.0004s ]

[ 2017-04-20T00:26:54+08:00 ] ::1 /csoaAPI/index.php/Home/Practice/getOneJob?id=29
INFO: [ app_init ] --START--
INFO: Run Behavior\BuildLiteBehavior [ RunTime:0.000012s ]
INFO: [ app_init ] --END-- [ RunTime:0.000412s ]
INFO: [ app_begin ] --START--
INFO: Run Behavior\ReadHtmlCacheBehavior [ RunTime:0.000477s ]
INFO: [ app_begin ] --END-- [ RunTime:0.000518s ]
SQL: SHOW COLUMNS FROM `job` [ RunTime:0.0005s ]
SQL: SELECT * FROM `job` WHERE `id` = 29 LIMIT 1   [ RunTime:0.0003s ]

[ 2017-04-20T00:26:58+08:00 ] ::1 /csoaAPI/index.php/Home/User/getRole
INFO: [ app_init ] --START--
INFO: Run Behavior\BuildLiteBehavior [ RunTime:0.000009s ]
INFO: [ app_init ] --END-- [ RunTime:0.000186s ]
INFO: [ app_begin ] --START--
INFO: Run Behavior\ReadHtmlCacheBehavior [ RunTime:0.000238s ]
INFO: [ app_begin ] --END-- [ RunTime:0.000295s ]
SQL: SHOW COLUMNS FROM `role` [ RunTime:0.0005s ]
SQL: SELECT * FROM `role` WHERE `id` = 2 LIMIT 1   [ RunTime:0.0003s ]

[ 2017-04-20T00:26:58+08:00 ] ::1 /csoaAPI/index.php/Home/Practice/getYear
INFO: [ app_init ] --START--
INFO: Run Behavior\BuildLiteBehavior [ RunTime:0.000010s ]
INFO: [ app_init ] --END-- [ RunTime:0.000187s ]
INFO: [ app_begin ] --START--
INFO: Run Behavior\ReadHtmlCacheBehavior [ RunTime:0.000301s ]
INFO: [ app_begin ] --END-- [ RunTime:0.000343s ]
SQL: SHOW COLUMNS FROM `practice_year` [ RunTime:0.0005s ]
SQL: SELECT * FROM `practice_year` ORDER BY year desc  [ RunTime:0.0003s ]

[ 2017-04-20T00:26:58+08:00 ] ::1 /csoaAPI/index.php/Home/Practice/getJob?year_id=13
INFO: [ app_init ] --START--
INFO: Run Behavior\BuildLiteBehavior [ RunTime:0.000008s ]
INFO: [ app_init ] --END-- [ RunTime:0.000173s ]
INFO: [ app_begin ] --START--
INFO: Run Behavior\ReadHtmlCacheBehavior [ RunTime:0.000216s ]
INFO: [ app_begin ] --END-- [ RunTime:0.000241s ]
SQL: SHOW COLUMNS FROM `job` [ RunTime:0.0005s ]
SQL: SELECT `id`,`company_name`,`job_name`,`need_number`,`apply_number` FROM `job` WHERE `year_id` = 13  [ RunTime:0.0003s ]

[ 2017-04-20T00:26:59+08:00 ] ::1 /csoaAPI/index.php/Home/Practice/getOneJob?id=1
INFO: [ app_init ] --START--
INFO: Run Behavior\BuildLiteBehavior [ RunTime:0.000009s ]
INFO: [ app_init ] --END-- [ RunTime:0.000241s ]
INFO: [ app_begin ] --START--
INFO: Run Behavior\ReadHtmlCacheBehavior [ RunTime:0.000372s ]
INFO: [ app_begin ] --END-- [ RunTime:0.000439s ]
SQL: SHOW COLUMNS FROM `job` [ RunTime:0.0005s ]
SQL: SELECT * FROM `job` WHERE `id` = 1 LIMIT 1   [ RunTime:0.0004s ]

[ 2017-04-20T00:27:02+08:00 ] ::1 /csoaAPI/index.php/Home/Practice/modifyJob
INFO: [ app_init ] --START--
INFO: Run Behavior\BuildLiteBehavior [ RunTime:0.000009s ]
INFO: [ app_init ] --END-- [ RunTime:0.000182s ]
INFO: [ app_begin ] --START--
INFO: Run Behavior\ReadHtmlCacheBehavior [ RunTime:0.000406s ]
INFO: [ app_begin ] --END-- [ RunTime:0.000452s ]
SQL: SHOW COLUMNS FROM `job` [ RunTime:0.0005s ]
SQL: UPDATE `job` SET `company_name`='深圳a公司',`company_website`='wwww.baidu.com',`job_name`='web前端',`job_duty`='',`need_number`='5',`working_time`='10',`salary`='',`demand`='',`position`='',`contacts`='',`contact_number`='',`recommend_teacher`='2',`other`='' WHERE `id` = 1 [ RunTime:0.0008s ]

[ 2017-04-20T00:27:05+08:00 ] ::1 /csoaAPI/index.php/Home/User/getRole
INFO: [ app_init ] --START--
INFO: Run Behavior\BuildLiteBehavior [ RunTime:0.000009s ]
INFO: [ app_init ] --END-- [ RunTime:0.000189s ]
INFO: [ app_begin ] --START--
INFO: Run Behavior\ReadHtmlCacheBehavior [ RunTime:0.000263s ]
INFO: [ app_begin ] --END-- [ RunTime:0.000293s ]
SQL: SHOW COLUMNS FROM `role` [ RunTime:0.0006s ]
SQL: SELECT * FROM `role` WHERE `id` = 2 LIMIT 1   [ RunTime:0.0004s ]

[ 2017-04-20T00:27:05+08:00 ] ::1 /csoaAPI/index.php/Home/Practice/getYear
INFO: [ app_init ] --START--
INFO: Run Behavior\BuildLiteBehavior [ RunTime:0.000009s ]
INFO: [ app_init ] --END-- [ RunTime:0.000182s ]
INFO: [ app_begin ] --START--
INFO: Run Behavior\ReadHtmlCacheBehavior [ RunTime:0.000230s ]
INFO: [ app_begin ] --END-- [ RunTime:0.000259s ]
SQL: SHOW COLUMNS FROM `practice_year` [ RunTime:0.0005s ]
SQL: SELECT * FROM `practice_year` ORDER BY year desc  [ RunTime:0.0003s ]

[ 2017-04-20T00:27:05+08:00 ] ::1 /csoaAPI/index.php/Home/Practice/getJob?year_id=13
INFO: [ app_init ] --START--
INFO: Run Behavior\BuildLiteBehavior [ RunTime:0.000025s ]
INFO: [ app_init ] --END-- [ RunTime:0.000632s ]
INFO: [ app_begin ] --START--
INFO: Run Behavior\ReadHtmlCacheBehavior [ RunTime:0.000527s ]
INFO: [ app_begin ] --END-- [ RunTime:0.000662s ]
SQL: SHOW COLUMNS FROM `job` [ RunTime:0.0008s ]
SQL: SELECT `id`,`company_name`,`job_name`,`need_number`,`apply_number` FROM `job` WHERE `year_id` = 13  [ RunTime:0.0008s ]

[ 2017-04-20T00:27:06+08:00 ] ::1 /csoaAPI/index.php/Home/Practice/getOneJob?id=1
INFO: [ app_init ] --START--
INFO: Run Behavior\BuildLiteBehavior [ RunTime:0.000019s ]
INFO: [ app_init ] --END-- [ RunTime:0.000350s ]
INFO: [ app_begin ] --START--
INFO: Run Behavior\ReadHtmlCacheBehavior [ RunTime:0.000238s ]
INFO: [ app_begin ] --END-- [ RunTime:0.000270s ]
SQL: SHOW COLUMNS FROM `job` [ RunTime:0.0007s ]
SQL: SELECT * FROM `job` WHERE `id` = 1 LIMIT 1   [ RunTime:0.0004s ]

[ 2017-04-20T00:27:08+08:00 ] ::1 /csoaAPI/index.php/Home/User/getRole
INFO: [ app_init ] --START--
INFO: Run Behavior\BuildLiteBehavior [ RunTime:0.000012s ]
INFO: [ app_init ] --END-- [ RunTime:0.000275s ]
INFO: [ app_begin ] --START--
INFO: Run Behavior\ReadHtmlCacheBehavior [ RunTime:0.000430s ]
INFO: [ app_begin ] --END-- [ RunTime:0.000476s ]
SQL: SHOW COLUMNS FROM `role` [ RunTime:0.0006s ]
SQL: SELECT * FROM `role` WHERE `id` = 2 LIMIT 1   [ RunTime:0.0004s ]

[ 2017-04-20T00:27:08+08:00 ] ::1 /csoaAPI/index.php/Home/Practice/getYear
INFO: [ app_init ] --START--
INFO: Run Behavior\BuildLiteBehavior [ RunTime:0.000010s ]
INFO: [ app_init ] --END-- [ RunTime:0.000208s ]
INFO: [ app_begin ] --START--
INFO: Run Behavior\ReadHtmlCacheBehavior [ RunTime:0.000272s ]
INFO: [ app_begin ] --END-- [ RunTime:0.000307s ]
SQL: SHOW COLUMNS FROM `practice_year` [ RunTime:0.0008s ]
SQL: SELECT * FROM `practice_year` ORDER BY year desc  [ RunTime:0.0004s ]

[ 2017-04-20T00:27:08+08:00 ] ::1 /csoaAPI/index.php/Home/Practice/getJob?year_id=13
INFO: [ app_init ] --START--
INFO: Run Behavior\BuildLiteBehavior [ RunTime:0.000011s ]
INFO: [ app_init ] --END-- [ RunTime:0.000277s ]
INFO: [ app_begin ] --START--
INFO: Run Behavior\ReadHtmlCacheBehavior [ RunTime:0.000549s ]
INFO: [ app_begin ] --END-- [ RunTime:0.000617s ]
SQL: SHOW COLUMNS FROM `job` [ RunTime:0.0008s ]
SQL: SELECT `id`,`company_name`,`job_name`,`need_number`,`apply_number` FROM `job` WHERE `year_id` = 13  [ RunTime:0.0004s ]

[ 2017-04-20T00:27:09+08:00 ] ::1 /csoaAPI/index.php/Home/Practice/getOneJob?id=1
INFO: [ app_init ] --START--
INFO: Run Behavior\BuildLiteBehavior [ RunTime:0.000010s ]
INFO: [ app_init ] --END-- [ RunTime:0.000202s ]
INFO: [ app_begin ] --START--
INFO: Run Behavior\ReadHtmlCacheBehavior [ RunTime:0.000250s ]
INFO: [ app_begin ] --END-- [ RunTime:0.000281s ]
SQL: SHOW COLUMNS FROM `job` [ RunTime:0.0005s ]
SQL: SELECT * FROM `job` WHERE `id` = 1 LIMIT 1   [ RunTime:0.0004s ]

[ 2017-04-20T00:27:11+08:00 ] ::1 /csoaAPI/index.php/Home/User/getRole
INFO: [ app_init ] --START--
INFO: Run Behavior\BuildLiteBehavior [ RunTime:0.000010s ]
INFO: [ app_init ] --END-- [ RunTime:0.000206s ]
INFO: [ app_begin ] --START--
INFO: Run Behavior\ReadHtmlCacheBehavior [ RunTime:0.000249s ]
INFO: [ app_begin ] --END-- [ RunTime:0.000282s ]
SQL: SHOW COLUMNS FROM `role` [ RunTime:0.0005s ]
SQL: SELECT * FROM `role` WHERE `id` = 2 LIMIT 1   [ RunTime:0.0004s ]

[ 2017-04-20T00:27:11+08:00 ] ::1 /csoaAPI/index.php/Home/Practice/getYear
INFO: [ app_init ] --START--
INFO: Run Behavior\BuildLiteBehavior [ RunTime:0.000015s ]
INFO: [ app_init ] --END-- [ RunTime:0.000309s ]
INFO: [ app_begin ] --START--
INFO: Run Behavior\ReadHtmlCacheBehavior [ RunTime:0.000400s ]
INFO: [ app_begin ] --END-- [ RunTime:0.000508s ]
SQL: SHOW COLUMNS FROM `practice_year` [ RunTime:0.0006s ]
SQL: SELECT * FROM `practice_year` ORDER BY year desc  [ RunTime:0.0004s ]

[ 2017-04-20T00:27:12+08:00 ] ::1 /csoaAPI/index.php/Home/Practice/getJob?year_id=13
INFO: [ app_init ] --START--
INFO: Run Behavior\BuildLiteBehavior [ RunTime:0.000018s ]
INFO: [ app_init ] --END-- [ RunTime:0.000617s ]
INFO: [ app_begin ] --START--
INFO: Run Behavior\ReadHtmlCacheBehavior [ RunTime:0.000258s ]
INFO: [ app_begin ] --END-- [ RunTime:0.000293s ]
SQL: SHOW COLUMNS FROM `job` [ RunTime:0.0004s ]
SQL: SELECT `id`,`company_name`,`job_name`,`need_number`,`apply_number` FROM `job` WHERE `year_id` = 13  [ RunTime:0.0005s ]

[ 2017-04-20T00:29:14+08:00 ] ::1 /csoaAPI/index.php/Home/User/getRole
INFO: [ app_init ] --START--
INFO: Run Behavior\BuildLiteBehavior [ RunTime:0.000012s ]
INFO: [ app_init ] --END-- [ RunTime:0.000449s ]
INFO: [ app_begin ] --START--
INFO: Run Behavior\ReadHtmlCacheBehavior [ RunTime:0.000550s ]
INFO: [ app_begin ] --END-- [ RunTime:0.000598s ]
SQL: SHOW COLUMNS FROM `role` [ RunTime:0.0007s ]
SQL: SELECT * FROM `role` WHERE `id` = 2 LIMIT 1   [ RunTime:0.0003s ]

[ 2017-04-20T00:29:14+08:00 ] ::1 /csoaAPI/index.php/Home/Practice/getYear
INFO: [ app_init ] --START--
INFO: Run Behavior\BuildLiteBehavior [ RunTime:0.000009s ]
INFO: [ app_init ] --END-- [ RunTime:0.000202s ]
INFO: [ app_begin ] --START--
INFO: Run Behavior\ReadHtmlCacheBehavior [ RunTime:0.000241s ]
INFO: [ app_begin ] --END-- [ RunTime:0.000271s ]
SQL: SHOW COLUMNS FROM `practice_year` [ RunTime:0.0004s ]
SQL: SELECT * FROM `practice_year` ORDER BY year desc  [ RunTime:0.0003s ]

[ 2017-04-20T00:29:14+08:00 ] ::1 /csoaAPI/index.php/Home/Practice/getJob?year_id=13
INFO: [ app_init ] --START--
INFO: Run Behavior\BuildLiteBehavior [ RunTime:0.000015s ]
INFO: [ app_init ] --END-- [ RunTime:0.000398s ]
INFO: [ app_begin ] --START--
INFO: Run Behavior\ReadHtmlCacheBehavior [ RunTime:0.000447s ]
INFO: [ app_begin ] --END-- [ RunTime:0.000503s ]
SQL: SHOW COLUMNS FROM `job` [ RunTime:0.0005s ]
SQL: SELECT `id`,`company_name`,`job_name`,`need_number`,`apply_number` FROM `job` WHERE `year_id` = 13  [ RunTime:0.0003s ]

[ 2017-04-20T00:29:15+08:00 ] ::1 /csoaAPI/index.php/Home/Practice/getOneJob?id=1
INFO: [ app_init ] --START--
INFO: Run Behavior\BuildLiteBehavior [ RunTime:0.000013s ]
INFO: [ app_init ] --END-- [ RunTime:0.000211s ]
INFO: [ app_begin ] --START--
INFO: Run Behavior\ReadHtmlCacheBehavior [ RunTime:0.000322s ]
INFO: [ app_begin ] --END-- [ RunTime:0.000367s ]
SQL: SHOW COLUMNS FROM `job` [ RunTime:0.0007s ]
SQL: SELECT * FROM `job` WHERE `id` = 1 LIMIT 1   [ RunTime:0.0006s ]

[ 2017-04-20T00:32:10+08:00 ] ::1 /csoaAPI/index.php/Home/Practice/getOneJob?id=1
INFO: [ app_init ] --START--
INFO: Run Behavior\BuildLiteBehavior [ RunTime:0.000013s ]
INFO: [ app_init ] --END-- [ RunTime:0.000577s ]
INFO: [ app_begin ] --START--
INFO: Run Behavior\ReadHtmlCacheBehavior [ RunTime:0.000642s ]
INFO: [ app_begin ] --END-- [ RunTime:0.000729s ]
SQL: SHOW COLUMNS FROM `job` [ RunTime:0.0013s ]
SQL: SELECT * FROM `job` WHERE `id` = 1 LIMIT 1   [ RunTime:0.0007s ]

[ 2017-04-20T00:32:57+08:00 ] ::1 /csoaAPI/index.php/Home/Practice/getOneJob?id=1
INFO: [ app_init ] --START--
INFO: Run Behavior\BuildLiteBehavior [ RunTime:0.000012s ]
INFO: [ app_init ] --END-- [ RunTime:0.000619s ]
INFO: [ app_begin ] --START--
INFO: Run Behavior\ReadHtmlCacheBehavior [ RunTime:0.000992s ]
INFO: [ app_begin ] --END-- [ RunTime:0.001076s ]
SQL: SHOW COLUMNS FROM `job` [ RunTime:0.0017s ]
SQL: SELECT * FROM `job` WHERE `id` = 1 LIMIT 1   [ RunTime:0.0005s ]

[ 2017-04-20T00:32:59+08:00 ] ::1 /csoaAPI/index.php/Home/Practice/getOneJob?id=1
INFO: [ app_init ] --START--
INFO: Run Behavior\BuildLiteBehavior [ RunTime:0.000013s ]
INFO: [ app_init ] --END-- [ RunTime:0.000343s ]
INFO: [ app_begin ] --START--
INFO: Run Behavior\ReadHtmlCacheBehavior [ RunTime:0.000495s ]
INFO: [ app_begin ] --END-- [ RunTime:0.000576s ]
SQL: SHOW COLUMNS FROM `job` [ RunTime:0.0009s ]
SQL: SELECT * FROM `job` WHERE `id` = 1 LIMIT 1   [ RunTime:0.0004s ]

[ 2017-04-20T00:33:44+08:00 ] ::1 /csoaAPI/index.php/Home/User/getRole
INFO: [ app_init ] --START--
INFO: Run Behavior\BuildLiteBehavior [ RunTime:0.000008s ]
INFO: [ app_init ] --END-- [ RunTime:0.000191s ]
INFO: [ app_begin ] --START--
INFO: Run Behavior\ReadHtmlCacheBehavior [ RunTime:0.000236s ]
INFO: [ app_begin ] --END-- [ RunTime:0.000267s ]
SQL: SHOW COLUMNS FROM `role` [ RunTime:0.0006s ]
SQL: SELECT * FROM `role` WHERE `id` = 2 LIMIT 1   [ RunTime:0.0004s ]

[ 2017-04-20T00:33:44+08:00 ] ::1 /csoaAPI/index.php/Home/Practice/getYear
INFO: [ app_init ] --START--
INFO: Run Behavior\BuildLiteBehavior [ RunTime:0.000012s ]
INFO: [ app_init ] --END-- [ RunTime:0.000329s ]
INFO: [ app_begin ] --START--
INFO: Run Behavior\ReadHtmlCacheBehavior [ RunTime:0.000255s ]
INFO: [ app_begin ] --END-- [ RunTime:0.000288s ]
SQL: SHOW COLUMNS FROM `practice_year` [ RunTime:0.0007s ]
SQL: SELECT * FROM `practice_year` ORDER BY year desc  [ RunTime:0.0006s ]

[ 2017-04-20T00:33:44+08:00 ] ::1 /csoaAPI/index.php/Home/Practice/getJob?year_id=13
INFO: [ app_init ] --START--
INFO: Run Behavior\BuildLiteBehavior [ RunTime:0.000011s ]
INFO: [ app_init ] --END-- [ RunTime:0.000261s ]
INFO: [ app_begin ] --START--
INFO: Run Behavior\ReadHtmlCacheBehavior [ RunTime:0.000261s ]
INFO: [ app_begin ] --END-- [ RunTime:0.000293s ]
SQL: SHOW COLUMNS FROM `job` [ RunTime:0.0012s ]
SQL: SELECT `id`,`company_name`,`job_name`,`need_number`,`apply_number` FROM `job` WHERE `year_id` = 13  [ RunTime:0.0011s ]

[ 2017-04-20T00:33:45+08:00 ] ::1 /csoaAPI/index.php/Home/Practice/getOneJob?id=31
INFO: [ app_init ] --START--
INFO: Run Behavior\BuildLiteBehavior [ RunTime:0.000012s ]
INFO: [ app_init ] --END-- [ RunTime:0.000276s ]
INFO: [ app_begin ] --START--
INFO: Run Behavior\ReadHtmlCacheBehavior [ RunTime:0.000451s ]
INFO: [ app_begin ] --END-- [ RunTime:0.000517s ]
SQL: SHOW COLUMNS FROM `job` [ RunTime:0.0011s ]
SQL: SELECT * FROM `job` WHERE `id` = 31 LIMIT 1   [ RunTime:0.0011s ]

[ 2017-04-20T00:33:46+08:00 ] ::1 /csoaAPI/index.php/Home/User/getRole
INFO: [ app_init ] --START--
INFO: Run Behavior\BuildLiteBehavior [ RunTime:0.000009s ]
INFO: [ app_init ] --END-- [ RunTime:0.000183s ]
INFO: [ app_begin ] --START--
INFO: Run Behavior\ReadHtmlCacheBehavior [ RunTime:0.000272s ]
INFO: [ app_begin ] --END-- [ RunTime:0.000305s ]
SQL: SHOW COLUMNS FROM `role` [ RunTime:0.0006s ]
SQL: SELECT * FROM `role` WHERE `id` = 2 LIMIT 1   [ RunTime:0.0003s ]

[ 2017-04-20T00:33:46+08:00 ] ::1 /csoaAPI/index.php/Home/Practice/getYear
INFO: [ app_init ] --START--
INFO: Run Behavior\BuildLiteBehavior [ RunTime:0.000011s ]
INFO: [ app_init ] --END-- [ RunTime:0.000232s ]
INFO: [ app_begin ] --START--
INFO: Run Behavior\ReadHtmlCacheBehavior [ RunTime:0.000250s ]
INFO: [ app_begin ] --END-- [ RunTime:0.000282s ]
SQL: SHOW COLUMNS FROM `practice_year` [ RunTime:0.0005s ]
SQL: SELECT * FROM `practice_year` ORDER BY year desc  [ RunTime:0.0005s ]

[ 2017-04-20T00:33:47+08:00 ] ::1 /csoaAPI/index.php/Home/Practice/getJob?year_id=13
INFO: [ app_init ] --START--
INFO: Run Behavior\BuildLiteBehavior [ RunTime:0.000013s ]
INFO: [ app_init ] --END-- [ RunTime:0.000341s ]
INFO: [ app_begin ] --START--
INFO: Run Behavior\ReadHtmlCacheBehavior [ RunTime:0.000379s ]
INFO: [ app_begin ] --END-- [ RunTime:0.000425s ]
SQL: SHOW COLUMNS FROM `job` [ RunTime:0.0008s ]
SQL: SELECT `id`,`company_name`,`job_name`,`need_number`,`apply_number` FROM `job` WHERE `year_id` = 13  [ RunTime:0.0005s ]

[ 2017-04-20T00:33:48+08:00 ] ::1 /csoaAPI/index.php/Home/Practice/getOneJob?id=30
INFO: [ app_init ] --START--
INFO: Run Behavior\BuildLiteBehavior [ RunTime:0.000013s ]
INFO: [ app_init ] --END-- [ RunTime:0.000307s ]
INFO: [ app_begin ] --START--
INFO: Run Behavior\ReadHtmlCacheBehavior [ RunTime:0.000294s ]
INFO: [ app_begin ] --END-- [ RunTime:0.000328s ]
SQL: SHOW COLUMNS FROM `job` [ RunTime:0.0010s ]
SQL: SELECT * FROM `job` WHERE `id` = 30 LIMIT 1   [ RunTime:0.0005s ]

[ 2017-04-20T00:33:49+08:00 ] ::1 /csoaAPI/index.php/Home/User/getRole
INFO: [ app_init ] --START--
INFO: Run Behavior\BuildLiteBehavior [ RunTime:0.000008s ]
INFO: [ app_init ] --END-- [ RunTime:0.000180s ]
INFO: [ app_begin ] --START--
INFO: Run Behavior\ReadHtmlCacheBehavior [ RunTime:0.000256s ]
INFO: [ app_begin ] --END-- [ RunTime:0.000290s ]
SQL: SHOW COLUMNS FROM `role` [ RunTime:0.0012s ]
SQL: SELECT * FROM `role` WHERE `id` = 2 LIMIT 1   [ RunTime:0.0004s ]

[ 2017-04-20T00:33:49+08:00 ] ::1 /csoaAPI/index.php/Home/Practice/getYear
INFO: [ app_init ] --START--
INFO: Run Behavior\BuildLiteBehavior [ RunTime:0.000008s ]
INFO: [ app_init ] --END-- [ RunTime:0.000187s ]
INFO: [ app_begin ] --START--
INFO: Run Behavior\ReadHtmlCacheBehavior [ RunTime:0.000253s ]
INFO: [ app_begin ] --END-- [ RunTime:0.000305s ]
SQL: SHOW COLUMNS FROM `practice_year` [ RunTime:0.0006s ]
SQL: SELECT * FROM `practice_year` ORDER BY year desc  [ RunTime:0.0003s ]

[ 2017-04-20T00:33:49+08:00 ] ::1 /csoaAPI/index.php/Home/Practice/getJob?year_id=13
INFO: [ app_init ] --START--
INFO: Run Behavior\BuildLiteBehavior [ RunTime:0.000008s ]
INFO: [ app_init ] --END-- [ RunTime:0.000189s ]
INFO: [ app_begin ] --START--
INFO: Run Behavior\ReadHtmlCacheBehavior [ RunTime:0.000227s ]
INFO: [ app_begin ] --END-- [ RunTime:0.000254s ]
SQL: SHOW COLUMNS FROM `job` [ RunTime:0.0021s ]
SQL: SELECT `id`,`company_name`,`job_name`,`need_number`,`apply_number` FROM `job` WHERE `year_id` = 13  [ RunTime:0.0006s ]

[ 2017-04-20T00:33:53+08:00 ] ::1 /csoaAPI/index.php/Home/Practice/getOneJob?id=1
INFO: [ app_init ] --START--
INFO: Run Behavior\BuildLiteBehavior [ RunTime:0.000014s ]
INFO: [ app_init ] --END-- [ RunTime:0.000312s ]
INFO: [ app_begin ] --START--
INFO: Run Behavior\ReadHtmlCacheBehavior [ RunTime:0.000377s ]
INFO: [ app_begin ] --END-- [ RunTime:0.000420s ]
SQL: SHOW COLUMNS FROM `job` [ RunTime:0.0006s ]
SQL: SELECT * FROM `job` WHERE `id` = 1 LIMIT 1   [ RunTime:0.0007s ]

[ 2017-04-20T00:34:02+08:00 ] ::1 /csoaAPI/index.php/Home/Practice/modifyJob
INFO: [ app_init ] --START--
INFO: Run Behavior\BuildLiteBehavior [ RunTime:0.000014s ]
INFO: [ app_init ] --END-- [ RunTime:0.000467s ]
INFO: [ app_begin ] --START--
INFO: Run Behavior\ReadHtmlCacheBehavior [ RunTime:0.000371s ]
INFO: [ app_begin ] --END-- [ RunTime:0.000429s ]
SQL: SHOW COLUMNS FROM `job` [ RunTime:0.0006s ]
SQL: UPDATE `job` SET `company_name`='深圳a公司',`company_website`='wwww.baidu.com',`job_name`='web前端',`job_duty`='',`need_number`='5',`working_time`='100',`salary`='',`demand`='',`position`='',`contacts`='',`contact_number`='',`recommend_teacher`='2',`other`='' WHERE `id` = 1 [ RunTime:0.0021s ]

[ 2017-04-20T00:34:03+08:00 ] ::1 /csoaAPI/index.php/Home/User/getRole
INFO: [ app_init ] --START--
INFO: Run Behavior\BuildLiteBehavior [ RunTime:0.000013s ]
INFO: [ app_init ] --END-- [ RunTime:0.000296s ]
INFO: [ app_begin ] --START--
INFO: Run Behavior\ReadHtmlCacheBehavior [ RunTime:0.000426s ]
INFO: [ app_begin ] --END-- [ RunTime:0.002419s ]
SQL: SHOW COLUMNS FROM `role` [ RunTime:0.0006s ]
SQL: SELECT * FROM `role` WHERE `id` = 2 LIMIT 1   [ RunTime:0.0004s ]

[ 2017-04-20T00:34:03+08:00 ] ::1 /csoaAPI/index.php/Home/Practice/getYear
INFO: [ app_init ] --START--
INFO: Run Behavior\BuildLiteBehavior [ RunTime:0.000013s ]
INFO: [ app_init ] --END-- [ RunTime:0.000280s ]
INFO: [ app_begin ] --START--
INFO: Run Behavior\ReadHtmlCacheBehavior [ RunTime:0.000485s ]
INFO: [ app_begin ] --END-- [ RunTime:0.000709s ]
SQL: SHOW COLUMNS FROM `practice_year` [ RunTime:0.0005s ]
SQL: SELECT * FROM `practice_year` ORDER BY year desc  [ RunTime:0.0003s ]

[ 2017-04-20T00:34:04+08:00 ] ::1 /csoaAPI/index.php/Home/Practice/getJob?year_id=13
INFO: [ app_init ] --START--
INFO: Run Behavior\BuildLiteBehavior [ RunTime:0.000010s ]
INFO: [ app_init ] --END-- [ RunTime:0.000213s ]
INFO: [ app_begin ] --START--
INFO: Run Behavior\ReadHtmlCacheBehavior [ RunTime:0.000243s ]
INFO: [ app_begin ] --END-- [ RunTime:0.000272s ]
SQL: SHOW COLUMNS FROM `job` [ RunTime:0.0006s ]
SQL: SELECT `id`,`company_name`,`job_name`,`need_number`,`apply_number` FROM `job` WHERE `year_id` = 13  [ RunTime:0.0003s ]

[ 2017-04-20T00:34:09+08:00 ] ::1 /csoaAPI/index.php/Home/Practice/getOneJob?id=29
INFO: [ app_init ] --START--
INFO: Run Behavior\BuildLiteBehavior [ RunTime:0.000010s ]
INFO: [ app_init ] --END-- [ RunTime:0.000237s ]
INFO: [ app_begin ] --START--
INFO: Run Behavior\ReadHtmlCacheBehavior [ RunTime:0.000512s ]
INFO: [ app_begin ] --END-- [ RunTime:0.000594s ]
SQL: SHOW COLUMNS FROM `job` [ RunTime:0.0006s ]
SQL: SELECT * FROM `job` WHERE `id` = 29 LIMIT 1   [ RunTime:0.0004s ]

[ 2017-04-20T00:34:10+08:00 ] ::1 /csoaAPI/index.php/Home/User/getRole
INFO: [ app_init ] --START--
INFO: Run Behavior\BuildLiteBehavior [ RunTime:0.000010s ]
INFO: [ app_init ] --END-- [ RunTime:0.000193s ]
INFO: [ app_begin ] --START--
INFO: Run Behavior\ReadHtmlCacheBehavior [ RunTime:0.000238s ]
INFO: [ app_begin ] --END-- [ RunTime:0.000270s ]
SQL: SHOW COLUMNS FROM `role` [ RunTime:0.0006s ]
SQL: SELECT * FROM `role` WHERE `id` = 2 LIMIT 1   [ RunTime:0.0004s ]

[ 2017-04-20T00:34:10+08:00 ] ::1 /csoaAPI/index.php/Home/Practice/getYear
INFO: [ app_init ] --START--
INFO: Run Behavior\BuildLiteBehavior [ RunTime:0.000009s ]
INFO: [ app_init ] --END-- [ RunTime:0.000201s ]
INFO: [ app_begin ] --START--
INFO: Run Behavior\ReadHtmlCacheBehavior [ RunTime:0.000237s ]
INFO: [ app_begin ] --END-- [ RunTime:0.000265s ]
SQL: SHOW COLUMNS FROM `practice_year` [ RunTime:0.0005s ]
SQL: SELECT * FROM `practice_year` ORDER BY year desc  [ RunTime:0.0003s ]

[ 2017-04-20T00:34:10+08:00 ] ::1 /csoaAPI/index.php/Home/Practice/getJob?year_id=13
INFO: [ app_init ] --START--
INFO: Run Behavior\BuildLiteBehavior [ RunTime:0.000008s ]
INFO: [ app_init ] --END-- [ RunTime:0.000181s ]
INFO: [ app_begin ] --START--
INFO: Run Behavior\ReadHtmlCacheBehavior [ RunTime:0.000224s ]
INFO: [ app_begin ] --END-- [ RunTime:0.000250s ]
SQL: SHOW COLUMNS FROM `job` [ RunTime:0.0007s ]
SQL: SELECT `id`,`company_name`,`job_name`,`need_number`,`apply_number` FROM `job` WHERE `year_id` = 13  [ RunTime:0.0004s ]

[ 2017-04-20T00:34:12+08:00 ] ::1 /csoaAPI/index.php/Home/Practice/getOneJob?id=29
INFO: [ app_init ] --START--
INFO: Run Behavior\BuildLiteBehavior [ RunTime:0.000023s ]
INFO: [ app_init ] --END-- [ RunTime:0.000244s ]
INFO: [ app_begin ] --START--
INFO: Run Behavior\ReadHtmlCacheBehavior [ RunTime:0.000423s ]
INFO: [ app_begin ] --END-- [ RunTime:0.000466s ]
SQL: SHOW COLUMNS FROM `job` [ RunTime:0.0005s ]
SQL: SELECT * FROM `job` WHERE `id` = 29 LIMIT 1   [ RunTime:0.0004s ]

[ 2017-04-20T00:34:32+08:00 ] ::1 /csoaAPI/index.php/Home/User/getRole
INFO: [ app_init ] --START--
INFO: Run Behavior\BuildLiteBehavior [ RunTime:0.000015s ]
INFO: [ app_init ] --END-- [ RunTime:0.000357s ]
INFO: [ app_begin ] --START--
INFO: Run Behavior\ReadHtmlCacheBehavior [ RunTime:0.000245s ]
INFO: [ app_begin ] --END-- [ RunTime:0.000279s ]
SQL: SHOW COLUMNS FROM `role` [ RunTime:0.0006s ]
SQL: SELECT * FROM `role` WHERE `id` = 2 LIMIT 1   [ RunTime:0.0003s ]

[ 2017-04-20T00:34:32+08:00 ] ::1 /csoaAPI/index.php/Home/Practice/getYear
INFO: [ app_init ] --START--
INFO: Run Behavior\BuildLiteBehavior [ RunTime:0.000012s ]
INFO: [ app_init ] --END-- [ RunTime:0.000222s ]
INFO: [ app_begin ] --START--
INFO: Run Behavior\ReadHtmlCacheBehavior [ RunTime:0.000261s ]
INFO: [ app_begin ] --END-- [ RunTime:0.000320s ]
SQL: SHOW COLUMNS FROM `practice_year` [ RunTime:0.0005s ]
SQL: SELECT * FROM `practice_year` ORDER BY year desc  [ RunTime:0.0003s ]

[ 2017-04-20T00:34:32+08:00 ] ::1 /csoaAPI/index.php/Home/Practice/getJob?year_id=13
INFO: [ app_init ] --START--
INFO: Run Behavior\BuildLiteBehavior [ RunTime:0.000015s ]
INFO: [ app_init ] --END-- [ RunTime:0.000307s ]
INFO: [ app_begin ] --START--
INFO: Run Behavior\ReadHtmlCacheBehavior [ RunTime:0.000240s ]
INFO: [ app_begin ] --END-- [ RunTime:0.000271s ]
SQL: SHOW COLUMNS FROM `job` [ RunTime:0.0008s ]
SQL: SELECT `id`,`company_name`,`job_name`,`need_number`,`apply_number` FROM `job` WHERE `year_id` = 13  [ RunTime:0.0005s ]

[ 2017-04-20T00:37:09+08:00 ] ::1 /csoaAPI/index.php/Home/Practice/getOneJob?id=1
INFO: [ app_init ] --START--
INFO: Run Behavior\BuildLiteBehavior [ RunTime:0.000011s ]
INFO: [ app_init ] --END-- [ RunTime:0.000526s ]
INFO: [ app_begin ] --START--
INFO: Run Behavior\ReadHtmlCacheBehavior [ RunTime:0.000649s ]
INFO: [ app_begin ] --END-- [ RunTime:0.000714s ]
SQL: SHOW COLUMNS FROM `job` [ RunTime:0.0006s ]
SQL: SELECT * FROM `job` WHERE `id` = 1 LIMIT 1   [ RunTime:0.0004s ]

[ 2017-04-20T00:37:11+08:00 ] ::1 /csoaAPI/index.php/Home/User/getRole
INFO: [ app_init ] --START--
INFO: Run Behavior\BuildLiteBehavior [ RunTime:0.000010s ]
INFO: [ app_init ] --END-- [ RunTime:0.000203s ]
INFO: [ app_begin ] --START--
INFO: Run Behavior\ReadHtmlCacheBehavior [ RunTime:0.000246s ]
INFO: [ app_begin ] --END-- [ RunTime:0.000277s ]
SQL: SHOW COLUMNS FROM `role` [ RunTime:0.0006s ]
SQL: SELECT * FROM `role` WHERE `id` = 2 LIMIT 1   [ RunTime:0.0007s ]

[ 2017-04-20T00:37:11+08:00 ] ::1 /csoaAPI/index.php/Home/Practice/getYear
INFO: [ app_init ] --START--
INFO: Run Behavior\BuildLiteBehavior [ RunTime:0.000010s ]
INFO: [ app_init ] --END-- [ RunTime:0.000204s ]
INFO: [ app_begin ] --START--
INFO: Run Behavior\ReadHtmlCacheBehavior [ RunTime:0.000411s ]
INFO: [ app_begin ] --END-- [ RunTime:0.000451s ]
SQL: SHOW COLUMNS FROM `practice_year` [ RunTime:0.0010s ]
SQL: SELECT * FROM `practice_year` ORDER BY year desc  [ RunTime:0.0004s ]

[ 2017-04-20T00:37:11+08:00 ] ::1 /csoaAPI/index.php/Home/Practice/getJob?year_id=13
INFO: [ app_init ] --START--
INFO: Run Behavior\BuildLiteBehavior [ RunTime:0.000019s ]
INFO: [ app_init ] --END-- [ RunTime:0.002159s ]
INFO: [ app_begin ] --START--
INFO: Run Behavior\ReadHtmlCacheBehavior [ RunTime:0.000468s ]
INFO: [ app_begin ] --END-- [ RunTime:0.000525s ]
SQL: SHOW COLUMNS FROM `job` [ RunTime:0.0007s ]
SQL: SELECT `id`,`company_name`,`job_name`,`need_number`,`apply_number` FROM `job` WHERE `year_id` = 13  [ RunTime:0.0018s ]

[ 2017-04-20T00:42:08+08:00 ] ::1 /csoaAPI/index.php/Home/Practice/getOneJob?id=1
INFO: [ app_init ] --START--
INFO: Run Behavior\BuildLiteBehavior [ RunTime:0.000011s ]
INFO: [ app_init ] --END-- [ RunTime:0.000342s ]
INFO: [ app_begin ] --START--
INFO: Run Behavior\ReadHtmlCacheBehavior [ RunTime:0.000480s ]
INFO: [ app_begin ] --END-- [ RunTime:0.000557s ]
SQL: SHOW COLUMNS FROM `job` [ RunTime:0.0006s ]
SQL: SELECT * FROM `job` WHERE `id` = 1 LIMIT 1   [ RunTime:0.0004s ]

[ 2017-04-20T00:42:09+08:00 ] ::1 /csoaAPI/index.php/Home/User/getRole
INFO: [ app_init ] --START--
INFO: Run Behavior\BuildLiteBehavior [ RunTime:0.000009s ]
INFO: [ app_init ] --END-- [ RunTime:0.000179s ]
INFO: [ app_begin ] --START--
INFO: Run Behavior\ReadHtmlCacheBehavior [ RunTime:0.000239s ]
INFO: [ app_begin ] --END-- [ RunTime:0.000269s ]
SQL: SHOW COLUMNS FROM `role` [ RunTime:0.0006s ]
SQL: SELECT * FROM `role` WHERE `id` = 2 LIMIT 1   [ RunTime:0.0004s ]

[ 2017-04-20T00:42:10+08:00 ] ::1 /csoaAPI/index.php/Home/Practice/getYear
INFO: [ app_init ] --START--
INFO: Run Behavior\BuildLiteBehavior [ RunTime:0.000010s ]
INFO: [ app_init ] --END-- [ RunTime:0.000190s ]
INFO: [ app_begin ] --START--
INFO: Run Behavior\ReadHtmlCacheBehavior [ RunTime:0.000236s ]
INFO: [ app_begin ] --END-- [ RunTime:0.000266s ]
SQL: SHOW COLUMNS FROM `practice_year` [ RunTime:0.0005s ]
SQL: SELECT * FROM `practice_year` ORDER BY year desc  [ RunTime:0.0003s ]

[ 2017-04-20T00:42:10+08:00 ] ::1 /csoaAPI/index.php/Home/Practice/getJob?year_id=13
INFO: [ app_init ] --START--
INFO: Run Behavior\BuildLiteBehavior [ RunTime:0.000015s ]
INFO: [ app_init ] --END-- [ RunTime:0.000323s ]
INFO: [ app_begin ] --START--
INFO: Run Behavior\ReadHtmlCacheBehavior [ RunTime:0.000243s ]
INFO: [ app_begin ] --END-- [ RunTime:0.000273s ]
SQL: SHOW COLUMNS FROM `job` [ RunTime:0.0005s ]
SQL: SELECT `id`,`company_name`,`job_name`,`need_number`,`apply_number` FROM `job` WHERE `year_id` = 13  [ RunTime:0.0006s ]

[ 2017-04-20T00:42:12+08:00 ] ::1 /csoaAPI/index.php/Home/Practice/getYear
INFO: [ app_init ] --START--
INFO: Run Behavior\BuildLiteBehavior [ RunTime:0.000013s ]
INFO: [ app_init ] --END-- [ RunTime:0.000219s ]
INFO: [ app_begin ] --START--
INFO: Run Behavior\ReadHtmlCacheBehavior [ RunTime:0.000401s ]
INFO: [ app_begin ] --END-- [ RunTime:0.000453s ]
SQL: SHOW COLUMNS FROM `practice_year` [ RunTime:0.0005s ]
SQL: SELECT * FROM `practice_year` ORDER BY year desc  [ RunTime:0.0003s ]

[ 2017-04-20T00:42:12+08:00 ] ::1 /csoaAPI/index.php/Home/Practice/getPracticeStudent?year_id=13
INFO: [ app_init ] --START--
INFO: Run Behavior\BuildLiteBehavior [ RunTime:0.000008s ]
INFO: [ app_init ] --END-- [ RunTime:0.000172s ]
INFO: [ app_begin ] --START--
INFO: Run Behavior\ReadHtmlCacheBehavior [ RunTime:0.000259s ]
INFO: [ app_begin ] --END-- [ RunTime:0.000294s ]
SQL: SHOW COLUMNS FROM `practice_student` [ RunTime:0.0005s ]
SQL: SHOW COLUMNS FROM `job` [ RunTime:0.0004s ]
SQL: SHOW COLUMNS FROM `teacher` [ RunTime:0.0005s ]
SQL: SHOW COLUMNS FROM `student` [ RunTime:0.0005s ]
SQL: SELECT practice_student.id,`job_id`,`teacher_id`,`year_id`,`student_id`,`grade`,`name`,`major`,`class`,`card_number` FROM `practice_student` INNER JOIN student ON practice_student.student_id = student.id  WHERE ( practice_student.year_id = 13 ) ORDER BY card_number  [ RunTime:0.0007s ]

[ 2017-04-20T00:42:18+08:00 ] ::1 /csoaAPI/index.php/Home/Practice/getYear
INFO: [ app_init ] --START--
INFO: Run Behavior\BuildLiteBehavior [ RunTime:0.000014s ]
INFO: [ app_init ] --END-- [ RunTime:0.000346s ]
INFO: [ app_begin ] --START--
INFO: Run Behavior\ReadHtmlCacheBehavior [ RunTime:0.000405s ]
INFO: [ app_begin ] --END-- [ RunTime:0.000451s ]
SQL: SHOW COLUMNS FROM `practice_year` [ RunTime:0.0006s ]
SQL: SELECT * FROM `practice_year` ORDER BY year desc  [ RunTime:0.0003s ]

[ 2017-04-20T00:42:18+08:00 ] ::1 /csoaAPI/index.php/Home/Practice/getJob?year_id=13
INFO: [ app_init ] --START--
INFO: Run Behavior\BuildLiteBehavior [ RunTime:0.000047s ]
INFO: [ app_init ] --END-- [ RunTime:0.000703s ]
INFO: [ app_begin ] --START--
INFO: Run Behavior\ReadHtmlCacheBehavior [ RunTime:0.001293s ]
INFO: [ app_begin ] --END-- [ RunTime:0.001369s ]
SQL: SHOW COLUMNS FROM `job` [ RunTime:0.0006s ]
SQL: SELECT `id`,`company_name`,`job_name`,`need_number`,`apply_number` FROM `job` WHERE `year_id` = 13  [ RunTime:0.0003s ]

[ 2017-04-20T00:42:19+08:00 ] ::1 /csoaAPI/index.php/Home/Practice/getYear
INFO: [ app_init ] --START--
INFO: Run Behavior\BuildLiteBehavior [ RunTime:0.000010s ]
INFO: [ app_init ] --END-- [ RunTime:0.000199s ]
INFO: [ app_begin ] --START--
INFO: Run Behavior\ReadHtmlCacheBehavior [ RunTime:0.000242s ]
INFO: [ app_begin ] --END-- [ RunTime:0.000273s ]
SQL: SHOW COLUMNS FROM `practice_year` [ RunTime:0.0006s ]
SQL: SELECT * FROM `practice_year` ORDER BY year desc  [ RunTime:0.0004s ]

[ 2017-04-20T00:42:19+08:00 ] ::1 /csoaAPI/index.php/Home/Practice/getPracticeStudent?year_id=13
INFO: [ app_init ] --START--
INFO: Run Behavior\BuildLiteBehavior [ RunTime:0.000007s ]
INFO: [ app_init ] --END-- [ RunTime:0.000173s ]
INFO: [ app_begin ] --START--
INFO: Run Behavior\ReadHtmlCacheBehavior [ RunTime:0.000220s ]
INFO: [ app_begin ] --END-- [ RunTime:0.000245s ]
SQL: SHOW COLUMNS FROM `practice_student` [ RunTime:0.0006s ]
SQL: SHOW COLUMNS FROM `job` [ RunTime:0.0007s ]
SQL: SHOW COLUMNS FROM `teacher` [ RunTime:0.0009s ]
SQL: SHOW COLUMNS FROM `student` [ RunTime:0.0015s ]
SQL: SELECT practice_student.id,`job_id`,`teacher_id`,`year_id`,`student_id`,`grade`,`name`,`major`,`class`,`card_number` FROM `practice_student` INNER JOIN student ON practice_student.student_id = student.id  WHERE ( practice_student.year_id = 13 ) ORDER BY card_number  [ RunTime:0.0008s ]

[ 2017-04-20T00:44:38+08:00 ] ::1 /csoaAPI/index.php/Home/User/getRole
INFO: [ app_init ] --START--
INFO: Run Behavior\BuildLiteBehavior [ RunTime:0.000012s ]
INFO: [ app_init ] --END-- [ RunTime:0.003908s ]
INFO: [ app_begin ] --START--
INFO: Run Behavior\ReadHtmlCacheBehavior [ RunTime:0.000617s ]
INFO: [ app_begin ] --END-- [ RunTime:0.000678s ]
SQL: SHOW COLUMNS FROM `role` [ RunTime:0.0008s ]
SQL: SELECT * FROM `role` WHERE `id` = 2 LIMIT 1   [ RunTime:0.0004s ]

[ 2017-04-20T00:44:38+08:00 ] ::1 /csoaAPI/index.php/Home/Practice/getYear
INFO: [ app_init ] --START--
INFO: Run Behavior\BuildLiteBehavior [ RunTime:0.000014s ]
INFO: [ app_init ] --END-- [ RunTime:0.000294s ]
INFO: [ app_begin ] --START--
INFO: Run Behavior\ReadHtmlCacheBehavior [ RunTime:0.000459s ]
INFO: [ app_begin ] --END-- [ RunTime:0.000545s ]
SQL: SHOW COLUMNS FROM `practice_year` [ RunTime:0.0005s ]
SQL: SELECT * FROM `practice_year` ORDER BY year desc  [ RunTime:0.0005s ]

[ 2017-04-20T00:44:38+08:00 ] ::1 /csoaAPI/index.php/Home/Practice/getPracticeStudent?year_id=13
INFO: [ app_init ] --START--
INFO: Run Behavior\BuildLiteBehavior [ RunTime:0.000023s ]
INFO: [ app_init ] --END-- [ RunTime:0.000390s ]
INFO: [ app_begin ] --START--
INFO: Run Behavior\ReadHtmlCacheBehavior [ RunTime:0.000293s ]
INFO: [ app_begin ] --END-- [ RunTime:0.000332s ]
SQL: SHOW COLUMNS FROM `practice_student` [ RunTime:0.0004s ]
SQL: SHOW COLUMNS FROM `job` [ RunTime:0.0004s ]
SQL: SHOW COLUMNS FROM `teacher` [ RunTime:0.0004s ]
SQL: SHOW COLUMNS FROM `student` [ RunTime:0.0005s ]
SQL: SELECT practice_student.id,`job_id`,`teacher_id`,`year_id`,`student_id`,`grade`,`name`,`major`,`class`,`card_number` FROM `practice_student` INNER JOIN student ON practice_student.student_id = student.id  WHERE ( practice_student.year_id = 13 ) ORDER BY card_number  [ RunTime:0.0004s ]

[ 2017-04-20T00:44:48+08:00 ] ::1 /csoaAPI/index.php/Home/Practice/getYear
INFO: [ app_init ] --START--
INFO: Run Behavior\BuildLiteBehavior [ RunTime:0.000009s ]
INFO: [ app_init ] --END-- [ RunTime:0.000193s ]
INFO: [ app_begin ] --START--
INFO: Run Behavior\ReadHtmlCacheBehavior [ RunTime:0.000234s ]
INFO: [ app_begin ] --END-- [ RunTime:0.000264s ]
SQL: SHOW COLUMNS FROM `practice_year` [ RunTime:0.0005s ]
SQL: SELECT * FROM `practice_year` ORDER BY year desc  [ RunTime:0.0003s ]

[ 2017-04-20T00:44:48+08:00 ] ::1 /csoaAPI/index.php/Home/Practice/getJob?year_id=13
INFO: [ app_init ] --START--
INFO: Run Behavior\BuildLiteBehavior [ RunTime:0.000013s ]
INFO: [ app_init ] --END-- [ RunTime:0.000427s ]
INFO: [ app_begin ] --START--
INFO: Run Behavior\ReadHtmlCacheBehavior [ RunTime:0.000610s ]
INFO: [ app_begin ] --END-- [ RunTime:0.000681s ]
SQL: SHOW COLUMNS FROM `job` [ RunTime:0.0004s ]
SQL: SELECT `id`,`company_name`,`job_name`,`need_number`,`apply_number` FROM `job` WHERE `year_id` = 13  [ RunTime:0.0004s ]

[ 2017-04-20T00:44:51+08:00 ] ::1 /csoaAPI/index.php/Home/Practice/getOneJob?id=1
INFO: [ app_init ] --START--
INFO: Run Behavior\BuildLiteBehavior [ RunTime:0.000010s ]
INFO: [ app_init ] --END-- [ RunTime:0.000225s ]
INFO: [ app_begin ] --START--
INFO: Run Behavior\ReadHtmlCacheBehavior [ RunTime:0.000228s ]
INFO: [ app_begin ] --END-- [ RunTime:0.000255s ]
SQL: SHOW COLUMNS FROM `job` [ RunTime:0.0005s ]
SQL: SELECT * FROM `job` WHERE `id` = 1 LIMIT 1   [ RunTime:0.0004s ]

[ 2017-04-20T00:44:55+08:00 ] ::1 /csoaAPI/index.php/Home/Practice/getOneJob?id=1
INFO: [ app_init ] --START--
INFO: Run Behavior\BuildLiteBehavior [ RunTime:0.000013s ]
INFO: [ app_init ] --END-- [ RunTime:0.000309s ]
INFO: [ app_begin ] --START--
INFO: Run Behavior\ReadHtmlCacheBehavior [ RunTime:0.000419s ]
INFO: [ app_begin ] --END-- [ RunTime:0.000469s ]
SQL: SHOW COLUMNS FROM `job` [ RunTime:0.0005s ]
SQL: SELECT * FROM `job` WHERE `id` = 1 LIMIT 1   [ RunTime:0.0003s ]

[ 2017-04-20T00:44:58+08:00 ] ::1 /csoaAPI/index.php/Home/Practice/modifyJob
INFO: [ app_init ] --START--
INFO: Run Behavior\BuildLiteBehavior [ RunTime:0.000015s ]
INFO: [ app_init ] --END-- [ RunTime:0.000285s ]
INFO: [ app_begin ] --START--
INFO: Run Behavior\ReadHtmlCacheBehavior [ RunTime:0.000235s ]
INFO: [ app_begin ] --END-- [ RunTime:0.000265s ]
SQL: SHOW COLUMNS FROM `job` [ RunTime:0.0005s ]
SQL: UPDATE `job` SET `company_name`='深圳a公司',`company_website`='wwww.baidu.com',`job_name`='web前端',`job_duty`='',`need_number`='51',`working_time`='100',`salary`='',`demand`='',`position`='',`contacts`='',`contact_number`='',`recommend_teacher`='2',`other`='' WHERE `id` = 1 [ RunTime:0.0009s ]

[ 2017-04-20T00:44:59+08:00 ] ::1 /csoaAPI/index.php/Home/User/getRole
INFO: [ app_init ] --START--
INFO: Run Behavior\BuildLiteBehavior [ RunTime:0.000009s ]
INFO: [ app_init ] --END-- [ RunTime:0.000199s ]
INFO: [ app_begin ] --START--
INFO: Run Behavior\ReadHtmlCacheBehavior [ RunTime:0.000256s ]
INFO: [ app_begin ] --END-- [ RunTime:0.000288s ]
SQL: SHOW COLUMNS FROM `role` [ RunTime:0.0006s ]
SQL: SELECT * FROM `role` WHERE `id` = 2 LIMIT 1   [ RunTime:0.0004s ]

[ 2017-04-20T00:44:59+08:00 ] ::1 /csoaAPI/index.php/Home/Practice/getYear
INFO: [ app_init ] --START--
INFO: Run Behavior\BuildLiteBehavior [ RunTime:0.000021s ]
INFO: [ app_init ] --END-- [ RunTime:0.000462s ]
INFO: [ app_begin ] --START--
INFO: Run Behavior\ReadHtmlCacheBehavior [ RunTime:0.000493s ]
INFO: [ app_begin ] --END-- [ RunTime:0.000559s ]
SQL: SHOW COLUMNS FROM `practice_year` [ RunTime:0.0005s ]
SQL: SELECT * FROM `practice_year` ORDER BY year desc  [ RunTime:0.0003s ]

[ 2017-04-20T00:44:59+08:00 ] ::1 /csoaAPI/index.php/Home/Practice/getJob?year_id=13
INFO: [ app_init ] --START--
INFO: Run Behavior\BuildLiteBehavior [ RunTime:0.000012s ]
INFO: [ app_init ] --END-- [ RunTime:0.000235s ]
INFO: [ app_begin ] --START--
INFO: Run Behavior\ReadHtmlCacheBehavior [ RunTime:0.000362s ]
INFO: [ app_begin ] --END-- [ RunTime:0.000410s ]
SQL: SHOW COLUMNS FROM `job` [ RunTime:0.0004s ]
SQL: SELECT `id`,`company_name`,`job_name`,`need_number`,`apply_number` FROM `job` WHERE `year_id` = 13  [ RunTime:0.0003s ]

[ 2017-04-20T00:45:01+08:00 ] ::1 /csoaAPI/index.php/Home/Practice/getOneJob?id=1
INFO: [ app_init ] --START--
INFO: Run Behavior\BuildLiteBehavior [ RunTime:0.000014s ]
INFO: [ app_init ] --END-- [ RunTime:0.000310s ]
INFO: [ app_begin ] --START--
INFO: Run Behavior\ReadHtmlCacheBehavior [ RunTime:0.000441s ]
INFO: [ app_begin ] --END-- [ RunTime:0.000496s ]
SQL: SHOW COLUMNS FROM `job` [ RunTime:0.0005s ]
SQL: SELECT * FROM `job` WHERE `id` = 1 LIMIT 1   [ RunTime:0.0003s ]

[ 2017-04-20T00:45:04+08:00 ] ::1 /csoaAPI/index.php/Home/Practice/getOneJob?id=29
INFO: [ app_init ] --START--
INFO: Run Behavior\BuildLiteBehavior [ RunTime:0.000013s ]
INFO: [ app_init ] --END-- [ RunTime:0.000333s ]
INFO: [ app_begin ] --START--
INFO: Run Behavior\ReadHtmlCacheBehavior [ RunTime:0.000392s ]
INFO: [ app_begin ] --END-- [ RunTime:0.000437s ]
SQL: SHOW COLUMNS FROM `job` [ RunTime:0.0005s ]
SQL: SELECT * FROM `job` WHERE `id` = 29 LIMIT 1   [ RunTime:0.0004s ]

