[ 2017-04-22T02:26:07+08:00 ] ::1 /csoaAPI/index.php/Home/Practice/getOneJobByStudent?id=1
INFO: [ app_init ] --START--
INFO: Run Behavior\BuildLiteBehavior [ RunTime:0.000013s ]
INFO: [ app_init ] --END-- [ RunTime:0.000670s ]
INFO: [ app_begin ] --START--
INFO: Run Behavior\ReadHtmlCacheBehavior [ RunTime:0.000652s ]
INFO: [ app_begin ] --END-- [ RunTime:0.000711s ]
SQL: SHOW COLUMNS FROM `job` [ RunTime:0.0029s ]
SQL: SELECT `id`,`year_id`,`company_name`,`company_website`,`job_name`,`job_duty`,`need_number`,`apply_number`,`working_time`,`salary`,`demand`,`position`,`recommend_teacher`,`other` FROM `job` WHERE `id` = 1 LIMIT 1   [ RunTime:0.0016s ]

[ 2017-04-22T02:26:09+08:00 ] ::1 /csoaAPI/index.php/Home/Practice/getOneJobByStudent?id=2
INFO: [ app_init ] --START--
INFO: Run Behavior\BuildLiteBehavior [ RunTime:0.000008s ]
INFO: [ app_init ] --END-- [ RunTime:0.000202s ]
INFO: [ app_begin ] --START--
INFO: Run Behavior\ReadHtmlCacheBehavior [ RunTime:0.000274s ]
INFO: [ app_begin ] --END-- [ RunTime:0.000310s ]
SQL: SHOW COLUMNS FROM `job` [ RunTime:0.0009s ]
SQL: SELECT `id`,`year_id`,`company_name`,`company_website`,`job_name`,`job_duty`,`need_number`,`apply_number`,`working_time`,`salary`,`demand`,`position`,`recommend_teacher`,`other` FROM `job` WHERE `id` = 2 LIMIT 1   [ RunTime:0.0004s ]

[ 2017-04-22T02:26:11+08:00 ] ::1 /csoaAPI/index.php/Home/Practice/getOneJobByStudent?id=4
INFO: [ app_init ] --START--
INFO: Run Behavior\BuildLiteBehavior [ RunTime:0.000009s ]
INFO: [ app_init ] --END-- [ RunTime:0.000204s ]
INFO: [ app_begin ] --START--
INFO: Run Behavior\ReadHtmlCacheBehavior [ RunTime:0.000230s ]
INFO: [ app_begin ] --END-- [ RunTime:0.000256s ]
SQL: SHOW COLUMNS FROM `job` [ RunTime:0.0007s ]
SQL: SELECT `id`,`year_id`,`company_name`,`company_website`,`job_name`,`job_duty`,`need_number`,`apply_number`,`working_time`,`salary`,`demand`,`position`,`recommend_teacher`,`other` FROM `job` WHERE `id` = 4 LIMIT 1   [ RunTime:0.0004s ]

[ 2017-04-22T02:26:12+08:00 ] ::1 /csoaAPI/index.php/Home/Practice/getOneJobByStudent?id=5
INFO: [ app_init ] --START--
INFO: Run Behavior\BuildLiteBehavior [ RunTime:0.000009s ]
INFO: [ app_init ] --END-- [ RunTime:0.000184s ]
INFO: [ app_begin ] --START--
INFO: Run Behavior\ReadHtmlCacheBehavior [ RunTime:0.000234s ]
INFO: [ app_begin ] --END-- [ RunTime:0.000262s ]
SQL: SHOW COLUMNS FROM `job` [ RunTime:0.0008s ]
SQL: SELECT `id`,`year_id`,`company_name`,`company_website`,`job_name`,`job_duty`,`need_number`,`apply_number`,`working_time`,`salary`,`demand`,`position`,`recommend_teacher`,`other` FROM `job` WHERE `id` = 5 LIMIT 1   [ RunTime:0.0005s ]

[ 2017-04-22T02:26:14+08:00 ] ::1 /csoaAPI/index.php/Home/Practice/getOneJobByStudent?id=6
INFO: [ app_init ] --START--
INFO: Run Behavior\BuildLiteBehavior [ RunTime:0.000011s ]
INFO: [ app_init ] --END-- [ RunTime:0.000194s ]
INFO: [ app_begin ] --START--
INFO: Run Behavior\ReadHtmlCacheBehavior [ RunTime:0.000246s ]
INFO: [ app_begin ] --END-- [ RunTime:0.000276s ]
SQL: SHOW COLUMNS FROM `job` [ RunTime:0.0010s ]
SQL: SELECT `id`,`year_id`,`company_name`,`company_website`,`job_name`,`job_duty`,`need_number`,`apply_number`,`working_time`,`salary`,`demand`,`position`,`recommend_teacher`,`other` FROM `job` WHERE `id` = 6 LIMIT 1   [ RunTime:0.0005s ]

[ 2017-04-22T02:26:15+08:00 ] ::1 /csoaAPI/index.php/Home/Practice/getOneJobByStudent?id=7
INFO: [ app_init ] --START--
INFO: Run Behavior\BuildLiteBehavior [ RunTime:0.000010s ]
INFO: [ app_init ] --END-- [ RunTime:0.000382s ]
INFO: [ app_begin ] --START--
INFO: Run Behavior\ReadHtmlCacheBehavior [ RunTime:0.000291s ]
INFO: [ app_begin ] --END-- [ RunTime:0.000345s ]
SQL: SHOW COLUMNS FROM `job` [ RunTime:0.0008s ]
SQL: SELECT `id`,`year_id`,`company_name`,`company_website`,`job_name`,`job_duty`,`need_number`,`apply_number`,`working_time`,`salary`,`demand`,`position`,`recommend_teacher`,`other` FROM `job` WHERE `id` = 7 LIMIT 1   [ RunTime:0.0004s ]

[ 2017-04-22T02:26:17+08:00 ] ::1 /csoaAPI/index.php/Home/Practice/getOneJobByStudent?id=8
INFO: [ app_init ] --START--
INFO: Run Behavior\BuildLiteBehavior [ RunTime:0.000012s ]
INFO: [ app_init ] --END-- [ RunTime:0.000293s ]
INFO: [ app_begin ] --START--
INFO: Run Behavior\ReadHtmlCacheBehavior [ RunTime:0.000251s ]
INFO: [ app_begin ] --END-- [ RunTime:0.000284s ]
SQL: SHOW COLUMNS FROM `job` [ RunTime:0.0008s ]
SQL: SELECT `id`,`year_id`,`company_name`,`company_website`,`job_name`,`job_duty`,`need_number`,`apply_number`,`working_time`,`salary`,`demand`,`position`,`recommend_teacher`,`other` FROM `job` WHERE `id` = 8 LIMIT 1   [ RunTime:0.0004s ]

[ 2017-04-22T02:26:18+08:00 ] ::1 /csoaAPI/index.php/Home/Practice/getOneJobByStudent?id=9
INFO: [ app_init ] --START--
INFO: Run Behavior\BuildLiteBehavior [ RunTime:0.000010s ]
INFO: [ app_init ] --END-- [ RunTime:0.000191s ]
INFO: [ app_begin ] --START--
INFO: Run Behavior\ReadHtmlCacheBehavior [ RunTime:0.000240s ]
INFO: [ app_begin ] --END-- [ RunTime:0.000269s ]
SQL: SHOW COLUMNS FROM `job` [ RunTime:0.0007s ]
SQL: SELECT `id`,`year_id`,`company_name`,`company_website`,`job_name`,`job_duty`,`need_number`,`apply_number`,`working_time`,`salary`,`demand`,`position`,`recommend_teacher`,`other` FROM `job` WHERE `id` = 9 LIMIT 1   [ RunTime:0.0004s ]

[ 2017-04-22T02:26:20+08:00 ] ::1 /csoaAPI/index.php/Home/Practice/getOneJobByStudent?id=10
INFO: [ app_init ] --START--
INFO: Run Behavior\BuildLiteBehavior [ RunTime:0.000008s ]
INFO: [ app_init ] --END-- [ RunTime:0.000183s ]
INFO: [ app_begin ] --START--
INFO: Run Behavior\ReadHtmlCacheBehavior [ RunTime:0.000391s ]
INFO: [ app_begin ] --END-- [ RunTime:0.000437s ]
SQL: SHOW COLUMNS FROM `job` [ RunTime:0.0006s ]
SQL: SELECT `id`,`year_id`,`company_name`,`company_website`,`job_name`,`job_duty`,`need_number`,`apply_number`,`working_time`,`salary`,`demand`,`position`,`recommend_teacher`,`other` FROM `job` WHERE `id` = 10 LIMIT 1   [ RunTime:0.0005s ]

[ 2017-04-22T02:26:24+08:00 ] ::1 /csoaAPI/index.php/Home/Practice/getJobByStudent
INFO: [ app_init ] --START--
INFO: Run Behavior\BuildLiteBehavior [ RunTime:0.000010s ]
INFO: [ app_init ] --END-- [ RunTime:0.000210s ]
INFO: [ app_begin ] --START--
INFO: Run Behavior\ReadHtmlCacheBehavior [ RunTime:0.000293s ]
INFO: [ app_begin ] --END-- [ RunTime:0.000331s ]
NOTIC: [8] Undefined index: id /Library/WebServer/Documents/csoaAPI/Application/Home/Controller/PracticeController.class.php 第 609 行.
SQL: SHOW COLUMNS FROM `practice_year` [ RunTime:0.0011s ]
SQL: SHOW COLUMNS FROM `job` [ RunTime:0.0010s ]
SQL: SHOW COLUMNS FROM `practice_student` [ RunTime:0.0005s ]
SQL: SELECT * FROM `practice_year` ORDER BY year desc LIMIT 1   [ RunTime:0.0004s ]
NOTIC: [2] Missing argument 1 for Think\Model::where(), called in /Library/WebServer/Documents/csoaAPI/Application/Home/Controller/PracticeController.class.php on line 620 and defined /Library/WebServer/Documents/csoaAPI/ThinkPHP/Library/Think/Model.class.php 第 1797 行.
NOTIC: [8] Undefined variable: where /Library/WebServer/Documents/csoaAPI/ThinkPHP/Library/Think/Model.class.php 第 1805 行.
NOTIC: [8] Undefined variable: where /Library/WebServer/Documents/csoaAPI/ThinkPHP/Library/Think/Model.class.php 第 1808 行.
NOTIC: [8] Undefined variable: where /Library/WebServer/Documents/csoaAPI/ThinkPHP/Library/Think/Model.class.php 第 1816 行.
SQL: SELECT * FROM `practice_student` LIMIT 1   [ RunTime:0.0003s ]
SQL: SELECT * FROM `job` WHERE ( year_id = 13 )  [ RunTime:0.0008s ]

[ 2017-04-22T02:26:28+08:00 ] ::1 /csoaAPI/index.php/Home/Practice/getJobByStudent
INFO: [ app_init ] --START--
INFO: Run Behavior\BuildLiteBehavior [ RunTime:0.000016s ]
INFO: [ app_init ] --END-- [ RunTime:0.000398s ]
INFO: [ app_begin ] --START--
INFO: Run Behavior\ReadHtmlCacheBehavior [ RunTime:0.000510s ]
INFO: [ app_begin ] --END-- [ RunTime:0.000941s ]
NOTIC: [8] Undefined index: id /Library/WebServer/Documents/csoaAPI/Application/Home/Controller/PracticeController.class.php 第 609 行.
SQL: SHOW COLUMNS FROM `practice_year` [ RunTime:0.0007s ]
SQL: SHOW COLUMNS FROM `job` [ RunTime:0.0011s ]
SQL: SHOW COLUMNS FROM `practice_student` [ RunTime:0.0008s ]
SQL: SELECT * FROM `practice_year` ORDER BY year desc LIMIT 1   [ RunTime:0.0005s ]
NOTIC: [2] Missing argument 1 for Think\Model::where(), called in /Library/WebServer/Documents/csoaAPI/Application/Home/Controller/PracticeController.class.php on line 620 and defined /Library/WebServer/Documents/csoaAPI/ThinkPHP/Library/Think/Model.class.php 第 1797 行.
NOTIC: [8] Undefined variable: where /Library/WebServer/Documents/csoaAPI/ThinkPHP/Library/Think/Model.class.php 第 1805 行.
NOTIC: [8] Undefined variable: where /Library/WebServer/Documents/csoaAPI/ThinkPHP/Library/Think/Model.class.php 第 1808 行.
NOTIC: [8] Undefined variable: where /Library/WebServer/Documents/csoaAPI/ThinkPHP/Library/Think/Model.class.php 第 1816 行.
SQL: SELECT * FROM `practice_student` LIMIT 1   [ RunTime:0.0003s ]
SQL: SELECT * FROM `job` WHERE ( year_id = 13 )  [ RunTime:0.0009s ]

[ 2017-04-22T18:00:32+08:00 ] ::1 /csoaAPI/index.php/Home/Practice/getJobByStudent
INFO: [ app_init ] --START--
INFO: Run Behavior\BuildLiteBehavior [ RunTime:0.000012s ]
INFO: [ app_init ] --END-- [ RunTime:0.000738s ]
INFO: [ app_begin ] --START--
INFO: Run Behavior\ReadHtmlCacheBehavior [ RunTime:0.000996s ]
INFO: [ app_begin ] --END-- [ RunTime:0.001069s ]
NOTIC: [8] Undefined index: id /Library/WebServer/Documents/csoaAPI/Application/Home/Controller/PracticeController.class.php 第 609 行.
SQL: SHOW COLUMNS FROM `practice_year` [ RunTime:0.0015s ]
SQL: SHOW COLUMNS FROM `job` [ RunTime:0.0007s ]
SQL: SHOW COLUMNS FROM `practice_student` [ RunTime:0.0005s ]
SQL: SELECT * FROM `practice_year` ORDER BY year desc LIMIT 1   [ RunTime:0.0004s ]
NOTIC: [2] Missing argument 1 for Think\Model::where(), called in /Library/WebServer/Documents/csoaAPI/Application/Home/Controller/PracticeController.class.php on line 620 and defined /Library/WebServer/Documents/csoaAPI/ThinkPHP/Library/Think/Model.class.php 第 1797 行.
NOTIC: [8] Undefined variable: where /Library/WebServer/Documents/csoaAPI/ThinkPHP/Library/Think/Model.class.php 第 1805 行.
NOTIC: [8] Undefined variable: where /Library/WebServer/Documents/csoaAPI/ThinkPHP/Library/Think/Model.class.php 第 1808 行.
NOTIC: [8] Undefined variable: where /Library/WebServer/Documents/csoaAPI/ThinkPHP/Library/Think/Model.class.php 第 1816 行.
SQL: SELECT * FROM `practice_student` LIMIT 1   [ RunTime:0.0003s ]
SQL: SELECT * FROM `job` WHERE ( year_id = 13 )  [ RunTime:0.0009s ]

[ 2017-04-22T18:00:33+08:00 ] ::1 /csoaAPI/index.php/Home/Practice/getOneJobByStudent?id=1
INFO: [ app_init ] --START--
INFO: Run Behavior\BuildLiteBehavior [ RunTime:0.000009s ]
INFO: [ app_init ] --END-- [ RunTime:0.000175s ]
INFO: [ app_begin ] --START--
INFO: Run Behavior\ReadHtmlCacheBehavior [ RunTime:0.000230s ]
INFO: [ app_begin ] --END-- [ RunTime:0.000260s ]
SQL: SHOW COLUMNS FROM `job` [ RunTime:0.0009s ]
SQL: SELECT `id`,`year_id`,`company_name`,`company_website`,`job_name`,`job_duty`,`need_number`,`apply_number`,`working_time`,`salary`,`demand`,`position`,`recommend_teacher`,`other` FROM `job` WHERE `id` = 1 LIMIT 1   [ RunTime:0.0006s ]

[ 2017-04-22T18:00:40+08:00 ] ::1 /csoaAPI/index.php/Home/Practice/getOneJobByStudent?id=41
INFO: [ app_init ] --START--
INFO: Run Behavior\BuildLiteBehavior [ RunTime:0.000011s ]
INFO: [ app_init ] --END-- [ RunTime:0.000308s ]
INFO: [ app_begin ] --START--
INFO: Run Behavior\ReadHtmlCacheBehavior [ RunTime:0.000349s ]
INFO: [ app_begin ] --END-- [ RunTime:0.000395s ]
SQL: SHOW COLUMNS FROM `job` [ RunTime:0.0007s ]
SQL: SELECT `id`,`year_id`,`company_name`,`company_website`,`job_name`,`job_duty`,`need_number`,`apply_number`,`working_time`,`salary`,`demand`,`position`,`recommend_teacher`,`other` FROM `job` WHERE `id` = 41 LIMIT 1   [ RunTime:0.0004s ]

