[ 2017-04-16T01:15:37+08:00 ] ::1 /csoaAPI/index.php/Home/User/getTeacher
INFO: [ app_init ] --START--
INFO: Run Behavior\BuildLiteBehavior [ RunTime:0.000022s ]
INFO: [ app_init ] --END-- [ RunTime:0.000637s ]
INFO: [ app_begin ] --START--
INFO: Run Behavior\ReadHtmlCacheBehavior [ RunTime:0.000570s ]
INFO: [ app_begin ] --END-- [ RunTime:0.000632s ]
SQL: SHOW COLUMNS FROM `teacher` [ RunTime:0.0013s ]
SQL: SELECT `id`,`role_id`,`name`,`card_number`,`office`,`telephone`,`department`,`phone`,`state` FROM `teacher`  [ RunTime:0.0006s ]

[ 2017-04-16T01:15:38+08:00 ] ::1 /csoaAPI/index.php/Home/User/getStudent
INFO: [ app_init ] --START--
INFO: Run Behavior\BuildLiteBehavior [ RunTime:0.000009s ]
INFO: [ app_init ] --END-- [ RunTime:0.000194s ]
INFO: [ app_begin ] --START--
INFO: Run Behavior\ReadHtmlCacheBehavior [ RunTime:0.000274s ]
INFO: [ app_begin ] --END-- [ RunTime:0.000312s ]
SQL: SHOW COLUMNS FROM `student` [ RunTime:0.0011s ]
SQL: SELECT `id`,`role_id`,`name`,`card_number`,`dorm`,`major`,`phone`,`state` FROM `student`  [ RunTime:0.0005s ]

[ 2017-04-16T01:15:39+08:00 ] ::1 /csoaAPI/index.php/Home/User/getTeacher
INFO: [ app_init ] --START--
INFO: Run Behavior\BuildLiteBehavior [ RunTime:0.000012s ]
INFO: [ app_init ] --END-- [ RunTime:0.000276s ]
INFO: [ app_begin ] --START--
INFO: Run Behavior\ReadHtmlCacheBehavior [ RunTime:0.000271s ]
INFO: [ app_begin ] --END-- [ RunTime:0.000309s ]
SQL: SHOW COLUMNS FROM `teacher` [ RunTime:0.0008s ]
SQL: SELECT `id`,`role_id`,`name`,`card_number`,`office`,`telephone`,`department`,`phone`,`state` FROM `teacher`  [ RunTime:0.0003s ]

[ 2017-04-16T01:15:40+08:00 ] ::1 /csoaAPI/index.php/Home/User/getStudent
INFO: [ app_init ] --START--
INFO: Run Behavior\BuildLiteBehavior [ RunTime:0.000014s ]
INFO: [ app_init ] --END-- [ RunTime:0.000319s ]
INFO: [ app_begin ] --START--
INFO: Run Behavior\ReadHtmlCacheBehavior [ RunTime:0.000638s ]
INFO: [ app_begin ] --END-- [ RunTime:0.000691s ]
SQL: SHOW COLUMNS FROM `student` [ RunTime:0.0010s ]
SQL: SELECT `id`,`role_id`,`name`,`card_number`,`dorm`,`major`,`phone`,`state` FROM `student`  [ RunTime:0.0018s ]

[ 2017-04-16T01:15:42+08:00 ] ::1 /csoaAPI/index.php/Home/User/getTeacher
INFO: [ app_init ] --START--
INFO: Run Behavior\BuildLiteBehavior [ RunTime:0.000015s ]
INFO: [ app_init ] --END-- [ RunTime:0.000311s ]
INFO: [ app_begin ] --START--
INFO: Run Behavior\ReadHtmlCacheBehavior [ RunTime:0.000259s ]
INFO: [ app_begin ] --END-- [ RunTime:0.000295s ]
SQL: SHOW COLUMNS FROM `teacher` [ RunTime:0.0009s ]
SQL: SELECT `id`,`role_id`,`name`,`card_number`,`office`,`telephone`,`department`,`phone`,`state` FROM `teacher`  [ RunTime:0.0004s ]

[ 2017-04-16T01:15:44+08:00 ] ::1 /csoaAPI/index.php/Home/User/getStudent
INFO: [ app_init ] --START--
INFO: Run Behavior\BuildLiteBehavior [ RunTime:0.000014s ]
INFO: [ app_init ] --END-- [ RunTime:0.000336s ]
INFO: [ app_begin ] --START--
INFO: Run Behavior\ReadHtmlCacheBehavior [ RunTime:0.000272s ]
INFO: [ app_begin ] --END-- [ RunTime:0.000308s ]
SQL: SHOW COLUMNS FROM `student` [ RunTime:0.0009s ]
SQL: SELECT `id`,`role_id`,`name`,`card_number`,`dorm`,`major`,`phone`,`state` FROM `student`  [ RunTime:0.0005s ]

[ 2017-04-16T01:15:45+08:00 ] ::1 /csoaAPI/index.php/Home/User/getTeacher
INFO: [ app_init ] --START--
INFO: Run Behavior\BuildLiteBehavior [ RunTime:0.000011s ]
INFO: [ app_init ] --END-- [ RunTime:0.000200s ]
INFO: [ app_begin ] --START--
INFO: Run Behavior\ReadHtmlCacheBehavior [ RunTime:0.000258s ]
INFO: [ app_begin ] --END-- [ RunTime:0.000323s ]
SQL: SHOW COLUMNS FROM `teacher` [ RunTime:0.0005s ]
SQL: SELECT `id`,`role_id`,`name`,`card_number`,`office`,`telephone`,`department`,`phone`,`state` FROM `teacher`  [ RunTime:0.0005s ]

[ 2017-04-16T01:15:46+08:00 ] ::1 /csoaAPI/index.php/Home/User/getStudent
INFO: [ app_init ] --START--
INFO: Run Behavior\BuildLiteBehavior [ RunTime:0.000013s ]
INFO: [ app_init ] --END-- [ RunTime:0.001014s ]
INFO: [ app_begin ] --START--
INFO: Run Behavior\ReadHtmlCacheBehavior [ RunTime:0.000272s ]
INFO: [ app_begin ] --END-- [ RunTime:0.000306s ]
SQL: SHOW COLUMNS FROM `student` [ RunTime:0.0008s ]
SQL: SELECT `id`,`role_id`,`name`,`card_number`,`dorm`,`major`,`phone`,`state` FROM `student`  [ RunTime:0.0004s ]

[ 2017-04-16T01:15:51+08:00 ] ::1 /csoaAPI/index.php/Home/User/deleteStudent?id=15
INFO: [ app_init ] --START--
INFO: Run Behavior\BuildLiteBehavior [ RunTime:0.000017s ]
INFO: [ app_init ] --END-- [ RunTime:0.000515s ]
INFO: [ app_begin ] --START--
INFO: Run Behavior\ReadHtmlCacheBehavior [ RunTime:0.000543s ]
INFO: [ app_begin ] --END-- [ RunTime:0.000600s ]
SQL: SHOW COLUMNS FROM `student` [ RunTime:0.0008s ]
SQL: DELETE FROM `student` WHERE ( id = 15 ) [ RunTime:0.0026s ]

[ 2017-04-16T01:15:51+08:00 ] ::1 /csoaAPI/index.php/Home/User/getStudent
INFO: [ app_init ] --START--
INFO: Run Behavior\BuildLiteBehavior [ RunTime:0.000013s ]
INFO: [ app_init ] --END-- [ RunTime:0.000343s ]
INFO: [ app_begin ] --START--
INFO: Run Behavior\ReadHtmlCacheBehavior [ RunTime:0.000547s ]
INFO: [ app_begin ] --END-- [ RunTime:0.000616s ]
SQL: SHOW COLUMNS FROM `student` [ RunTime:0.0009s ]
SQL: SELECT `id`,`role_id`,`name`,`card_number`,`dorm`,`major`,`phone`,`state` FROM `student`  [ RunTime:0.0006s ]

[ 2017-04-16T01:15:57+08:00 ] ::1 /csoaAPI/index.php/Home/User/getTeacher
INFO: [ app_init ] --START--
INFO: Run Behavior\BuildLiteBehavior [ RunTime:0.000019s ]
INFO: [ app_init ] --END-- [ RunTime:0.000323s ]
INFO: [ app_begin ] --START--
INFO: Run Behavior\ReadHtmlCacheBehavior [ RunTime:0.000366s ]
INFO: [ app_begin ] --END-- [ RunTime:0.000421s ]
SQL: SHOW COLUMNS FROM `teacher` [ RunTime:0.0006s ]
SQL: SELECT `id`,`role_id`,`name`,`card_number`,`office`,`telephone`,`department`,`phone`,`state` FROM `teacher`  [ RunTime:0.0006s ]

[ 2017-04-16T01:15:58+08:00 ] ::1 /csoaAPI/index.php/Home/User/getStudent
INFO: [ app_init ] --START--
INFO: Run Behavior\BuildLiteBehavior [ RunTime:0.000012s ]
INFO: [ app_init ] --END-- [ RunTime:0.000302s ]
INFO: [ app_begin ] --START--
INFO: Run Behavior\ReadHtmlCacheBehavior [ RunTime:0.000427s ]
INFO: [ app_begin ] --END-- [ RunTime:0.000528s ]
SQL: SHOW COLUMNS FROM `student` [ RunTime:0.0006s ]
SQL: SELECT `id`,`role_id`,`name`,`card_number`,`dorm`,`major`,`phone`,`state` FROM `student`  [ RunTime:0.0003s ]

[ 2017-04-16T01:16:00+08:00 ] ::1 /csoaAPI/index.php/Home/User/getTeacher
INFO: [ app_init ] --START--
INFO: Run Behavior\BuildLiteBehavior [ RunTime:0.000015s ]
INFO: [ app_init ] --END-- [ RunTime:0.000329s ]
INFO: [ app_begin ] --START--
INFO: Run Behavior\ReadHtmlCacheBehavior [ RunTime:0.000365s ]
INFO: [ app_begin ] --END-- [ RunTime:0.000804s ]
SQL: SHOW COLUMNS FROM `teacher` [ RunTime:0.0007s ]
SQL: SELECT `id`,`role_id`,`name`,`card_number`,`office`,`telephone`,`department`,`phone`,`state` FROM `teacher`  [ RunTime:0.0004s ]

[ 2017-04-16T01:16:06+08:00 ] ::1 /csoaAPI/index.php/Home/User/getTeacher
INFO: [ app_init ] --START--
INFO: Run Behavior\BuildLiteBehavior [ RunTime:0.000019s ]
INFO: [ app_init ] --END-- [ RunTime:0.000305s ]
INFO: [ app_begin ] --START--
INFO: Run Behavior\ReadHtmlCacheBehavior [ RunTime:0.000375s ]
INFO: [ app_begin ] --END-- [ RunTime:0.000438s ]
SQL: SHOW COLUMNS FROM `teacher` [ RunTime:0.0006s ]
SQL: SELECT `id`,`role_id`,`name`,`card_number`,`office`,`telephone`,`department`,`phone`,`state` FROM `teacher`  [ RunTime:0.0006s ]

[ 2017-04-16T01:16:07+08:00 ] ::1 /csoaAPI/index.php/Home/User/getStudent
INFO: [ app_init ] --START--
INFO: Run Behavior\BuildLiteBehavior [ RunTime:0.000010s ]
INFO: [ app_init ] --END-- [ RunTime:0.000232s ]
INFO: [ app_begin ] --START--
INFO: Run Behavior\ReadHtmlCacheBehavior [ RunTime:0.000443s ]
INFO: [ app_begin ] --END-- [ RunTime:0.000501s ]
SQL: SHOW COLUMNS FROM `student` [ RunTime:0.0005s ]
SQL: SELECT `id`,`role_id`,`name`,`card_number`,`dorm`,`major`,`phone`,`state` FROM `student`  [ RunTime:0.0005s ]

