[ 2017-04-26T15:43:55+08:00 ] ::1 /csoaAPI/index.php/Home/User/login
INFO: [ app_init ] --START--
INFO: Run Behavior\BuildLiteBehavior [ RunTime:0.000013s ]
INFO: [ app_init ] --END-- [ RunTime:0.000443s ]
INFO: [ app_begin ] --START--
INFO: Run Behavior\ReadHtmlCacheBehavior [ RunTime:0.000560s ]
INFO: [ app_begin ] --END-- [ RunTime:0.000601s ]
SQL: SHOW COLUMNS FROM `user` [ RunTime:0.0019s ]
SQL: SHOW COLUMNS FROM `student` [ RunTime:0.0015s ]
SQL: SHOW COLUMNS FROM `teacher` [ RunTime:0.0007s ]
SQL: SHOW COLUMNS FROM `role` [ RunTime:0.0006s ]
SQL: SHOW COLUMNS FROM `log` [ RunTime:0.0005s ]
SQL: SELECT * FROM `user` LIMIT 1   [ RunTime:0.0003s ]
SQL: SELECT * FROM `teacher` WHERE `card_number` = 'admin' LIMIT 1   [ RunTime:0.0003s ]
SQL: SELECT * FROM `student` WHERE `card_number` = 'admin' LIMIT 1   [ RunTime:0.0006s ]
SQL: INSERT INTO `log` (`userName`,`time`,`ip`,`state`) VALUES ('admin','1493192635','0.0.0.0','登陆成功') [ RunTime:0.0043s ]

[ 2017-04-26T15:43:56+08:00 ] ::1 /csoaAPI/index.php/Home/User/getRole
INFO: [ app_init ] --START--
INFO: Run Behavior\BuildLiteBehavior [ RunTime:0.000016s ]
INFO: [ app_init ] --END-- [ RunTime:0.000360s ]
INFO: [ app_begin ] --START--
INFO: Run Behavior\ReadHtmlCacheBehavior [ RunTime:0.000443s ]
INFO: [ app_begin ] --END-- [ RunTime:0.000513s ]
SQL: SHOW COLUMNS FROM `role` [ RunTime:0.0008s ]
SQL: SELECT * FROM `role` WHERE `id` = 1 LIMIT 1   [ RunTime:0.0010s ]

[ 2017-04-26T15:43:56+08:00 ] ::1 /csoaAPI/index.php/Home/User/getUserInfo
INFO: [ app_init ] --START--
INFO: Run Behavior\BuildLiteBehavior [ RunTime:0.000017s ]
INFO: [ app_init ] --END-- [ RunTime:0.000373s ]
INFO: [ app_begin ] --START--
INFO: Run Behavior\ReadHtmlCacheBehavior [ RunTime:0.000443s ]
INFO: [ app_begin ] --END-- [ RunTime:0.000506s ]
SQL: SHOW COLUMNS FROM `user` [ RunTime:0.0006s ]
SQL: SHOW COLUMNS FROM `student` [ RunTime:0.0007s ]
SQL: SHOW COLUMNS FROM `teacher` [ RunTime:0.0007s ]
SQL: SHOW COLUMNS FROM `role` [ RunTime:0.0007s ]
SQL: SHOW COLUMNS FROM `log` [ RunTime:0.0007s ]
SQL: SELECT `username`,`role_id` FROM `user` LIMIT 1   [ RunTime:0.0004s ]
SQL: SELECT `userName`,`time`,`state`,`ip` FROM `log` WHERE `userName` = 'admin' ORDER BY time desc LIMIT 1   [ RunTime:0.0007s ]

[ 2017-04-26T15:43:59+08:00 ] ::1 /csoaAPI/index.php/Home/User/getStudent
INFO: [ app_init ] --START--
INFO: Run Behavior\BuildLiteBehavior [ RunTime:0.000011s ]
INFO: [ app_init ] --END-- [ RunTime:0.000208s ]
INFO: [ app_begin ] --START--
INFO: Run Behavior\ReadHtmlCacheBehavior [ RunTime:0.000247s ]
INFO: [ app_begin ] --END-- [ RunTime:0.000281s ]
SQL: SHOW COLUMNS FROM `student` [ RunTime:0.0006s ]
SQL: SELECT `id`,`role_id`,`name`,`card_number`,`dorm`,`major`,`phone`,`state` FROM `student`  [ RunTime:0.0015s ]

[ 2017-04-26T15:44:11+08:00 ] ::1 /csoaAPI/index.php/Home/User/importStudent
INFO: [ app_init ] --START--
INFO: Run Behavior\BuildLiteBehavior [ RunTime:0.000009s ]
INFO: [ app_init ] --END-- [ RunTime:0.000202s ]
INFO: [ app_begin ] --START--
INFO: Run Behavior\ReadHtmlCacheBehavior [ RunTime:0.000490s ]
INFO: [ app_begin ] --END-- [ RunTime:0.000533s ]
SQL: SHOW COLUMNS FROM `student` [ RunTime:0.0006s ]
INFO: [ view_parse ] --START--
INFO: [ template_filter ] --START--
INFO: Run Behavior\ContentReplaceBehavior [ RunTime:0.000029s ]
INFO: [ template_filter ] --END-- [ RunTime:0.000072s ]
INFO: Run Behavior\ParseTemplateBehavior [ RunTime:0.005543s ]
INFO: [ view_parse ] --END-- [ RunTime:0.005600s ]
INFO: [ view_filter ] --START--
INFO: Run Behavior\WriteHtmlCacheBehavior [ RunTime:0.000297s ]
INFO: [ view_filter ] --END-- [ RunTime:0.000328s ]

[ 2017-04-26T15:44:11+08:00 ] ::1 /csoaAPI/index.php/Home/User/importStudent
INFO: [ app_init ] --START--
INFO: Run Behavior\BuildLiteBehavior [ RunTime:0.000007s ]
INFO: [ app_init ] --END-- [ RunTime:0.000171s ]
INFO: [ app_begin ] --START--
INFO: Run Behavior\ReadHtmlCacheBehavior [ RunTime:0.000221s ]
INFO: [ app_begin ] --END-- [ RunTime:0.000246s ]
SQL: SHOW COLUMNS FROM `student` [ RunTime:0.0006s ]
NOTIC: [2] call_user_func() expects parameter 1 to be a valid callback, no array or string given /Library/WebServer/Documents/csoaAPI/ThinkPHP/Library/Think/Upload.class.php 第 170 行.
NOTIC: [8] Undefined variable: options /Library/WebServer/Documents/csoaAPI/ThinkPHP/Library/Org/Util/PHPExcel/Settings.php 第 384 行.
NOTIC: [8] Undefined variable: options /Library/WebServer/Documents/csoaAPI/ThinkPHP/Library/Org/Util/PHPExcel/Settings.php 第 384 行.
NOTIC: [8] Undefined variable: options /Library/WebServer/Documents/csoaAPI/ThinkPHP/Library/Org/Util/PHPExcel/Settings.php 第 384 行.
NOTIC: [8] Undefined variable: options /Library/WebServer/Documents/csoaAPI/ThinkPHP/Library/Org/Util/PHPExcel/Settings.php 第 384 行.
NOTIC: [8] Undefined variable: options /Library/WebServer/Documents/csoaAPI/ThinkPHP/Library/Org/Util/PHPExcel/Settings.php 第 384 行.
NOTIC: [8] Undefined variable: options /Library/WebServer/Documents/csoaAPI/ThinkPHP/Library/Org/Util/PHPExcel/Settings.php 第 384 行.
NOTIC: [8] Undefined variable: options /Library/WebServer/Documents/csoaAPI/ThinkPHP/Library/Org/Util/PHPExcel/Settings.php 第 384 行.
NOTIC: [8] Undefined variable: options /Library/WebServer/Documents/csoaAPI/ThinkPHP/Library/Org/Util/PHPExcel/Settings.php 第 384 行.
NOTIC: [8] Undefined variable: options /Library/WebServer/Documents/csoaAPI/ThinkPHP/Library/Org/Util/PHPExcel/Settings.php 第 384 行.
NOTIC: [8] Undefined variable: options /Library/WebServer/Documents/csoaAPI/ThinkPHP/Library/Org/Util/PHPExcel/Settings.php 第 384 行.
NOTIC: [8] Undefined variable: options /Library/WebServer/Documents/csoaAPI/ThinkPHP/Library/Org/Util/PHPExcel/Settings.php 第 384 行.
NOTIC: [8] Undefined variable: options /Library/WebServer/Documents/csoaAPI/ThinkPHP/Library/Org/Util/PHPExcel/Settings.php 第 384 行.
NOTIC: [8] Undefined variable: options /Library/WebServer/Documents/csoaAPI/ThinkPHP/Library/Org/Util/PHPExcel/Settings.php 第 384 行.
SQL: SELECT * FROM `student` WHERE `card_number` = '2013150150' LIMIT 1   [ RunTime:0.0012s ]
SQL: INSERT INTO `student` (`card_number`,`name`,`sex`,`major`,`class`,`origin`,`dorm`,`identity_card`,`phone`,`short_phone`,`email`,`qq`,`wechat`,`password`) VALUES ('2013150150','陈少楷','男','软件工程','2','广东','','','','','','','','150150') [ RunTime:0.0010s ]
SQL: SELECT * FROM `student` WHERE `card_number` = '2014190011' LIMIT 1   [ RunTime:0.0010s ]
SQL: INSERT INTO `student` (`card_number`,`name`,`sex`,`major`,`class`,`origin`,`dorm`,`identity_card`,`phone`,`short_phone`,`email`,`qq`,`wechat`,`password`) VALUES ('2014190011','赵紫莹','女','','','','','','','','','','','190011') [ RunTime:0.0009s ]
SQL: SELECT * FROM `student` WHERE `card_number` = '2014190014' LIMIT 1   [ RunTime:0.0006s ]
SQL: INSERT INTO `student` (`card_number`,`name`,`sex`,`major`,`class`,`origin`,`dorm`,`identity_card`,`phone`,`short_phone`,`email`,`qq`,`wechat`,`password`) VALUES ('2014190014','田赛','男','','','','','','','','','','','190014') [ RunTime:0.0005s ]
SQL: SELECT * FROM `student` WHERE `card_number` = '2014190019' LIMIT 1   [ RunTime:0.0006s ]
SQL: INSERT INTO `student` (`card_number`,`name`,`sex`,`major`,`class`,`origin`,`dorm`,`identity_card`,`phone`,`short_phone`,`email`,`qq`,`wechat`,`password`) VALUES ('2014190019','吴日升','男','','','','','','','','','','','190019') [ RunTime:0.0005s ]
SQL: SELECT * FROM `student` WHERE `card_number` = '2014190026' LIMIT 1   [ RunTime:0.0006s ]
SQL: INSERT INTO `student` (`card_number`,`name`,`sex`,`major`,`class`,`origin`,`dorm`,`identity_card`,`phone`,`short_phone`,`email`,`qq`,`wechat`,`password`) VALUES ('2014190026','李逸飞','男','','','','','','','','','','','190026') [ RunTime:0.0005s ]
SQL: SELECT * FROM `student` WHERE `card_number` = '2014190034' LIMIT 1   [ RunTime:0.0006s ]
SQL: INSERT INTO `student` (`card_number`,`name`,`sex`,`major`,`class`,`origin`,`dorm`,`identity_card`,`phone`,`short_phone`,`email`,`qq`,`wechat`,`password`) VALUES ('2014190034','孙艺','女','','','','','','','','','','','190034') [ RunTime:0.0005s ]
SQL: SELECT * FROM `student` WHERE `card_number` = '2014190043' LIMIT 1   [ RunTime:0.0005s ]
SQL: INSERT INTO `student` (`card_number`,`name`,`sex`,`major`,`class`,`origin`,`dorm`,`identity_card`,`phone`,`short_phone`,`email`,`qq`,`wechat`,`password`) VALUES ('2014190043','罗慧文','女','','','','','','','','','','','190043') [ RunTime:0.0005s ]
SQL: SELECT * FROM `student` WHERE `card_number` = '2014190054' LIMIT 1   [ RunTime:0.0006s ]
SQL: INSERT INTO `student` (`card_number`,`name`,`sex`,`major`,`class`,`origin`,`dorm`,`identity_card`,`phone`,`short_phone`,`email`,`qq`,`wechat`,`password`) VALUES ('2014190054','黄伟婷','女','','','','','','','','','','','190054') [ RunTime:0.0005s ]
SQL: SELECT * FROM `student` WHERE `card_number` = '2014190059' LIMIT 1   [ RunTime:0.0006s ]
SQL: INSERT INTO `student` (`card_number`,`name`,`sex`,`major`,`class`,`origin`,`dorm`,`identity_card`,`phone`,`short_phone`,`email`,`qq`,`wechat`,`password`) VALUES ('2014190059','曾昭诚','男','','','','','','','','','','','190059') [ RunTime:0.0005s ]
SQL: SELECT * FROM `student` WHERE `card_number` = '2014190060' LIMIT 1   [ RunTime:0.0006s ]
SQL: INSERT INTO `student` (`card_number`,`name`,`sex`,`major`,`class`,`origin`,`dorm`,`identity_card`,`phone`,`short_phone`,`email`,`qq`,`wechat`,`password`) VALUES ('2014190060','张明明','女','','','','','','','','','','','190060') [ RunTime:0.0004s ]
SQL: SELECT * FROM `student` WHERE `card_number` = '2014190064' LIMIT 1   [ RunTime:0.0006s ]
SQL: INSERT INTO `student` (`card_number`,`name`,`sex`,`major`,`class`,`origin`,`dorm`,`identity_card`,`phone`,`short_phone`,`email`,`qq`,`wechat`,`password`) VALUES ('2014190064','方希真','女','','','','','','','','','','','190064') [ RunTime:0.0005s ]
SQL: SELECT * FROM `student` WHERE `card_number` = '2014190075' LIMIT 1   [ RunTime:0.0006s ]
SQL: INSERT INTO `student` (`card_number`,`name`,`sex`,`major`,`class`,`origin`,`dorm`,`identity_card`,`phone`,`short_phone`,`email`,`qq`,`wechat`,`password`) VALUES ('2014190075','卢求来','男','','','','','','','','','','','190075') [ RunTime:0.0005s ]
SQL: SELECT * FROM `student` WHERE `card_number` = '2014190087' LIMIT 1   [ RunTime:0.0006s ]
SQL: INSERT INTO `student` (`card_number`,`name`,`sex`,`major`,`class`,`origin`,`dorm`,`identity_card`,`phone`,`short_phone`,`email`,`qq`,`wechat`,`password`) VALUES ('2014190087','张彦婷','女','','','','','','','','','','','190087') [ RunTime:0.0005s ]
SQL: SELECT * FROM `student` WHERE `card_number` = '2014190102' LIMIT 1   [ RunTime:0.0006s ]
SQL: INSERT INTO `student` (`card_number`,`name`,`sex`,`major`,`class`,`origin`,`dorm`,`identity_card`,`phone`,`short_phone`,`email`,`qq`,`wechat`,`password`) VALUES ('2014190102','杨树','男','','','','','','','','','','','190102') [ RunTime:0.0005s ]
SQL: SELECT * FROM `student` WHERE `card_number` = '2014190108' LIMIT 1   [ RunTime:0.0006s ]
SQL: INSERT INTO `student` (`card_number`,`name`,`sex`,`major`,`class`,`origin`,`dorm`,`identity_card`,`phone`,`short_phone`,`email`,`qq`,`wechat`,`password`) VALUES ('2014190108','黄燕文','女','','','','','','','','','','','190108') [ RunTime:0.0005s ]
SQL: SELECT * FROM `student` WHERE `card_number` = '2014190111' LIMIT 1   [ RunTime:0.0007s ]
SQL: INSERT INTO `student` (`card_number`,`name`,`sex`,`major`,`class`,`origin`,`dorm`,`identity_card`,`phone`,`short_phone`,`email`,`qq`,`wechat`,`password`) VALUES ('2014190111','魏贤聪','男','','','','','','','','','','','190111') [ RunTime:0.0005s ]
SQL: SELECT * FROM `student` WHERE `card_number` = '2014190117' LIMIT 1   [ RunTime:0.0006s ]
SQL: INSERT INTO `student` (`card_number`,`name`,`sex`,`major`,`class`,`origin`,`dorm`,`identity_card`,`phone`,`short_phone`,`email`,`qq`,`wechat`,`password`) VALUES ('2014190117','沈铎超','男','','','','','','','','','','','190117') [ RunTime:0.0005s ]
SQL: SELECT * FROM `student` WHERE `card_number` = '2014190118' LIMIT 1   [ RunTime:0.0007s ]
SQL: INSERT INTO `student` (`card_number`,`name`,`sex`,`major`,`class`,`origin`,`dorm`,`identity_card`,`phone`,`short_phone`,`email`,`qq`,`wechat`,`password`) VALUES ('2014190118','丁奇萌','男','','','','','','','','','','','190118') [ RunTime:0.0006s ]
SQL: SELECT * FROM `student` WHERE `card_number` = '2014190124' LIMIT 1   [ RunTime:0.0007s ]
SQL: INSERT INTO `student` (`card_number`,`name`,`sex`,`major`,`class`,`origin`,`dorm`,`identity_card`,`phone`,`short_phone`,`email`,`qq`,`wechat`,`password`) VALUES ('2014190124','石卓斌','男','','','','','','','','','','','190124') [ RunTime:0.0011s ]
SQL: SELECT * FROM `student` WHERE `card_number` = '2014190127' LIMIT 1   [ RunTime:0.0012s ]
SQL: INSERT INTO `student` (`card_number`,`name`,`sex`,`major`,`class`,`origin`,`dorm`,`identity_card`,`phone`,`short_phone`,`email`,`qq`,`wechat`,`password`) VALUES ('2014190127','林珅申','男','','','','','','','','','','','190127') [ RunTime:0.0007s ]
SQL: SELECT * FROM `student` WHERE `card_number` = '2014190128' LIMIT 1   [ RunTime:0.0012s ]
SQL: INSERT INTO `student` (`card_number`,`name`,`sex`,`major`,`class`,`origin`,`dorm`,`identity_card`,`phone`,`short_phone`,`email`,`qq`,`wechat`,`password`) VALUES ('2014190128','诸凯梦','男','','','','','','','','','','','190128') [ RunTime:0.0009s ]
SQL: SELECT * FROM `student` WHERE `card_number` = '2014190130' LIMIT 1   [ RunTime:0.0009s ]
SQL: INSERT INTO `student` (`card_number`,`name`,`sex`,`major`,`class`,`origin`,`dorm`,`identity_card`,`phone`,`short_phone`,`email`,`qq`,`wechat`,`password`) VALUES ('2014190130','梁志煊','男','','','','','','','','','','','190130') [ RunTime:0.0007s ]
SQL: SELECT * FROM `student` WHERE `card_number` = '2014190132' LIMIT 1   [ RunTime:0.0010s ]
SQL: INSERT INTO `student` (`card_number`,`name`,`sex`,`major`,`class`,`origin`,`dorm`,`identity_card`,`phone`,`short_phone`,`email`,`qq`,`wechat`,`password`) VALUES ('2014190132','陈思宏','男','','','','','','','','','','','190132') [ RunTime:0.0010s ]
SQL: SELECT * FROM `student` WHERE `card_number` = '2014190146' LIMIT 1   [ RunTime:0.0008s ]
SQL: INSERT INTO `student` (`card_number`,`name`,`sex`,`major`,`class`,`origin`,`dorm`,`identity_card`,`phone`,`short_phone`,`email`,`qq`,`wechat`,`password`) VALUES ('2014190146','吴海斯','女','','','','','','','','','','','190146') [ RunTime:0.0006s ]
SQL: SELECT * FROM `student` WHERE `card_number` = '2014190147' LIMIT 1   [ RunTime:0.0005s ]
SQL: INSERT INTO `student` (`card_number`,`name`,`sex`,`major`,`class`,`origin`,`dorm`,`identity_card`,`phone`,`short_phone`,`email`,`qq`,`wechat`,`password`) VALUES ('2014190147','谢甜甜','女','','','','','','','','','','','190147') [ RunTime:0.0004s ]
SQL: SELECT * FROM `student` WHERE `card_number` = '2014190150' LIMIT 1   [ RunTime:0.0005s ]
SQL: INSERT INTO `student` (`card_number`,`name`,`sex`,`major`,`class`,`origin`,`dorm`,`identity_card`,`phone`,`short_phone`,`email`,`qq`,`wechat`,`password`) VALUES ('2014190150','翁伟康','男','','','','','','','','','','','190150') [ RunTime:0.0004s ]
SQL: SELECT * FROM `student` WHERE `card_number` = '2014190159' LIMIT 1   [ RunTime:0.0005s ]
SQL: INSERT INTO `student` (`card_number`,`name`,`sex`,`major`,`class`,`origin`,`dorm`,`identity_card`,`phone`,`short_phone`,`email`,`qq`,`wechat`,`password`) VALUES ('2014190159','林炜','男','','','','','','','','','','','190159') [ RunTime:0.0005s ]

[ 2017-04-26T15:44:13+08:00 ] ::1 /csoaAPI/index.php/Home/User/getStudent
INFO: [ app_init ] --START--
INFO: Run Behavior\BuildLiteBehavior [ RunTime:0.000010s ]
INFO: [ app_init ] --END-- [ RunTime:0.000199s ]
INFO: [ app_begin ] --START--
INFO: Run Behavior\ReadHtmlCacheBehavior [ RunTime:0.000246s ]
INFO: [ app_begin ] --END-- [ RunTime:0.000277s ]
SQL: SHOW COLUMNS FROM `student` [ RunTime:0.0006s ]
SQL: SELECT `id`,`role_id`,`name`,`card_number`,`dorm`,`major`,`phone`,`state` FROM `student`  [ RunTime:0.0015s ]

[ 2017-04-26T15:47:07+08:00 ] ::1 /csoaAPI/index.php/Home/User/importStudent
INFO: [ app_init ] --START--
INFO: Run Behavior\BuildLiteBehavior [ RunTime:0.000035s ]
INFO: [ app_init ] --END-- [ RunTime:0.000454s ]
INFO: [ app_begin ] --START--
INFO: Run Behavior\ReadHtmlCacheBehavior [ RunTime:0.000602s ]
INFO: [ app_begin ] --END-- [ RunTime:0.000694s ]
SQL: SHOW COLUMNS FROM `student` [ RunTime:0.0007s ]
INFO: [ view_parse ] --START--
INFO: [ template_filter ] --START--
INFO: Run Behavior\ContentReplaceBehavior [ RunTime:0.000043s ]
INFO: [ template_filter ] --END-- [ RunTime:0.000086s ]
INFO: Run Behavior\ParseTemplateBehavior [ RunTime:0.004743s ]
INFO: [ view_parse ] --END-- [ RunTime:0.004828s ]
INFO: [ view_filter ] --START--
INFO: Run Behavior\WriteHtmlCacheBehavior [ RunTime:0.000161s ]
INFO: [ view_filter ] --END-- [ RunTime:0.000203s ]

[ 2017-04-26T15:47:07+08:00 ] ::1 /csoaAPI/index.php/Home/User/importStudent
INFO: [ app_init ] --START--
INFO: Run Behavior\BuildLiteBehavior [ RunTime:0.000007s ]
INFO: [ app_init ] --END-- [ RunTime:0.000175s ]
INFO: [ app_begin ] --START--
INFO: Run Behavior\ReadHtmlCacheBehavior [ RunTime:0.000262s ]
INFO: [ app_begin ] --END-- [ RunTime:0.000292s ]
SQL: SHOW COLUMNS FROM `student` [ RunTime:0.0008s ]
NOTIC: [2] call_user_func() expects parameter 1 to be a valid callback, no array or string given /Library/WebServer/Documents/csoaAPI/ThinkPHP/Library/Think/Upload.class.php 第 170 行.
NOTIC: [8] Undefined variable: options /Library/WebServer/Documents/csoaAPI/ThinkPHP/Library/Org/Util/PHPExcel/Settings.php 第 384 行.
NOTIC: [8] Undefined variable: options /Library/WebServer/Documents/csoaAPI/ThinkPHP/Library/Org/Util/PHPExcel/Settings.php 第 384 行.
NOTIC: [8] Undefined variable: options /Library/WebServer/Documents/csoaAPI/ThinkPHP/Library/Org/Util/PHPExcel/Settings.php 第 384 行.
NOTIC: [8] Undefined variable: options /Library/WebServer/Documents/csoaAPI/ThinkPHP/Library/Org/Util/PHPExcel/Settings.php 第 384 行.
NOTIC: [8] Undefined variable: options /Library/WebServer/Documents/csoaAPI/ThinkPHP/Library/Org/Util/PHPExcel/Settings.php 第 384 行.
NOTIC: [8] Undefined variable: options /Library/WebServer/Documents/csoaAPI/ThinkPHP/Library/Org/Util/PHPExcel/Settings.php 第 384 行.
NOTIC: [8] Undefined variable: options /Library/WebServer/Documents/csoaAPI/ThinkPHP/Library/Org/Util/PHPExcel/Settings.php 第 384 行.
NOTIC: [8] Undefined variable: options /Library/WebServer/Documents/csoaAPI/ThinkPHP/Library/Org/Util/PHPExcel/Settings.php 第 384 行.
NOTIC: [8] Undefined variable: options /Library/WebServer/Documents/csoaAPI/ThinkPHP/Library/Org/Util/PHPExcel/Settings.php 第 384 行.
NOTIC: [8] Undefined variable: options /Library/WebServer/Documents/csoaAPI/ThinkPHP/Library/Org/Util/PHPExcel/Settings.php 第 384 行.
NOTIC: [8] Undefined variable: options /Library/WebServer/Documents/csoaAPI/ThinkPHP/Library/Org/Util/PHPExcel/Settings.php 第 384 行.
NOTIC: [8] Undefined variable: options /Library/WebServer/Documents/csoaAPI/ThinkPHP/Library/Org/Util/PHPExcel/Settings.php 第 384 行.
NOTIC: [8] Undefined variable: options /Library/WebServer/Documents/csoaAPI/ThinkPHP/Library/Org/Util/PHPExcel/Settings.php 第 384 行.
SQL: SELECT * FROM `student` WHERE `card_number` = '2013150150' LIMIT 1   [ RunTime:0.0012s ]
SQL: UPDATE `student` SET `card_number`='2013150150',`name`='陈少楷',`sex`='男',`major`='',`class`='',`origin`='',`dorm`='',`identity_card`='',`phone`='',`short_phone`='',`email`='',`qq`='',`wechat`='',`password`='150150' WHERE `card_number` = '2013150150' [ RunTime:0.0070s ]
SQL: SELECT * FROM `student` WHERE `card_number` = '2014190011' LIMIT 1   [ RunTime:0.0016s ]
SQL: UPDATE `student` SET `card_number`='2014190011',`name`='赵紫莹',`sex`='女',`major`='',`class`='',`origin`='',`dorm`='',`identity_card`='',`phone`='',`short_phone`='',`email`='',`qq`='',`wechat`='',`password`='190011' WHERE `card_number` = '2014190011' [ RunTime:0.0012s ]
SQL: SELECT * FROM `student` WHERE `card_number` = '2014190014' LIMIT 1   [ RunTime:0.0005s ]
SQL: UPDATE `student` SET `card_number`='2014190014',`name`='田赛',`sex`='男',`major`='',`class`='',`origin`='',`dorm`='',`identity_card`='',`phone`='',`short_phone`='',`email`='',`qq`='',`wechat`='',`password`='190014' WHERE `card_number` = '2014190014' [ RunTime:0.0007s ]
SQL: SELECT * FROM `student` WHERE `card_number` = '2014190019' LIMIT 1   [ RunTime:0.0005s ]
SQL: UPDATE `student` SET `card_number`='2014190019',`name`='吴日升',`sex`='男',`major`='',`class`='',`origin`='',`dorm`='',`identity_card`='',`phone`='',`short_phone`='',`email`='',`qq`='',`wechat`='',`password`='190019' WHERE `card_number` = '2014190019' [ RunTime:0.0007s ]
SQL: SELECT * FROM `student` WHERE `card_number` = '2014190026' LIMIT 1   [ RunTime:0.0006s ]
SQL: UPDATE `student` SET `card_number`='2014190026',`name`='李逸飞',`sex`='男',`major`='',`class`='',`origin`='',`dorm`='',`identity_card`='',`phone`='',`short_phone`='',`email`='',`qq`='',`wechat`='',`password`='190026' WHERE `card_number` = '2014190026' [ RunTime:0.0014s ]
SQL: SELECT * FROM `student` WHERE `card_number` = '2014190034' LIMIT 1   [ RunTime:0.0009s ]
SQL: UPDATE `student` SET `card_number`='2014190034',`name`='孙艺',`sex`='女',`major`='',`class`='',`origin`='',`dorm`='',`identity_card`='',`phone`='',`short_phone`='',`email`='',`qq`='',`wechat`='',`password`='190034' WHERE `card_number` = '2014190034' [ RunTime:0.0016s ]
SQL: SELECT * FROM `student` WHERE `card_number` = '2014190043' LIMIT 1   [ RunTime:0.0015s ]
SQL: UPDATE `student` SET `card_number`='2014190043',`name`='罗慧文',`sex`='女',`major`='',`class`='',`origin`='',`dorm`='',`identity_card`='',`phone`='',`short_phone`='',`email`='',`qq`='',`wechat`='',`password`='190043' WHERE `card_number` = '2014190043' [ RunTime:0.0014s ]
SQL: SELECT * FROM `student` WHERE `card_number` = '2014190054' LIMIT 1   [ RunTime:0.0010s ]
SQL: UPDATE `student` SET `card_number`='2014190054',`name`='黄伟婷',`sex`='女',`major`='',`class`='',`origin`='',`dorm`='',`identity_card`='',`phone`='',`short_phone`='',`email`='',`qq`='',`wechat`='',`password`='190054' WHERE `card_number` = '2014190054' [ RunTime:0.0015s ]
SQL: SELECT * FROM `student` WHERE `card_number` = '2014190059' LIMIT 1   [ RunTime:0.0011s ]
SQL: UPDATE `student` SET `card_number`='2014190059',`name`='曾昭诚',`sex`='男',`major`='',`class`='',`origin`='',`dorm`='',`identity_card`='',`phone`='',`short_phone`='',`email`='',`qq`='',`wechat`='',`password`='190059' WHERE `card_number` = '2014190059' [ RunTime:0.0015s ]
SQL: SELECT * FROM `student` WHERE `card_number` = '2014190060' LIMIT 1   [ RunTime:0.0006s ]
SQL: UPDATE `student` SET `card_number`='2014190060',`name`='张明明',`sex`='女',`major`='',`class`='',`origin`='',`dorm`='',`identity_card`='',`phone`='',`short_phone`='',`email`='',`qq`='',`wechat`='',`password`='190060' WHERE `card_number` = '2014190060' [ RunTime:0.0008s ]
SQL: SELECT * FROM `student` WHERE `card_number` = '2014190064' LIMIT 1   [ RunTime:0.0005s ]
SQL: UPDATE `student` SET `card_number`='2014190064',`name`='方希真',`sex`='女',`major`='',`class`='',`origin`='',`dorm`='',`identity_card`='',`phone`='',`short_phone`='',`email`='',`qq`='',`wechat`='',`password`='190064' WHERE `card_number` = '2014190064' [ RunTime:0.0008s ]
SQL: SELECT * FROM `student` WHERE `card_number` = '2014190075' LIMIT 1   [ RunTime:0.0006s ]
SQL: UPDATE `student` SET `card_number`='2014190075',`name`='卢求来',`sex`='男',`major`='',`class`='',`origin`='',`dorm`='',`identity_card`='',`phone`='',`short_phone`='',`email`='',`qq`='',`wechat`='',`password`='190075' WHERE `card_number` = '2014190075' [ RunTime:0.0009s ]
SQL: SELECT * FROM `student` WHERE `card_number` = '2014190087' LIMIT 1   [ RunTime:0.0006s ]
SQL: UPDATE `student` SET `card_number`='2014190087',`name`='张彦婷',`sex`='女',`major`='',`class`='',`origin`='',`dorm`='',`identity_card`='',`phone`='',`short_phone`='',`email`='',`qq`='',`wechat`='',`password`='190087' WHERE `card_number` = '2014190087' [ RunTime:0.0009s ]
SQL: SELECT * FROM `student` WHERE `card_number` = '2014190102' LIMIT 1   [ RunTime:0.0006s ]
SQL: UPDATE `student` SET `card_number`='2014190102',`name`='杨树',`sex`='男',`major`='',`class`='',`origin`='',`dorm`='',`identity_card`='',`phone`='',`short_phone`='',`email`='',`qq`='',`wechat`='',`password`='190102' WHERE `card_number` = '2014190102' [ RunTime:0.0010s ]
SQL: SELECT * FROM `student` WHERE `card_number` = '2014190108' LIMIT 1   [ RunTime:0.0006s ]
SQL: UPDATE `student` SET `card_number`='2014190108',`name`='黄燕文',`sex`='女',`major`='',`class`='',`origin`='',`dorm`='',`identity_card`='',`phone`='',`short_phone`='',`email`='',`qq`='',`wechat`='',`password`='190108' WHERE `card_number` = '2014190108' [ RunTime:0.0009s ]
SQL: SELECT * FROM `student` WHERE `card_number` = '2014190111' LIMIT 1   [ RunTime:0.0006s ]
SQL: UPDATE `student` SET `card_number`='2014190111',`name`='魏贤聪',`sex`='男',`major`='',`class`='',`origin`='',`dorm`='',`identity_card`='',`phone`='',`short_phone`='',`email`='',`qq`='',`wechat`='',`password`='190111' WHERE `card_number` = '2014190111' [ RunTime:0.0009s ]
SQL: SELECT * FROM `student` WHERE `card_number` = '2014190117' LIMIT 1   [ RunTime:0.0008s ]
SQL: UPDATE `student` SET `card_number`='2014190117',`name`='沈铎超',`sex`='男',`major`='',`class`='',`origin`='',`dorm`='',`identity_card`='',`phone`='',`short_phone`='',`email`='',`qq`='',`wechat`='',`password`='190117' WHERE `card_number` = '2014190117' [ RunTime:0.0011s ]
SQL: SELECT * FROM `student` WHERE `card_number` = '2014190118' LIMIT 1   [ RunTime:0.0012s ]
SQL: UPDATE `student` SET `card_number`='2014190118',`name`='丁奇萌',`sex`='男',`major`='',`class`='',`origin`='',`dorm`='',`identity_card`='',`phone`='',`short_phone`='',`email`='',`qq`='',`wechat`='',`password`='190118' WHERE `card_number` = '2014190118' [ RunTime:0.0016s ]
SQL: SELECT * FROM `student` WHERE `card_number` = '2014190124' LIMIT 1   [ RunTime:0.0011s ]
SQL: UPDATE `student` SET `card_number`='2014190124',`name`='石卓斌',`sex`='男',`major`='',`class`='',`origin`='',`dorm`='',`identity_card`='',`phone`='',`short_phone`='',`email`='',`qq`='',`wechat`='',`password`='190124' WHERE `card_number` = '2014190124' [ RunTime:0.0031s ]
SQL: SELECT * FROM `student` WHERE `card_number` = '2014190127' LIMIT 1   [ RunTime:0.0012s ]
SQL: UPDATE `student` SET `card_number`='2014190127',`name`='林珅申',`sex`='男',`major`='',`class`='',`origin`='',`dorm`='',`identity_card`='',`phone`='',`short_phone`='',`email`='',`qq`='',`wechat`='',`password`='190127' WHERE `card_number` = '2014190127' [ RunTime:0.0011s ]
SQL: SELECT * FROM `student` WHERE `card_number` = '2014190128' LIMIT 1   [ RunTime:0.0008s ]
SQL: UPDATE `student` SET `card_number`='2014190128',`name`='诸凯梦',`sex`='男',`major`='',`class`='',`origin`='',`dorm`='',`identity_card`='',`phone`='',`short_phone`='',`email`='',`qq`='',`wechat`='',`password`='190128' WHERE `card_number` = '2014190128' [ RunTime:0.0008s ]
SQL: SELECT * FROM `student` WHERE `card_number` = '2014190130' LIMIT 1   [ RunTime:0.0005s ]
SQL: UPDATE `student` SET `card_number`='2014190130',`name`='梁志煊',`sex`='男',`major`='',`class`='',`origin`='',`dorm`='',`identity_card`='',`phone`='',`short_phone`='',`email`='',`qq`='',`wechat`='',`password`='190130' WHERE `card_number` = '2014190130' [ RunTime:0.0007s ]
SQL: SELECT * FROM `student` WHERE `card_number` = '2014190132' LIMIT 1   [ RunTime:0.0005s ]
SQL: UPDATE `student` SET `card_number`='2014190132',`name`='陈思宏',`sex`='男',`major`='',`class`='',`origin`='',`dorm`='',`identity_card`='',`phone`='',`short_phone`='',`email`='',`qq`='',`wechat`='',`password`='190132' WHERE `card_number` = '2014190132' [ RunTime:0.0012s ]
SQL: SELECT * FROM `student` WHERE `card_number` = '2014190146' LIMIT 1   [ RunTime:0.0011s ]
SQL: UPDATE `student` SET `card_number`='2014190146',`name`='吴海斯',`sex`='女',`major`='',`class`='',`origin`='',`dorm`='',`identity_card`='',`phone`='',`short_phone`='',`email`='',`qq`='',`wechat`='',`password`='190146' WHERE `card_number` = '2014190146' [ RunTime:0.0021s ]
SQL: SELECT * FROM `student` WHERE `card_number` = '2014190147' LIMIT 1   [ RunTime:0.0012s ]
SQL: UPDATE `student` SET `card_number`='2014190147',`name`='谢甜甜',`sex`='女',`major`='',`class`='',`origin`='',`dorm`='',`identity_card`='',`phone`='',`short_phone`='',`email`='',`qq`='',`wechat`='',`password`='190147' WHERE `card_number` = '2014190147' [ RunTime:0.0022s ]
SQL: SELECT * FROM `student` WHERE `card_number` = '2014190150' LIMIT 1   [ RunTime:0.0011s ]
SQL: UPDATE `student` SET `card_number`='2014190150',`name`='翁伟康',`sex`='男',`major`='',`class`='',`origin`='',`dorm`='',`identity_card`='',`phone`='',`short_phone`='',`email`='',`qq`='',`wechat`='',`password`='190150' WHERE `card_number` = '2014190150' [ RunTime:0.0014s ]
SQL: SELECT * FROM `student` WHERE `card_number` = '2014190159' LIMIT 1   [ RunTime:0.0009s ]
SQL: UPDATE `student` SET `card_number`='2014190159',`name`='林炜',`sex`='男',`major`='',`class`='',`origin`='',`dorm`='',`identity_card`='',`phone`='',`short_phone`='',`email`='',`qq`='',`wechat`='',`password`='190159' WHERE `card_number` = '2014190159' [ RunTime:0.0014s ]

[ 2017-04-26T15:47:09+08:00 ] ::1 /csoaAPI/index.php/Home/User/getStudent
INFO: [ app_init ] --START--
INFO: Run Behavior\BuildLiteBehavior [ RunTime:0.000009s ]
INFO: [ app_init ] --END-- [ RunTime:0.000191s ]
INFO: [ app_begin ] --START--
INFO: Run Behavior\ReadHtmlCacheBehavior [ RunTime:0.000248s ]
INFO: [ app_begin ] --END-- [ RunTime:0.000281s ]
SQL: SHOW COLUMNS FROM `student` [ RunTime:0.0006s ]
SQL: SELECT `id`,`role_id`,`name`,`card_number`,`dorm`,`major`,`phone`,`state` FROM `student`  [ RunTime:0.0018s ]

[ 2017-04-26T15:47:12+08:00 ] ::1 /csoaAPI/index.php/Home/User/getTeacher
INFO: [ app_init ] --START--
INFO: Run Behavior\BuildLiteBehavior [ RunTime:0.000010s ]
INFO: [ app_init ] --END-- [ RunTime:0.000194s ]
INFO: [ app_begin ] --START--
INFO: Run Behavior\ReadHtmlCacheBehavior [ RunTime:0.000247s ]
INFO: [ app_begin ] --END-- [ RunTime:0.000279s ]
SQL: SHOW COLUMNS FROM `teacher` [ RunTime:0.0005s ]
SQL: SELECT `id`,`role_id`,`name`,`card_number`,`office`,`telephone`,`department`,`phone`,`state` FROM `teacher`  [ RunTime:0.0004s ]

[ 2017-04-26T15:47:13+08:00 ] ::1 /csoaAPI/index.php/Home/User/getStudent
INFO: [ app_init ] --START--
INFO: Run Behavior\BuildLiteBehavior [ RunTime:0.000011s ]
INFO: [ app_init ] --END-- [ RunTime:0.000338s ]
INFO: [ app_begin ] --START--
INFO: Run Behavior\ReadHtmlCacheBehavior [ RunTime:0.000395s ]
INFO: [ app_begin ] --END-- [ RunTime:0.000443s ]
SQL: SHOW COLUMNS FROM `student` [ RunTime:0.0005s ]
SQL: SELECT `id`,`role_id`,`name`,`card_number`,`dorm`,`major`,`phone`,`state` FROM `student`  [ RunTime:0.0019s ]

[ 2017-04-26T15:47:30+08:00 ] ::1 /csoaAPI/index.php/Home/User/getTeacher
INFO: [ app_init ] --START--
INFO: Run Behavior\BuildLiteBehavior [ RunTime:0.000014s ]
INFO: [ app_init ] --END-- [ RunTime:0.000303s ]
INFO: [ app_begin ] --START--
INFO: Run Behavior\ReadHtmlCacheBehavior [ RunTime:0.000388s ]
INFO: [ app_begin ] --END-- [ RunTime:0.000442s ]
SQL: SHOW COLUMNS FROM `teacher` [ RunTime:0.0005s ]
SQL: SELECT `id`,`role_id`,`name`,`card_number`,`office`,`telephone`,`department`,`phone`,`state` FROM `teacher`  [ RunTime:0.0004s ]

[ 2017-04-26T15:47:49+08:00 ] ::1 /csoaAPI/index.php/Home/User/getStudent
INFO: [ app_init ] --START--
INFO: Run Behavior\BuildLiteBehavior [ RunTime:0.000010s ]
INFO: [ app_init ] --END-- [ RunTime:0.000198s ]
INFO: [ app_begin ] --START--
INFO: Run Behavior\ReadHtmlCacheBehavior [ RunTime:0.000275s ]
INFO: [ app_begin ] --END-- [ RunTime:0.000331s ]
SQL: SHOW COLUMNS FROM `student` [ RunTime:0.0005s ]
SQL: SELECT `id`,`role_id`,`name`,`card_number`,`dorm`,`major`,`phone`,`state` FROM `student`  [ RunTime:0.0014s ]

[ 2017-04-26T18:22:46+08:00 ] ::1 /csoaAPI/index.php/Home/User/getRole
INFO: [ app_init ] --START--
INFO: Run Behavior\BuildLiteBehavior [ RunTime:0.000021s ]
INFO: [ app_init ] --END-- [ RunTime:0.000622s ]
INFO: [ app_begin ] --START--
INFO: Run Behavior\ReadHtmlCacheBehavior [ RunTime:0.000696s ]
INFO: [ app_begin ] --END-- [ RunTime:0.000764s ]
SQL: SHOW COLUMNS FROM `role` [ RunTime:0.0059s ]

[ 2017-04-26T18:22:46+08:00 ] ::1 /csoaAPI/index.php/Home/User/getUserInfo
INFO: [ app_init ] --START--
INFO: Run Behavior\BuildLiteBehavior [ RunTime:0.000019s ]
INFO: [ app_init ] --END-- [ RunTime:0.000379s ]
INFO: [ app_begin ] --START--
INFO: Run Behavior\ReadHtmlCacheBehavior [ RunTime:0.000639s ]
INFO: [ app_begin ] --END-- [ RunTime:0.000715s ]
SQL: SHOW COLUMNS FROM `user` [ RunTime:0.0006s ]
SQL: SHOW COLUMNS FROM `student` [ RunTime:0.0005s ]
SQL: SHOW COLUMNS FROM `teacher` [ RunTime:0.0005s ]
SQL: SHOW COLUMNS FROM `role` [ RunTime:0.0008s ]
SQL: SHOW COLUMNS FROM `log` [ RunTime:0.0008s ]
NOTIC: [8] Undefined variable: log /Library/WebServer/Documents/csoaAPI/Application/Home/Controller/UserController.class.php 第 227 行.
NOTIC: [8] Undefined variable: user /Library/WebServer/Documents/csoaAPI/Application/Home/Controller/UserController.class.php 第 230 行.

