[ 2017-05-30T14:13:00+08:00 ] ::1 /csoaAPI/index.php/Home/User/getUserInfo
INFO: [ app_init ] --START--
INFO: Run Behavior\BuildLiteBehavior [ RunTime:0.000052s ]
INFO: [ app_init ] --END-- [ RunTime:0.001396s ]
INFO: [ app_begin ] --START--
INFO: Run Behavior\ReadHtmlCacheBehavior [ RunTime:0.000632s ]
INFO: [ app_begin ] --END-- [ RunTime:0.000689s ]
SQL: SHOW COLUMNS FROM `user` [ RunTime:0.0123s ]
SQL: SHOW COLUMNS FROM `student` [ RunTime:0.0017s ]
SQL: SHOW COLUMNS FROM `teacher` [ RunTime:0.0010s ]
SQL: SHOW COLUMNS FROM `role` [ RunTime:0.0006s ]
SQL: SHOW COLUMNS FROM `log` [ RunTime:0.0007s ]
NOTIC: [8] Undefined index: role_id /Library/WebServer/Documents/csoaAPI/Application/Home/Common/function.php 第 13 行.
NOTIC: [8] Undefined index: userName /Library/WebServer/Documents/csoaAPI/Application/Home/Common/function.php 第 14 行.

[ 2017-05-30T14:13:00+08:00 ] ::1 /csoaAPI/index.php/Home/User/getRole
INFO: [ app_init ] --START--
INFO: Run Behavior\BuildLiteBehavior [ RunTime:0.000022s ]
INFO: [ app_init ] --END-- [ RunTime:0.001244s ]
INFO: [ app_begin ] --START--
INFO: Run Behavior\ReadHtmlCacheBehavior [ RunTime:0.000357s ]
INFO: [ app_begin ] --END-- [ RunTime:0.000416s ]
SQL: SHOW COLUMNS FROM `role` [ RunTime:0.0123s ]
NOTIC: [8] Undefined index: role_id /Library/WebServer/Documents/csoaAPI/Application/Home/Common/function.php 第 4 行.

[ 2017-05-30T14:13:09+08:00 ] ::1 /csoaAPI/index.php/Home/User/login
INFO: [ app_init ] --START--
INFO: Run Behavior\BuildLiteBehavior [ RunTime:0.000017s ]
INFO: [ app_init ] --END-- [ RunTime:0.000280s ]
INFO: [ app_begin ] --START--
INFO: Run Behavior\ReadHtmlCacheBehavior [ RunTime:0.000459s ]
INFO: [ app_begin ] --END-- [ RunTime:0.000512s ]
SQL: SHOW COLUMNS FROM `user` [ RunTime:0.0009s ]
SQL: SHOW COLUMNS FROM `student` [ RunTime:0.0006s ]
SQL: SHOW COLUMNS FROM `teacher` [ RunTime:0.0005s ]
SQL: SHOW COLUMNS FROM `role` [ RunTime:0.0004s ]
SQL: SHOW COLUMNS FROM `log` [ RunTime:0.0003s ]
SQL: SELECT * FROM `user` LIMIT 1   [ RunTime:0.0010s ]
SQL: SELECT * FROM `teacher` WHERE `card_number` = '72796' LIMIT 1   [ RunTime:0.0016s ]
SQL: SELECT * FROM `student` WHERE `card_number` = '72796' LIMIT 1   [ RunTime:0.0005s ]
SQL: INSERT INTO `log` (`userName`,`time`,`ip`,`state`) VALUES ('72796','1496124789','0.0.0.0','登陆成功') [ RunTime:0.0054s ]

[ 2017-05-30T14:13:09+08:00 ] ::1 /csoaAPI/index.php/Home/User/getRole
INFO: [ app_init ] --START--
INFO: Run Behavior\BuildLiteBehavior [ RunTime:0.000012s ]
INFO: [ app_init ] --END-- [ RunTime:0.000296s ]
INFO: [ app_begin ] --START--
INFO: Run Behavior\ReadHtmlCacheBehavior [ RunTime:0.000355s ]
INFO: [ app_begin ] --END-- [ RunTime:0.000398s ]
SQL: SHOW COLUMNS FROM `role` [ RunTime:0.0008s ]
SQL: SELECT * FROM `role` WHERE `id` = 2 LIMIT 1   [ RunTime:0.0010s ]

[ 2017-05-30T14:13:09+08:00 ] ::1 /csoaAPI/index.php/Home/User/getUserInfo
INFO: [ app_init ] --START--
INFO: Run Behavior\BuildLiteBehavior [ RunTime:0.000013s ]
INFO: [ app_init ] --END-- [ RunTime:0.000291s ]
INFO: [ app_begin ] --START--
INFO: Run Behavior\ReadHtmlCacheBehavior [ RunTime:0.000361s ]
INFO: [ app_begin ] --END-- [ RunTime:0.000416s ]
SQL: SHOW COLUMNS FROM `user` [ RunTime:0.0006s ]
SQL: SHOW COLUMNS FROM `student` [ RunTime:0.0009s ]
SQL: SHOW COLUMNS FROM `teacher` [ RunTime:0.0007s ]
SQL: SHOW COLUMNS FROM `role` [ RunTime:0.0007s ]
SQL: SHOW COLUMNS FROM `log` [ RunTime:0.0006s ]
SQL: SELECT `id`,`card_number`,`name`,`office`,`telephone`,`phone`,`short_phone`,`email`,`qq`,`wechat`,`department`,`comment`,`state`,`role_id` FROM `teacher` WHERE `card_number` = '72796' LIMIT 1   [ RunTime:0.0010s ]
SQL: SELECT `userName`,`time`,`state`,`ip` FROM `log` ORDER BY time desc LIMIT 1   [ RunTime:0.0031s ]

[ 2017-05-30T14:13:12+08:00 ] ::1 /csoaAPI/index.php/Home/Graduate/getYear
INFO: [ app_init ] --START--
INFO: Run Behavior\BuildLiteBehavior [ RunTime:0.000010s ]
INFO: [ app_init ] --END-- [ RunTime:0.000192s ]
INFO: [ app_begin ] --START--
INFO: Run Behavior\ReadHtmlCacheBehavior [ RunTime:0.000307s ]
INFO: [ app_begin ] --END-- [ RunTime:0.000351s ]
SQL: SHOW COLUMNS FROM `graduate_year` [ RunTime:0.0009s ]
SQL: SELECT * FROM `graduate_year` ORDER BY year desc  [ RunTime:0.0005s ]

[ 2017-05-30T14:13:12+08:00 ] ::1 /csoaAPI/index.php/Home/Graduate/getGraduateStudent?year_id=1
INFO: [ app_init ] --START--
INFO: Run Behavior\BuildLiteBehavior [ RunTime:0.000008s ]
INFO: [ app_init ] --END-- [ RunTime:0.000171s ]
INFO: [ app_begin ] --START--
INFO: Run Behavior\ReadHtmlCacheBehavior [ RunTime:0.000212s ]
INFO: [ app_begin ] --END-- [ RunTime:0.000238s ]
SQL: SHOW COLUMNS FROM `graduate_student` [ RunTime:0.0011s ]
SQL: SHOW COLUMNS FROM `project` [ RunTime:0.0015s ]
SQL: SHOW COLUMNS FROM `teacher` [ RunTime:0.0027s ]
SQL: SHOW COLUMNS FROM `student` [ RunTime:0.0015s ]
SQL: SELECT graduate_student.id,`project_id`,`teacher_id`,`year_id`,`student_id`,`grade`,`name`,`card_number` FROM `graduate_student` INNER JOIN student ON graduate_student.student_id = student.id  WHERE ( graduate_student.year_id = 1 ) ORDER BY card_number  [ RunTime:0.0033s ]
SQL: SELECT `project_name` FROM `project` WHERE ( id = 1 ) LIMIT 1   [ RunTime:0.0005s ]
SQL: SELECT `name` FROM `teacher` WHERE ( id = 42 ) LIMIT 1   [ RunTime:0.0003s ]

[ 2017-05-30T14:13:20+08:00 ] ::1 /csoaAPI/index.php/Home/Graduate/addStudent
INFO: [ app_init ] --START--
INFO: Run Behavior\BuildLiteBehavior [ RunTime:0.000012s ]
INFO: [ app_init ] --END-- [ RunTime:0.000417s ]
INFO: [ app_begin ] --START--
INFO: Run Behavior\ReadHtmlCacheBehavior [ RunTime:0.000538s ]
INFO: [ app_begin ] --END-- [ RunTime:0.000635s ]
SQL: SHOW COLUMNS FROM `graduate_student` [ RunTime:0.0006s ]
SQL: SHOW COLUMNS FROM `student` [ RunTime:0.0004s ]
SQL: SELECT `id` FROM `student` WHERE `card_number` = '2014150122' LIMIT 1   [ RunTime:0.0002s ]
SQL: SELECT * FROM `graduate_student` WHERE `student_id` = 47 AND `year_id` = 1 LIMIT 1   [ RunTime:0.0003s ]
SQL: INSERT INTO `graduate_student` (`year_id`,`student_id`) VALUES ('1','47') [ RunTime:0.0012s ]

[ 2017-05-30T14:13:20+08:00 ] ::1 /csoaAPI/index.php/Home/Graduate/getGraduateStudent?year_id=1
INFO: [ app_init ] --START--
INFO: Run Behavior\BuildLiteBehavior [ RunTime:0.000008s ]
INFO: [ app_init ] --END-- [ RunTime:0.000343s ]
INFO: [ app_begin ] --START--
INFO: Run Behavior\ReadHtmlCacheBehavior [ RunTime:0.000233s ]
INFO: [ app_begin ] --END-- [ RunTime:0.000261s ]
SQL: SHOW COLUMNS FROM `graduate_student` [ RunTime:0.0005s ]
SQL: SHOW COLUMNS FROM `project` [ RunTime:0.0005s ]
SQL: SHOW COLUMNS FROM `teacher` [ RunTime:0.0005s ]
SQL: SHOW COLUMNS FROM `student` [ RunTime:0.0005s ]
SQL: SELECT graduate_student.id,`project_id`,`teacher_id`,`year_id`,`student_id`,`grade`,`name`,`card_number` FROM `graduate_student` INNER JOIN student ON graduate_student.student_id = student.id  WHERE ( graduate_student.year_id = 1 ) ORDER BY card_number  [ RunTime:0.0005s ]
SQL: SELECT `project_name` FROM `project` WHERE ( id = 1 ) LIMIT 1   [ RunTime:0.0002s ]
SQL: SELECT `name` FROM `teacher` WHERE ( id = 42 ) LIMIT 1   [ RunTime:0.0002s ]

[ 2017-05-30T14:13:24+08:00 ] ::1 /csoaAPI/index.php/Home/Practice/export?year_id=1
INFO: [ app_init ] --START--
INFO: Run Behavior\BuildLiteBehavior [ RunTime:0.000008s ]
INFO: [ app_init ] --END-- [ RunTime:0.000171s ]
INFO: [ app_begin ] --START--
INFO: Run Behavior\ReadHtmlCacheBehavior [ RunTime:0.000389s ]
INFO: [ app_begin ] --END-- [ RunTime:0.000442s ]
SQL: SHOW COLUMNS FROM `practice_student` [ RunTime:0.0006s ]
SQL: SHOW COLUMNS FROM `job` [ RunTime:0.0007s ]
SQL: SHOW COLUMNS FROM `teacher` [ RunTime:0.0006s ]
SQL: SHOW COLUMNS FROM `student` [ RunTime:0.0006s ]
SQL: SELECT `grade`,`name`,`major`,`class`,`card_number`,`identity_card`,`phone` FROM `practice_student` INNER JOIN student ON practice_student.student_id = student.id  WHERE ( practice_student.year_id = 1 ) ORDER BY card_number  [ RunTime:0.0009s ]
NOTIC: [8] Undefined variable: fileName /Library/WebServer/Documents/csoaAPI/Application/Home/Controller/PracticeController.class.php 第 182 行.
NOTIC: [8] ob_end_clean(): failed to delete buffer. No buffer to delete /Library/WebServer/Documents/csoaAPI/Application/Home/Controller/PracticeController.class.php 第 234 行.

[ 2017-05-30T14:13:29+08:00 ] ::1 /csoaAPI/index.php/Home/Practice/getYear
INFO: [ app_init ] --START--
INFO: Run Behavior\BuildLiteBehavior [ RunTime:0.000012s ]
INFO: [ app_init ] --END-- [ RunTime:0.000292s ]
INFO: [ app_begin ] --START--
INFO: Run Behavior\ReadHtmlCacheBehavior [ RunTime:0.000354s ]
INFO: [ app_begin ] --END-- [ RunTime:0.000397s ]
SQL: SHOW COLUMNS FROM `practice_year` [ RunTime:0.0006s ]
SQL: SELECT * FROM `practice_year` ORDER BY year desc  [ RunTime:0.0003s ]

[ 2017-05-30T14:13:32+08:00 ] ::1 /csoaAPI/index.php/Home/Graduate/getYear
INFO: [ app_init ] --START--
INFO: Run Behavior\BuildLiteBehavior [ RunTime:0.000013s ]
INFO: [ app_init ] --END-- [ RunTime:0.000357s ]
INFO: [ app_begin ] --START--
INFO: Run Behavior\ReadHtmlCacheBehavior [ RunTime:0.000390s ]
INFO: [ app_begin ] --END-- [ RunTime:0.000442s ]
SQL: SHOW COLUMNS FROM `graduate_year` [ RunTime:0.0004s ]
SQL: SELECT * FROM `graduate_year` ORDER BY year desc  [ RunTime:0.0004s ]

[ 2017-05-30T14:13:32+08:00 ] ::1 /csoaAPI/index.php/Home/Graduate/getGraduateStudent?year_id=1
INFO: [ app_init ] --START--
INFO: Run Behavior\BuildLiteBehavior [ RunTime:0.000010s ]
INFO: [ app_init ] --END-- [ RunTime:0.000234s ]
INFO: [ app_begin ] --START--
INFO: Run Behavior\ReadHtmlCacheBehavior [ RunTime:0.000321s ]
INFO: [ app_begin ] --END-- [ RunTime:0.000357s ]
SQL: SHOW COLUMNS FROM `graduate_student` [ RunTime:0.0005s ]
SQL: SHOW COLUMNS FROM `project` [ RunTime:0.0004s ]
SQL: SHOW COLUMNS FROM `teacher` [ RunTime:0.0005s ]
SQL: SHOW COLUMNS FROM `student` [ RunTime:0.0004s ]
SQL: SELECT graduate_student.id,`project_id`,`teacher_id`,`year_id`,`student_id`,`grade`,`name`,`card_number` FROM `graduate_student` INNER JOIN student ON graduate_student.student_id = student.id  WHERE ( graduate_student.year_id = 1 ) ORDER BY card_number  [ RunTime:0.0003s ]
SQL: SELECT `project_name` FROM `project` WHERE ( id = 1 ) LIMIT 1   [ RunTime:0.0002s ]
SQL: SELECT `name` FROM `teacher` WHERE ( id = 42 ) LIMIT 1   [ RunTime:0.0002s ]

[ 2017-05-30T14:14:34+08:00 ] ::1 /csoaAPI/index.php/Home/Practice/getYear
INFO: [ app_init ] --START--
INFO: Run Behavior\BuildLiteBehavior [ RunTime:0.000021s ]
INFO: [ app_init ] --END-- [ RunTime:0.000593s ]
INFO: [ app_begin ] --START--
INFO: Run Behavior\ReadHtmlCacheBehavior [ RunTime:0.000655s ]
INFO: [ app_begin ] --END-- [ RunTime:0.000724s ]
SQL: SHOW COLUMNS FROM `practice_year` [ RunTime:0.0009s ]
SQL: SELECT * FROM `practice_year` ORDER BY year desc  [ RunTime:0.0003s ]

[ 2017-05-30T14:14:43+08:00 ] ::1 /csoaAPI/index.php/Home/Practice/deleteYear?id=14
INFO: [ app_init ] --START--
INFO: Run Behavior\BuildLiteBehavior [ RunTime:0.000014s ]
INFO: [ app_init ] --END-- [ RunTime:0.000256s ]
INFO: [ app_begin ] --START--
INFO: Run Behavior\ReadHtmlCacheBehavior [ RunTime:0.000526s ]
INFO: [ app_begin ] --END-- [ RunTime:0.000615s ]
SQL: SHOW COLUMNS FROM `practice_year` [ RunTime:0.0013s ]
SQL: SHOW COLUMNS FROM `practice_student` [ RunTime:0.0012s ]
SQL: DELETE FROM `practice_year` WHERE ( id = 14 ) [ RunTime:0.0033s ]

[ 2017-05-30T14:14:43+08:00 ] ::1 /csoaAPI/index.php/Home/Practice/getYear
INFO: [ app_init ] --START--
INFO: Run Behavior\BuildLiteBehavior [ RunTime:0.000009s ]
INFO: [ app_init ] --END-- [ RunTime:0.000183s ]
INFO: [ app_begin ] --START--
INFO: Run Behavior\ReadHtmlCacheBehavior [ RunTime:0.000222s ]
INFO: [ app_begin ] --END-- [ RunTime:0.000294s ]
SQL: SHOW COLUMNS FROM `practice_year` [ RunTime:0.0004s ]
SQL: SELECT * FROM `practice_year` ORDER BY year desc  [ RunTime:0.0005s ]

[ 2017-05-30T14:24:38+08:00 ] ::1 /csoaAPI/index.php/Home/User/getRole
INFO: [ app_init ] --START--
INFO: Run Behavior\BuildLiteBehavior [ RunTime:0.000019s ]
INFO: [ app_init ] --END-- [ RunTime:0.000626s ]
INFO: [ app_begin ] --START--
INFO: Run Behavior\ReadHtmlCacheBehavior [ RunTime:0.000589s ]
INFO: [ app_begin ] --END-- [ RunTime:0.000644s ]
SQL: SHOW COLUMNS FROM `role` [ RunTime:0.0007s ]
SQL: SELECT * FROM `role` WHERE `id` = 2 LIMIT 1   [ RunTime:0.0004s ]

[ 2017-05-30T14:24:38+08:00 ] ::1 /csoaAPI/index.php/Home/Practice/getYear
INFO: [ app_init ] --START--
INFO: Run Behavior\BuildLiteBehavior [ RunTime:0.000009s ]
INFO: [ app_init ] --END-- [ RunTime:0.000204s ]
INFO: [ app_begin ] --START--
INFO: Run Behavior\ReadHtmlCacheBehavior [ RunTime:0.000258s ]
INFO: [ app_begin ] --END-- [ RunTime:0.000296s ]
SQL: SHOW COLUMNS FROM `practice_year` [ RunTime:0.0004s ]
SQL: SELECT * FROM `practice_year` ORDER BY year desc  [ RunTime:0.0003s ]

[ 2017-05-30T14:24:40+08:00 ] ::1 /csoaAPI/index.php/Home/Graduate/getYear
INFO: [ app_init ] --START--
INFO: Run Behavior\BuildLiteBehavior [ RunTime:0.000012s ]
INFO: [ app_init ] --END-- [ RunTime:0.000234s ]
INFO: [ app_begin ] --START--
INFO: Run Behavior\ReadHtmlCacheBehavior [ RunTime:0.000483s ]
INFO: [ app_begin ] --END-- [ RunTime:0.000550s ]
SQL: SHOW COLUMNS FROM `graduate_year` [ RunTime:0.0005s ]
SQL: SELECT * FROM `graduate_year` ORDER BY year desc  [ RunTime:0.0003s ]

[ 2017-05-30T14:24:40+08:00 ] ::1 /csoaAPI/index.php/Home/Graduate/getGraduateStudent?year_id=1
INFO: [ app_init ] --START--
INFO: Run Behavior\BuildLiteBehavior [ RunTime:0.000010s ]
INFO: [ app_init ] --END-- [ RunTime:0.000216s ]
INFO: [ app_begin ] --START--
INFO: Run Behavior\ReadHtmlCacheBehavior [ RunTime:0.000225s ]
INFO: [ app_begin ] --END-- [ RunTime:0.000249s ]
SQL: SHOW COLUMNS FROM `graduate_student` [ RunTime:0.0005s ]
SQL: SHOW COLUMNS FROM `project` [ RunTime:0.0005s ]
SQL: SHOW COLUMNS FROM `teacher` [ RunTime:0.0005s ]
SQL: SHOW COLUMNS FROM `student` [ RunTime:0.0006s ]
SQL: SELECT graduate_student.id,`project_id`,`teacher_id`,`year_id`,`student_id`,`grade`,`name`,`card_number` FROM `graduate_student` INNER JOIN student ON graduate_student.student_id = student.id  WHERE ( graduate_student.year_id = 1 ) ORDER BY card_number  [ RunTime:0.0005s ]
SQL: SELECT `project_name` FROM `project` WHERE ( id = 1 ) LIMIT 1   [ RunTime:0.0010s ]
SQL: SELECT `name` FROM `teacher` WHERE ( id = 42 ) LIMIT 1   [ RunTime:0.0005s ]

[ 2017-05-30T14:24:42+08:00 ] ::1 /csoaAPI/index.php/Home/Practice/getYear
INFO: [ app_init ] --START--
INFO: Run Behavior\BuildLiteBehavior [ RunTime:0.000010s ]
INFO: [ app_init ] --END-- [ RunTime:0.000271s ]
INFO: [ app_begin ] --START--
INFO: Run Behavior\ReadHtmlCacheBehavior [ RunTime:0.000243s ]
INFO: [ app_begin ] --END-- [ RunTime:0.000274s ]
SQL: SHOW COLUMNS FROM `practice_year` [ RunTime:0.0006s ]
SQL: SELECT * FROM `practice_year` ORDER BY year desc  [ RunTime:0.0004s ]

[ 2017-05-30T14:26:30+08:00 ] ::1 /csoaAPI/index.php/Home/User/getRole
INFO: [ app_init ] --START--
INFO: Run Behavior\BuildLiteBehavior [ RunTime:0.000009s ]
INFO: [ app_init ] --END-- [ RunTime:0.000185s ]
INFO: [ app_begin ] --START--
INFO: Run Behavior\ReadHtmlCacheBehavior [ RunTime:0.000230s ]
INFO: [ app_begin ] --END-- [ RunTime:0.000261s ]
SQL: SHOW COLUMNS FROM `role` [ RunTime:0.0005s ]
SQL: SELECT * FROM `role` WHERE `id` = 2 LIMIT 1   [ RunTime:0.0007s ]

[ 2017-05-30T14:26:30+08:00 ] ::1 /csoaAPI/index.php/Home/Graduate/getYear
INFO: [ app_init ] --START--
INFO: Run Behavior\BuildLiteBehavior [ RunTime:0.000009s ]
INFO: [ app_init ] --END-- [ RunTime:0.000181s ]
INFO: [ app_begin ] --START--
INFO: Run Behavior\ReadHtmlCacheBehavior [ RunTime:0.000240s ]
INFO: [ app_begin ] --END-- [ RunTime:0.000272s ]
SQL: SHOW COLUMNS FROM `graduate_year` [ RunTime:0.0005s ]
SQL: SELECT * FROM `graduate_year` ORDER BY year desc  [ RunTime:0.0002s ]

[ 2017-05-30T14:30:51+08:00 ] ::1 /csoaAPI/index.php/Home/User/getRole
INFO: [ app_init ] --START--
INFO: Run Behavior\BuildLiteBehavior [ RunTime:0.000073s ]
INFO: [ app_init ] --END-- [ RunTime:0.000621s ]
INFO: [ app_begin ] --START--
INFO: Run Behavior\ReadHtmlCacheBehavior [ RunTime:0.000415s ]
INFO: [ app_begin ] --END-- [ RunTime:0.000472s ]
SQL: SHOW COLUMNS FROM `role` [ RunTime:0.0007s ]
SQL: SELECT * FROM `role` WHERE `id` = 2 LIMIT 1   [ RunTime:0.0003s ]

[ 2017-05-30T14:30:51+08:00 ] ::1 /csoaAPI/index.php/Home/Graduate/getYear
INFO: [ app_init ] --START--
INFO: Run Behavior\BuildLiteBehavior [ RunTime:0.000008s ]
INFO: [ app_init ] --END-- [ RunTime:0.000197s ]
INFO: [ app_begin ] --START--
INFO: Run Behavior\ReadHtmlCacheBehavior [ RunTime:0.000988s ]
INFO: [ app_begin ] --END-- [ RunTime:0.001027s ]
SQL: SHOW COLUMNS FROM `graduate_year` [ RunTime:0.0006s ]
SQL: SELECT * FROM `graduate_year` ORDER BY year desc  [ RunTime:0.0003s ]

[ 2017-05-30T14:31:03+08:00 ] ::1 /csoaAPI/index.php/Home/Graduate/getYear
INFO: [ app_init ] --START--
INFO: Run Behavior\BuildLiteBehavior [ RunTime:0.000014s ]
INFO: [ app_init ] --END-- [ RunTime:0.000322s ]
INFO: [ app_begin ] --START--
INFO: Run Behavior\ReadHtmlCacheBehavior [ RunTime:0.000461s ]
INFO: [ app_begin ] --END-- [ RunTime:0.000524s ]
SQL: SHOW COLUMNS FROM `graduate_year` [ RunTime:0.0005s ]
SQL: SELECT * FROM `graduate_year` ORDER BY year desc  [ RunTime:0.0002s ]

[ 2017-05-30T14:31:03+08:00 ] ::1 /csoaAPI/index.php/Home/Graduate/getGraduateStudent?year_id=1
INFO: [ app_init ] --START--
INFO: Run Behavior\BuildLiteBehavior [ RunTime:0.000008s ]
INFO: [ app_init ] --END-- [ RunTime:0.000189s ]
INFO: [ app_begin ] --START--
INFO: Run Behavior\ReadHtmlCacheBehavior [ RunTime:0.000219s ]
INFO: [ app_begin ] --END-- [ RunTime:0.000243s ]
SQL: SHOW COLUMNS FROM `graduate_student` [ RunTime:0.0005s ]
SQL: SHOW COLUMNS FROM `project` [ RunTime:0.0004s ]
SQL: SHOW COLUMNS FROM `teacher` [ RunTime:0.0004s ]
SQL: SHOW COLUMNS FROM `student` [ RunTime:0.0004s ]
SQL: SELECT graduate_student.id,`project_id`,`teacher_id`,`year_id`,`student_id`,`grade`,`name`,`card_number` FROM `graduate_student` INNER JOIN student ON graduate_student.student_id = student.id  WHERE ( graduate_student.year_id = 1 ) ORDER BY card_number  [ RunTime:0.0004s ]
SQL: SELECT `project_name` FROM `project` WHERE ( id = 1 ) LIMIT 1   [ RunTime:0.0002s ]
SQL: SELECT `name` FROM `teacher` WHERE ( id = 42 ) LIMIT 1   [ RunTime:0.0002s ]

[ 2017-05-30T14:31:05+08:00 ] ::1 /csoaAPI/index.php/Home/Graduate/getYear
INFO: [ app_init ] --START--
INFO: Run Behavior\BuildLiteBehavior [ RunTime:0.000011s ]
INFO: [ app_init ] --END-- [ RunTime:0.000324s ]
INFO: [ app_begin ] --START--
INFO: Run Behavior\ReadHtmlCacheBehavior [ RunTime:0.000246s ]
INFO: [ app_begin ] --END-- [ RunTime:0.000278s ]
SQL: SHOW COLUMNS FROM `graduate_year` [ RunTime:0.0019s ]
SQL: SELECT * FROM `graduate_year` ORDER BY year desc  [ RunTime:0.0003s ]

[ 2017-05-30T14:31:14+08:00 ] ::1 /csoaAPI/index.php/Home/Graduate/addYear
INFO: [ app_init ] --START--
INFO: Run Behavior\BuildLiteBehavior [ RunTime:0.000014s ]
INFO: [ app_init ] --END-- [ RunTime:0.000289s ]
INFO: [ app_begin ] --START--
INFO: Run Behavior\ReadHtmlCacheBehavior [ RunTime:0.000817s ]
INFO: [ app_begin ] --END-- [ RunTime:0.000943s ]
SQL: SHOW COLUMNS FROM `graduate_year` [ RunTime:0.0007s ]
SQL: SELECT * FROM `graduate_year` WHERE `year` = '201701' LIMIT 1   [ RunTime:0.0013s ]
SQL: INSERT INTO `graduate_year` (`year`,`deadline`) VALUES ('201701','0') [ RunTime:0.0006s ]

[ 2017-05-30T14:31:14+08:00 ] ::1 /csoaAPI/index.php/Home/Graduate/getYear
INFO: [ app_init ] --START--
INFO: Run Behavior\BuildLiteBehavior [ RunTime:0.000009s ]
INFO: [ app_init ] --END-- [ RunTime:0.000185s ]
INFO: [ app_begin ] --START--
INFO: Run Behavior\ReadHtmlCacheBehavior [ RunTime:0.000286s ]
INFO: [ app_begin ] --END-- [ RunTime:0.000324s ]
SQL: SHOW COLUMNS FROM `graduate_year` [ RunTime:0.0005s ]
SQL: SELECT * FROM `graduate_year` ORDER BY year desc  [ RunTime:0.0003s ]

[ 2017-05-30T14:31:21+08:00 ] ::1 /csoaAPI/index.php/Home/Graduate/modifyYear
INFO: [ app_init ] --START--
INFO: Run Behavior\BuildLiteBehavior [ RunTime:0.000009s ]
INFO: [ app_init ] --END-- [ RunTime:0.000209s ]
INFO: [ app_begin ] --START--
INFO: Run Behavior\ReadHtmlCacheBehavior [ RunTime:0.000267s ]
INFO: [ app_begin ] --END-- [ RunTime:0.000298s ]
SQL: SHOW COLUMNS FROM `graduate_year` [ RunTime:0.0007s ]
SQL: UPDATE `graduate_year` SET `deadline`='1496246399' WHERE `id` = 2 [ RunTime:0.0021s ]

[ 2017-05-30T14:31:21+08:00 ] ::1 /csoaAPI/index.php/Home/Graduate/getYear
INFO: [ app_init ] --START--
INFO: Run Behavior\BuildLiteBehavior [ RunTime:0.000009s ]
INFO: [ app_init ] --END-- [ RunTime:0.000197s ]
INFO: [ app_begin ] --START--
INFO: Run Behavior\ReadHtmlCacheBehavior [ RunTime:0.000576s ]
INFO: [ app_begin ] --END-- [ RunTime:0.000725s ]
SQL: SHOW COLUMNS FROM `graduate_year` [ RunTime:0.0010s ]
SQL: SELECT * FROM `graduate_year` ORDER BY year desc  [ RunTime:0.0012s ]

[ 2017-05-30T14:31:25+08:00 ] ::1 /csoaAPI/index.php/Home/Graduate/deleteYear?id=2
INFO: [ app_init ] --START--
INFO: Run Behavior\BuildLiteBehavior [ RunTime:0.000010s ]
INFO: [ app_init ] --END-- [ RunTime:0.000203s ]
INFO: [ app_begin ] --START--
INFO: Run Behavior\ReadHtmlCacheBehavior [ RunTime:0.000238s ]
INFO: [ app_begin ] --END-- [ RunTime:0.000264s ]
SQL: SHOW COLUMNS FROM `graduate_year` [ RunTime:0.0010s ]
SQL: SHOW COLUMNS FROM `graduate_student` [ RunTime:0.0014s ]
SQL: DELETE FROM `graduate_year` WHERE ( id = 2 ) [ RunTime:0.0019s ]

[ 2017-05-30T14:31:25+08:00 ] ::1 /csoaAPI/index.php/Home/Graduate/getYear
INFO: [ app_init ] --START--
INFO: Run Behavior\BuildLiteBehavior [ RunTime:0.000008s ]
INFO: [ app_init ] --END-- [ RunTime:0.000179s ]
INFO: [ app_begin ] --START--
INFO: Run Behavior\ReadHtmlCacheBehavior [ RunTime:0.000221s ]
INFO: [ app_begin ] --END-- [ RunTime:0.000246s ]
SQL: SHOW COLUMNS FROM `graduate_year` [ RunTime:0.0004s ]
SQL: SELECT * FROM `graduate_year` ORDER BY year desc  [ RunTime:0.0002s ]

[ 2017-05-30T14:31:29+08:00 ] ::1 /csoaAPI/index.php/Home/Graduate/getYear
INFO: [ app_init ] --START--
INFO: Run Behavior\BuildLiteBehavior [ RunTime:0.000015s ]
INFO: [ app_init ] --END-- [ RunTime:0.000323s ]
INFO: [ app_begin ] --START--
INFO: Run Behavior\ReadHtmlCacheBehavior [ RunTime:0.000419s ]
INFO: [ app_begin ] --END-- [ RunTime:0.000473s ]
SQL: SHOW COLUMNS FROM `graduate_year` [ RunTime:0.0005s ]
SQL: SELECT * FROM `graduate_year` ORDER BY year desc  [ RunTime:0.0003s ]

[ 2017-05-30T14:31:29+08:00 ] ::1 /csoaAPI/index.php/Home/Graduate/getGraduateStudent?year_id=1
INFO: [ app_init ] --START--
INFO: Run Behavior\BuildLiteBehavior [ RunTime:0.000009s ]
INFO: [ app_init ] --END-- [ RunTime:0.000188s ]
INFO: [ app_begin ] --START--
INFO: Run Behavior\ReadHtmlCacheBehavior [ RunTime:0.000234s ]
INFO: [ app_begin ] --END-- [ RunTime:0.000261s ]
SQL: SHOW COLUMNS FROM `graduate_student` [ RunTime:0.0004s ]
SQL: SHOW COLUMNS FROM `project` [ RunTime:0.0004s ]
SQL: SHOW COLUMNS FROM `teacher` [ RunTime:0.0004s ]
SQL: SHOW COLUMNS FROM `student` [ RunTime:0.0004s ]
SQL: SELECT graduate_student.id,`project_id`,`teacher_id`,`year_id`,`student_id`,`grade`,`name`,`card_number` FROM `graduate_student` INNER JOIN student ON graduate_student.student_id = student.id  WHERE ( graduate_student.year_id = 1 ) ORDER BY card_number  [ RunTime:0.0004s ]
SQL: SELECT `project_name` FROM `project` WHERE ( id = 1 ) LIMIT 1   [ RunTime:0.0002s ]
SQL: SELECT `name` FROM `teacher` WHERE ( id = 42 ) LIMIT 1   [ RunTime:0.0002s ]

