[ 2017-09-05T19:15:57+08:00 ] ::1 /csoaAPI/index.php/Home/User/login
INFO: [ app_init ] --START--
INFO: Run Behavior\BuildLiteBehavior [ RunTime:0.000032s ]
INFO: [ app_init ] --END-- [ RunTime:0.002089s ]
INFO: [ app_begin ] --START--
INFO: Run Behavior\ReadHtmlCacheBehavior [ RunTime:0.001263s ]
INFO: [ app_begin ] --END-- [ RunTime:0.001335s ]
SQL: SHOW COLUMNS FROM `user` [ RunTime:0.0338s ]
SQL: SHOW COLUMNS FROM `student` [ RunTime:0.0016s ]
SQL: SHOW COLUMNS FROM `teacher` [ RunTime:0.0034s ]
SQL: SHOW COLUMNS FROM `role` [ RunTime:0.0019s ]
SQL: SHOW COLUMNS FROM `log` [ RunTime:0.0025s ]
SQL: SELECT * FROM `user` LIMIT 1   [ RunTime:0.0026s ]
SQL: SELECT * FROM `teacher` WHERE `card_number` = '2014150121' LIMIT 1   [ RunTime:0.0032s ]
SQL: SELECT * FROM `student` WHERE `card_number` = '2014150121' LIMIT 1   [ RunTime:0.0013s ]
SQL: INSERT INTO `log` (`userName`,`time`,`ip`,`state`) VALUES ('2014150121','1504610157','0.0.0.0','登陆成功') [ RunTime:0.0053s ]

[ 2017-09-05T19:15:57+08:00 ] ::1 /csoaAPI/index.php/Home/User/getRole
INFO: [ app_init ] --START--
INFO: Run Behavior\BuildLiteBehavior [ RunTime:0.000009s ]
INFO: [ app_init ] --END-- [ RunTime:0.000182s ]
INFO: [ app_begin ] --START--
INFO: Run Behavior\ReadHtmlCacheBehavior [ RunTime:0.000226s ]
INFO: [ app_begin ] --END-- [ RunTime:0.000255s ]
SQL: SHOW COLUMNS FROM `role` [ RunTime:0.0006s ]
SQL: SELECT * FROM `role` WHERE `id` = 4 LIMIT 1   [ RunTime:0.0010s ]

[ 2017-09-05T19:15:57+08:00 ] ::1 /csoaAPI/index.php/Home/User/getUserInfo
INFO: [ app_init ] --START--
INFO: Run Behavior\BuildLiteBehavior [ RunTime:0.000018s ]
INFO: [ app_init ] --END-- [ RunTime:0.000481s ]
INFO: [ app_begin ] --START--
INFO: Run Behavior\ReadHtmlCacheBehavior [ RunTime:0.000533s ]
INFO: [ app_begin ] --END-- [ RunTime:0.000614s ]
SQL: SHOW COLUMNS FROM `user` [ RunTime:0.0023s ]
SQL: SHOW COLUMNS FROM `student` [ RunTime:0.0015s ]
SQL: SHOW COLUMNS FROM `teacher` [ RunTime:0.0009s ]
SQL: SHOW COLUMNS FROM `role` [ RunTime:0.0027s ]
SQL: SHOW COLUMNS FROM `log` [ RunTime:0.0008s ]
SQL: SELECT `id`,`card_number`,`name`,`sex`,`origin`,`class`,`major`,`dorm`,`phone`,`identity_card`,`short_phone`,`email`,`qq`,`wechat`,`comment`,`state`,`role_id` FROM `student` WHERE `card_number` = '2014150121' LIMIT 1   [ RunTime:0.0009s ]
SQL: SELECT `userName`,`time`,`state`,`ip` FROM `log` ORDER BY time desc LIMIT 1   [ RunTime:0.0045s ]

[ 2017-09-05T19:16:00+08:00 ] ::1 /csoaAPI/index.php/Home/Graduate/getProjectByStudent
INFO: [ app_init ] --START--
INFO: Run Behavior\BuildLiteBehavior [ RunTime:0.000010s ]
INFO: [ app_init ] --END-- [ RunTime:0.000203s ]
INFO: [ app_begin ] --START--
INFO: Run Behavior\ReadHtmlCacheBehavior [ RunTime:0.000248s ]
INFO: [ app_begin ] --END-- [ RunTime:0.000279s ]
SQL: SHOW COLUMNS FROM `graduate_year` [ RunTime:0.0060s ]
SQL: SHOW COLUMNS FROM `project` [ RunTime:0.0009s ]
SQL: SHOW COLUMNS FROM `graduate_student` [ RunTime:0.0014s ]
SQL: SELECT * FROM `graduate_year` ORDER BY year desc LIMIT 1   [ RunTime:0.0009s ]
SQL: SELECT * FROM `graduate_student` WHERE `student_id` = 196 AND `year_id` = 4 LIMIT 1   [ RunTime:0.0006s ]
SQL: SELECT * FROM `project` WHERE ( year_id = 4 )  [ RunTime:0.0006s ]
NOTIC: [8] Undefined index: is_other_chose /Library/WebServer/Documents/csoaAPI/Application/Home/Controller/GraduateController.class.php 第 1085 行.
NOTIC: [8] Undefined index: is_other_chose /Library/WebServer/Documents/csoaAPI/Application/Home/Controller/GraduateController.class.php 第 1085 行.

[ 2017-09-05T19:16:02+08:00 ] ::1 /csoaAPI/index.php/Home/Practice/getJobByStudent
INFO: [ app_init ] --START--
INFO: Run Behavior\BuildLiteBehavior [ RunTime:0.000009s ]
INFO: [ app_init ] --END-- [ RunTime:0.000182s ]
INFO: [ app_begin ] --START--
INFO: Run Behavior\ReadHtmlCacheBehavior [ RunTime:0.000240s ]
INFO: [ app_begin ] --END-- [ RunTime:0.000272s ]
SQL: SHOW COLUMNS FROM `practice_year` [ RunTime:0.0013s ]
SQL: SHOW COLUMNS FROM `job` [ RunTime:0.0023s ]
SQL: SHOW COLUMNS FROM `practice_student` [ RunTime:0.0005s ]
SQL: SELECT * FROM `practice_year` ORDER BY year desc LIMIT 1   [ RunTime:0.0003s ]
SQL: SELECT * FROM `practice_student` WHERE `student_id` = 196 AND `year_id` = 19 LIMIT 1   [ RunTime:0.0022s ]
SQL: SELECT * FROM `job` WHERE ( year_id = 19 )  [ RunTime:0.0011s ]

[ 2017-09-05T19:16:03+08:00 ] ::1 /csoaAPI/index.php/Home/Practice/getJobByStudent
INFO: [ app_init ] --START--
INFO: Run Behavior\BuildLiteBehavior [ RunTime:0.000013s ]
INFO: [ app_init ] --END-- [ RunTime:0.000304s ]
INFO: [ app_begin ] --START--
INFO: Run Behavior\ReadHtmlCacheBehavior [ RunTime:0.000383s ]
INFO: [ app_begin ] --END-- [ RunTime:0.000429s ]
SQL: SHOW COLUMNS FROM `practice_year` [ RunTime:0.0014s ]
SQL: SHOW COLUMNS FROM `job` [ RunTime:0.0016s ]
SQL: SHOW COLUMNS FROM `practice_student` [ RunTime:0.0013s ]
SQL: SELECT * FROM `practice_year` ORDER BY year desc LIMIT 1   [ RunTime:0.0003s ]
SQL: SELECT * FROM `practice_student` WHERE `student_id` = 196 AND `year_id` = 19 LIMIT 1   [ RunTime:0.0005s ]
SQL: SELECT * FROM `job` WHERE ( year_id = 19 )  [ RunTime:0.0008s ]

[ 2017-09-05T19:16:09+08:00 ] ::1 /csoaAPI/index.php/Home/Practice/getJobByStudent
INFO: [ app_init ] --START--
INFO: Run Behavior\BuildLiteBehavior [ RunTime:0.000013s ]
INFO: [ app_init ] --END-- [ RunTime:0.000334s ]
INFO: [ app_begin ] --START--
INFO: Run Behavior\ReadHtmlCacheBehavior [ RunTime:0.000396s ]
INFO: [ app_begin ] --END-- [ RunTime:0.000457s ]
SQL: SHOW COLUMNS FROM `practice_year` [ RunTime:0.0016s ]
SQL: SHOW COLUMNS FROM `job` [ RunTime:0.0023s ]
SQL: SHOW COLUMNS FROM `practice_student` [ RunTime:0.0010s ]
SQL: SELECT * FROM `practice_year` ORDER BY year desc LIMIT 1   [ RunTime:0.0003s ]
SQL: SELECT * FROM `practice_student` WHERE `student_id` = 196 AND `year_id` = 19 LIMIT 1   [ RunTime:0.0005s ]
SQL: SELECT * FROM `job` WHERE ( year_id = 19 )  [ RunTime:0.0119s ]

[ 2017-09-05T19:16:23+08:00 ] ::1 /csoaAPI/index.php/Home/Graduate/getProjectByStudent
INFO: [ app_init ] --START--
INFO: Run Behavior\BuildLiteBehavior [ RunTime:0.000012s ]
INFO: [ app_init ] --END-- [ RunTime:0.000326s ]
INFO: [ app_begin ] --START--
INFO: Run Behavior\ReadHtmlCacheBehavior [ RunTime:0.000370s ]
INFO: [ app_begin ] --END-- [ RunTime:0.000460s ]
SQL: SHOW COLUMNS FROM `graduate_year` [ RunTime:0.0006s ]
SQL: SHOW COLUMNS FROM `project` [ RunTime:0.0006s ]
SQL: SHOW COLUMNS FROM `graduate_student` [ RunTime:0.0005s ]
SQL: SELECT * FROM `graduate_year` ORDER BY year desc LIMIT 1   [ RunTime:0.0002s ]
SQL: SELECT * FROM `graduate_student` WHERE `student_id` = 196 AND `year_id` = 4 LIMIT 1   [ RunTime:0.0003s ]
SQL: SELECT * FROM `project` WHERE ( year_id = 4 )  [ RunTime:0.0003s ]
NOTIC: [8] Undefined index: is_other_chose /Library/WebServer/Documents/csoaAPI/Application/Home/Controller/GraduateController.class.php 第 1085 行.
NOTIC: [8] Undefined index: is_other_chose /Library/WebServer/Documents/csoaAPI/Application/Home/Controller/GraduateController.class.php 第 1085 行.

[ 2017-09-05T19:16:26+08:00 ] ::1 /csoaAPI/index.php/Home/User/getUserInfo
INFO: [ app_init ] --START--
INFO: Run Behavior\BuildLiteBehavior [ RunTime:0.000010s ]
INFO: [ app_init ] --END-- [ RunTime:0.000268s ]
INFO: [ app_begin ] --START--
INFO: Run Behavior\ReadHtmlCacheBehavior [ RunTime:0.000241s ]
INFO: [ app_begin ] --END-- [ RunTime:0.000271s ]
SQL: SHOW COLUMNS FROM `user` [ RunTime:0.0005s ]
SQL: SHOW COLUMNS FROM `student` [ RunTime:0.0005s ]
SQL: SHOW COLUMNS FROM `teacher` [ RunTime:0.0009s ]
SQL: SHOW COLUMNS FROM `role` [ RunTime:0.0009s ]
SQL: SHOW COLUMNS FROM `log` [ RunTime:0.0009s ]
SQL: SELECT `id`,`card_number`,`name`,`sex`,`origin`,`class`,`major`,`dorm`,`phone`,`identity_card`,`short_phone`,`email`,`qq`,`wechat`,`comment`,`state`,`role_id` FROM `student` WHERE `card_number` = '2014150121' LIMIT 1   [ RunTime:0.0008s ]
SQL: SELECT `userName`,`time`,`state`,`ip` FROM `log` ORDER BY time desc LIMIT 1   [ RunTime:0.0029s ]

[ 2017-09-05T19:16:27+08:00 ] ::1 /csoaAPI/index.php/Home/User/logout
INFO: [ app_init ] --START--
INFO: Run Behavior\BuildLiteBehavior [ RunTime:0.000009s ]
INFO: [ app_init ] --END-- [ RunTime:0.000323s ]
INFO: [ app_begin ] --START--
INFO: Run Behavior\ReadHtmlCacheBehavior [ RunTime:0.000228s ]
INFO: [ app_begin ] --END-- [ RunTime:0.000254s ]

[ 2017-09-05T19:16:38+08:00 ] ::1 /csoaAPI/index.php/Home/User/login
INFO: [ app_init ] --START--
INFO: Run Behavior\BuildLiteBehavior [ RunTime:0.000012s ]
INFO: [ app_init ] --END-- [ RunTime:0.000312s ]
INFO: [ app_begin ] --START--
INFO: Run Behavior\ReadHtmlCacheBehavior [ RunTime:0.000365s ]
INFO: [ app_begin ] --END-- [ RunTime:0.000415s ]
SQL: SHOW COLUMNS FROM `user` [ RunTime:0.0005s ]
SQL: SHOW COLUMNS FROM `student` [ RunTime:0.0005s ]
SQL: SHOW COLUMNS FROM `teacher` [ RunTime:0.0005s ]
SQL: SHOW COLUMNS FROM `role` [ RunTime:0.0004s ]
SQL: SHOW COLUMNS FROM `log` [ RunTime:0.0004s ]
SQL: SELECT * FROM `user` LIMIT 1   [ RunTime:0.0002s ]
SQL: SELECT * FROM `teacher` WHERE `card_number` = '14769' LIMIT 1   [ RunTime:0.0003s ]
SQL: SELECT * FROM `student` WHERE `card_number` = '14769' LIMIT 1   [ RunTime:0.0006s ]
SQL: INSERT INTO `log` (`userName`,`time`,`ip`,`state`) VALUES ('14769','1504610198','0.0.0.0','登陆成功') [ RunTime:0.0013s ]

[ 2017-09-05T19:16:38+08:00 ] ::1 /csoaAPI/index.php/Home/User/getRole
INFO: [ app_init ] --START--
INFO: Run Behavior\BuildLiteBehavior [ RunTime:0.000009s ]
INFO: [ app_init ] --END-- [ RunTime:0.000192s ]
INFO: [ app_begin ] --START--
INFO: Run Behavior\ReadHtmlCacheBehavior [ RunTime:0.000231s ]
INFO: [ app_begin ] --END-- [ RunTime:0.000261s ]
SQL: SHOW COLUMNS FROM `role` [ RunTime:0.0007s ]
SQL: SELECT * FROM `role` WHERE `id` = 3 LIMIT 1   [ RunTime:0.0004s ]

[ 2017-09-05T19:16:38+08:00 ] ::1 /csoaAPI/index.php/Home/User/getUserInfo
INFO: [ app_init ] --START--
INFO: Run Behavior\BuildLiteBehavior [ RunTime:0.000012s ]
INFO: [ app_init ] --END-- [ RunTime:0.000310s ]
INFO: [ app_begin ] --START--
INFO: Run Behavior\ReadHtmlCacheBehavior [ RunTime:0.000435s ]
INFO: [ app_begin ] --END-- [ RunTime:0.000533s ]
SQL: SHOW COLUMNS FROM `user` [ RunTime:0.0014s ]
SQL: SHOW COLUMNS FROM `student` [ RunTime:0.0006s ]
SQL: SHOW COLUMNS FROM `teacher` [ RunTime:0.0012s ]
SQL: SHOW COLUMNS FROM `role` [ RunTime:0.0007s ]
SQL: SHOW COLUMNS FROM `log` [ RunTime:0.0013s ]
SQL: SELECT `id`,`card_number`,`name`,`office`,`telephone`,`phone`,`short_phone`,`email`,`qq`,`wechat`,`department`,`comment`,`state`,`role_id` FROM `teacher` WHERE `card_number` = '14769' LIMIT 1   [ RunTime:0.0008s ]
SQL: SELECT `userName`,`time`,`state`,`ip` FROM `log` ORDER BY time desc LIMIT 1   [ RunTime:0.0022s ]

[ 2017-09-05T19:16:42+08:00 ] ::1 /csoaAPI/index.php/Home/Graduate/getProject
INFO: [ app_init ] --START--
INFO: Run Behavior\BuildLiteBehavior [ RunTime:0.000009s ]
INFO: [ app_init ] --END-- [ RunTime:0.000201s ]
INFO: [ app_begin ] --START--
INFO: Run Behavior\ReadHtmlCacheBehavior [ RunTime:0.000268s ]
INFO: [ app_begin ] --END-- [ RunTime:0.000303s ]
SQL: SHOW COLUMNS FROM `graduate_year` [ RunTime:0.0006s ]
SQL: SHOW COLUMNS FROM `project` [ RunTime:0.0009s ]
SQL: SELECT * FROM `graduate_year` ORDER BY year desc LIMIT 1   [ RunTime:0.0002s ]
SQL: SELECT * FROM `project` WHERE ( year_id = 4 )  [ RunTime:0.0003s ]

[ 2017-09-05T19:16:42+08:00 ] ::1 /csoaAPI/index.php/Home/Graduate/getProjectByTeacher
INFO: [ app_init ] --START--
INFO: Run Behavior\BuildLiteBehavior [ RunTime:0.000009s ]
INFO: [ app_init ] --END-- [ RunTime:0.000186s ]
INFO: [ app_begin ] --START--
INFO: Run Behavior\ReadHtmlCacheBehavior [ RunTime:0.000246s ]
INFO: [ app_begin ] --END-- [ RunTime:0.000279s ]
SQL: SHOW COLUMNS FROM `graduate_year` [ RunTime:0.0005s ]
SQL: SHOW COLUMNS FROM `project` [ RunTime:0.0008s ]
SQL: SELECT * FROM `graduate_year` ORDER BY year desc LIMIT 1   [ RunTime:0.0006s ]
SQL: SELECT * FROM `project` WHERE `year_id` = 4 AND `teacher_id` = 42  [ RunTime:0.0003s ]

[ 2017-09-05T19:16:44+08:00 ] ::1 /csoaAPI/index.php/Home/Graduate/getProject
INFO: [ app_init ] --START--
INFO: Run Behavior\BuildLiteBehavior [ RunTime:0.000010s ]
INFO: [ app_init ] --END-- [ RunTime:0.000193s ]
INFO: [ app_begin ] --START--
INFO: Run Behavior\ReadHtmlCacheBehavior [ RunTime:0.000520s ]
INFO: [ app_begin ] --END-- [ RunTime:0.000567s ]
SQL: SHOW COLUMNS FROM `graduate_year` [ RunTime:0.0008s ]
SQL: SHOW COLUMNS FROM `project` [ RunTime:0.0006s ]
SQL: SELECT * FROM `graduate_year` ORDER BY year desc LIMIT 1   [ RunTime:0.0004s ]
SQL: SELECT * FROM `project` WHERE ( year_id = 4 )  [ RunTime:0.0004s ]

[ 2017-09-05T19:17:28+08:00 ] ::1 /csoaAPI/index.php/Home/Graduate/getProjectByTeacher
INFO: [ app_init ] --START--
INFO: Run Behavior\BuildLiteBehavior [ RunTime:0.000015s ]
INFO: [ app_init ] --END-- [ RunTime:0.000593s ]
INFO: [ app_begin ] --START--
INFO: Run Behavior\ReadHtmlCacheBehavior [ RunTime:0.000709s ]
INFO: [ app_begin ] --END-- [ RunTime:0.000773s ]
SQL: SHOW COLUMNS FROM `graduate_year` [ RunTime:0.0005s ]
SQL: SHOW COLUMNS FROM `project` [ RunTime:0.0006s ]
SQL: SELECT * FROM `graduate_year` ORDER BY year desc LIMIT 1   [ RunTime:0.0002s ]
SQL: SELECT * FROM `project` WHERE `year_id` = 4 AND `teacher_id` = 42  [ RunTime:0.0003s ]

[ 2017-09-05T19:17:31+08:00 ] ::1 /csoaAPI/index.php/Home/Graduate/getProject
INFO: [ app_init ] --START--
INFO: Run Behavior\BuildLiteBehavior [ RunTime:0.000027s ]
INFO: [ app_init ] --END-- [ RunTime:0.000416s ]
INFO: [ app_begin ] --START--
INFO: Run Behavior\ReadHtmlCacheBehavior [ RunTime:0.000463s ]
INFO: [ app_begin ] --END-- [ RunTime:0.000519s ]
SQL: SHOW COLUMNS FROM `graduate_year` [ RunTime:0.0006s ]
SQL: SHOW COLUMNS FROM `project` [ RunTime:0.0007s ]
SQL: SELECT * FROM `graduate_year` ORDER BY year desc LIMIT 1   [ RunTime:0.0003s ]
SQL: SELECT * FROM `project` WHERE ( year_id = 4 )  [ RunTime:0.0005s ]

[ 2017-09-05T19:17:32+08:00 ] ::1 /csoaAPI/index.php/Home/Graduate/getProjectByTeacher
INFO: [ app_init ] --START--
INFO: Run Behavior\BuildLiteBehavior [ RunTime:0.000010s ]
INFO: [ app_init ] --END-- [ RunTime:0.000202s ]
INFO: [ app_begin ] --START--
INFO: Run Behavior\ReadHtmlCacheBehavior [ RunTime:0.000249s ]
INFO: [ app_begin ] --END-- [ RunTime:0.000280s ]
SQL: SHOW COLUMNS FROM `graduate_year` [ RunTime:0.0006s ]
SQL: SHOW COLUMNS FROM `project` [ RunTime:0.0007s ]
SQL: SELECT * FROM `graduate_year` ORDER BY year desc LIMIT 1   [ RunTime:0.0003s ]
SQL: SELECT * FROM `project` WHERE `year_id` = 4 AND `teacher_id` = 42  [ RunTime:0.0003s ]

[ 2017-09-05T19:17:33+08:00 ] ::1 /csoaAPI/index.php/Home/Graduate/getProject
INFO: [ app_init ] --START--
INFO: Run Behavior\BuildLiteBehavior [ RunTime:0.000008s ]
INFO: [ app_init ] --END-- [ RunTime:0.000191s ]
INFO: [ app_begin ] --START--
INFO: Run Behavior\ReadHtmlCacheBehavior [ RunTime:0.000235s ]
INFO: [ app_begin ] --END-- [ RunTime:0.000267s ]
SQL: SHOW COLUMNS FROM `graduate_year` [ RunTime:0.0005s ]
SQL: SHOW COLUMNS FROM `project` [ RunTime:0.0006s ]
SQL: SELECT * FROM `graduate_year` ORDER BY year desc LIMIT 1   [ RunTime:0.0002s ]
SQL: SELECT * FROM `project` WHERE ( year_id = 4 )  [ RunTime:0.0003s ]

[ 2017-09-05T19:17:36+08:00 ] ::1 /csoaAPI/index.php/Home/Graduate/getProject
INFO: [ app_init ] --START--
INFO: Run Behavior\BuildLiteBehavior [ RunTime:0.000009s ]
INFO: [ app_init ] --END-- [ RunTime:0.000182s ]
INFO: [ app_begin ] --START--
INFO: Run Behavior\ReadHtmlCacheBehavior [ RunTime:0.000243s ]
INFO: [ app_begin ] --END-- [ RunTime:0.000275s ]
SQL: SHOW COLUMNS FROM `graduate_year` [ RunTime:0.0008s ]
SQL: SHOW COLUMNS FROM `project` [ RunTime:0.0010s ]
SQL: SELECT * FROM `graduate_year` ORDER BY year desc LIMIT 1   [ RunTime:0.0003s ]
SQL: SELECT * FROM `project` WHERE ( year_id = 4 )  [ RunTime:0.0003s ]

[ 2017-09-05T19:17:36+08:00 ] ::1 /csoaAPI/index.php/Home/Graduate/getProjectByTeacher
INFO: [ app_init ] --START--
INFO: Run Behavior\BuildLiteBehavior [ RunTime:0.000011s ]
INFO: [ app_init ] --END-- [ RunTime:0.000200s ]
INFO: [ app_begin ] --START--
INFO: Run Behavior\ReadHtmlCacheBehavior [ RunTime:0.000438s ]
INFO: [ app_begin ] --END-- [ RunTime:0.000508s ]
SQL: SHOW COLUMNS FROM `graduate_year` [ RunTime:0.0005s ]
SQL: SHOW COLUMNS FROM `project` [ RunTime:0.0005s ]
SQL: SELECT * FROM `graduate_year` ORDER BY year desc LIMIT 1   [ RunTime:0.0002s ]
SQL: SELECT * FROM `project` WHERE `year_id` = 4 AND `teacher_id` = 42  [ RunTime:0.0003s ]

[ 2017-09-05T19:18:48+08:00 ] ::1 /csoaAPI/index.php/Home/Graduate/getProject
INFO: [ app_init ] --START--
INFO: Run Behavior\BuildLiteBehavior [ RunTime:0.000017s ]
INFO: [ app_init ] --END-- [ RunTime:0.000440s ]
INFO: [ app_begin ] --START--
INFO: Run Behavior\ReadHtmlCacheBehavior [ RunTime:0.000546s ]
INFO: [ app_begin ] --END-- [ RunTime:0.000631s ]
SQL: SHOW COLUMNS FROM `graduate_year` [ RunTime:0.0008s ]
SQL: SHOW COLUMNS FROM `project` [ RunTime:0.0008s ]
SQL: SELECT * FROM `graduate_year` ORDER BY year desc LIMIT 1   [ RunTime:0.0003s ]
SQL: SELECT * FROM `project` WHERE ( year_id = 4 )  [ RunTime:0.0003s ]

[ 2017-09-05T19:21:03+08:00 ] ::1 /csoaAPI/index.php/Home/Graduate/getProject
INFO: [ app_init ] --START--
INFO: Run Behavior\BuildLiteBehavior [ RunTime:0.000016s ]
INFO: [ app_init ] --END-- [ RunTime:0.000509s ]
INFO: [ app_begin ] --START--
INFO: Run Behavior\ReadHtmlCacheBehavior [ RunTime:0.000829s ]
INFO: [ app_begin ] --END-- [ RunTime:0.000906s ]
SQL: SHOW COLUMNS FROM `graduate_year` [ RunTime:0.0005s ]
SQL: SHOW COLUMNS FROM `project` [ RunTime:0.0005s ]
SQL: SELECT * FROM `graduate_year` ORDER BY year desc LIMIT 1   [ RunTime:0.0002s ]
SQL: SELECT * FROM `project` WHERE ( year_id = 4 )  [ RunTime:0.0003s ]

[ 2017-09-05T19:21:03+08:00 ] ::1 /csoaAPI/index.php/Home/Graduate/getProjectByTeacher
INFO: [ app_init ] --START--
INFO: Run Behavior\BuildLiteBehavior [ RunTime:0.000018s ]
INFO: [ app_init ] --END-- [ RunTime:0.000738s ]
INFO: [ app_begin ] --START--
INFO: Run Behavior\ReadHtmlCacheBehavior [ RunTime:0.000433s ]
INFO: [ app_begin ] --END-- [ RunTime:0.000488s ]
SQL: SHOW COLUMNS FROM `graduate_year` [ RunTime:0.0004s ]
SQL: SHOW COLUMNS FROM `project` [ RunTime:0.0005s ]
SQL: SELECT * FROM `graduate_year` ORDER BY year desc LIMIT 1   [ RunTime:0.0003s ]
SQL: SELECT * FROM `project` WHERE `year_id` = 4 AND `teacher_id` = 42  [ RunTime:0.0004s ]

[ 2017-09-05T19:22:31+08:00 ] ::1 /csoaAPI/index.php/Home/Graduate/getProject
INFO: [ app_init ] --START--
INFO: Run Behavior\BuildLiteBehavior [ RunTime:0.000009s ]
INFO: [ app_init ] --END-- [ RunTime:0.000193s ]
INFO: [ app_begin ] --START--
INFO: Run Behavior\ReadHtmlCacheBehavior [ RunTime:0.000266s ]
INFO: [ app_begin ] --END-- [ RunTime:0.000302s ]
SQL: SHOW COLUMNS FROM `graduate_year` [ RunTime:0.0005s ]
SQL: SHOW COLUMNS FROM `project` [ RunTime:0.0008s ]
SQL: SELECT * FROM `graduate_year` ORDER BY year desc LIMIT 1   [ RunTime:0.0002s ]
SQL: SELECT * FROM `project` WHERE ( year_id = 4 )  [ RunTime:0.0003s ]

[ 2017-09-05T19:22:33+08:00 ] ::1 /csoaAPI/index.php/Home/Graduate/getProject
INFO: [ app_init ] --START--
INFO: Run Behavior\BuildLiteBehavior [ RunTime:0.000013s ]
INFO: [ app_init ] --END-- [ RunTime:0.000351s ]
INFO: [ app_begin ] --START--
INFO: Run Behavior\ReadHtmlCacheBehavior [ RunTime:0.000332s ]
INFO: [ app_begin ] --END-- [ RunTime:0.000395s ]
SQL: SHOW COLUMNS FROM `graduate_year` [ RunTime:0.0006s ]
SQL: SHOW COLUMNS FROM `project` [ RunTime:0.0006s ]
SQL: SELECT * FROM `graduate_year` ORDER BY year desc LIMIT 1   [ RunTime:0.0002s ]
SQL: SELECT * FROM `project` WHERE ( year_id = 4 )  [ RunTime:0.0003s ]

[ 2017-09-05T19:22:34+08:00 ] ::1 /csoaAPI/index.php/Home/Graduate/getProjectByTeacher
INFO: [ app_init ] --START--
INFO: Run Behavior\BuildLiteBehavior [ RunTime:0.000010s ]
INFO: [ app_init ] --END-- [ RunTime:0.000208s ]
INFO: [ app_begin ] --START--
INFO: Run Behavior\ReadHtmlCacheBehavior [ RunTime:0.000943s ]
INFO: [ app_begin ] --END-- [ RunTime:0.000995s ]
SQL: SHOW COLUMNS FROM `graduate_year` [ RunTime:0.0005s ]
SQL: SHOW COLUMNS FROM `project` [ RunTime:0.0006s ]
SQL: SELECT * FROM `graduate_year` ORDER BY year desc LIMIT 1   [ RunTime:0.0002s ]
SQL: SELECT * FROM `project` WHERE `year_id` = 4 AND `teacher_id` = 42  [ RunTime:0.0003s ]

[ 2017-09-05T19:25:14+08:00 ] ::1 /csoaAPI/index.php/Home/Graduate/getProject
INFO: [ app_init ] --START--
INFO: Run Behavior\BuildLiteBehavior [ RunTime:0.000012s ]
INFO: [ app_init ] --END-- [ RunTime:0.000426s ]
INFO: [ app_begin ] --START--
INFO: Run Behavior\ReadHtmlCacheBehavior [ RunTime:0.000508s ]
INFO: [ app_begin ] --END-- [ RunTime:0.000549s ]
SQL: SHOW COLUMNS FROM `graduate_year` [ RunTime:0.0014s ]
SQL: SHOW COLUMNS FROM `project` [ RunTime:0.0009s ]
SQL: SELECT * FROM `graduate_year` ORDER BY year desc LIMIT 1   [ RunTime:0.0003s ]
SQL: SELECT * FROM `project` WHERE ( year_id = 4 )  [ RunTime:0.0011s ]

