[ 2018-03-30T17:39:34+08:00 ] ::1 /csoaAPI/index.php/Home/User/getRole
INFO: [ app_init ] --START--
INFO: Run Behavior\BuildLiteBehavior [ RunTime:0.000040s ]
INFO: [ app_init ] --END-- [ RunTime:0.002171s ]
INFO: [ app_begin ] --START--
INFO: Run Behavior\ReadHtmlCacheBehavior [ RunTime:0.000719s ]
INFO: [ app_begin ] --END-- [ RunTime:0.000751s ]
SQL: SHOW COLUMNS FROM `role` [ RunTime:0.0260s ]

[ 2018-03-30T17:39:34+08:00 ] ::1 /csoaAPI/index.php/Home/User/getUserInfo
INFO: [ app_init ] --START--
INFO: Run Behavior\BuildLiteBehavior [ RunTime:0.000031s ]
INFO: [ app_init ] --END-- [ RunTime:0.001573s ]
INFO: [ app_begin ] --START--
INFO: Run Behavior\ReadHtmlCacheBehavior [ RunTime:0.001590s ]
INFO: [ app_begin ] --END-- [ RunTime:0.001635s ]
SQL: SHOW COLUMNS FROM `user` [ RunTime:0.0029s ]
SQL: SHOW COLUMNS FROM `student` [ RunTime:0.0039s ]
SQL: SHOW COLUMNS FROM `teacher` [ RunTime:0.0023s ]
SQL: SHOW COLUMNS FROM `role` [ RunTime:0.0012s ]
SQL: SHOW COLUMNS FROM `log` [ RunTime:0.0017s ]

[ 2018-03-30T17:39:45+08:00 ] ::1 /csoaAPI/index.php/Home/User/login
INFO: [ app_init ] --START--
INFO: Run Behavior\BuildLiteBehavior [ RunTime:0.000011s ]
INFO: [ app_init ] --END-- [ RunTime:0.000258s ]
INFO: [ app_begin ] --START--
INFO: Run Behavior\ReadHtmlCacheBehavior [ RunTime:0.000307s ]
INFO: [ app_begin ] --END-- [ RunTime:0.000328s ]
SQL: SHOW COLUMNS FROM `user` [ RunTime:0.0013s ]
SQL: SHOW COLUMNS FROM `student` [ RunTime:0.0021s ]
SQL: SHOW COLUMNS FROM `teacher` [ RunTime:0.0019s ]
SQL: SHOW COLUMNS FROM `role` [ RunTime:0.0038s ]
SQL: SHOW COLUMNS FROM `log` [ RunTime:0.0016s ]
SQL: SELECT * FROM `user` LIMIT 1   [ RunTime:0.0009s ]
SQL: SELECT * FROM `teacher` WHERE `card_number` = '2014150121' LIMIT 1   [ RunTime:0.0030s ]
SQL: SELECT * FROM `student` WHERE `card_number` = '2014150121' LIMIT 1   [ RunTime:0.0021s ]
SQL: INSERT INTO `log` (`userName`,`time`,`ip`,`state`) VALUES ('2014150121','1522402785','0.0.0.0','登陆失败') [ RunTime:0.0055s ]

[ 2018-03-30T17:39:49+08:00 ] ::1 /csoaAPI/index.php/Home/User/login
INFO: [ app_init ] --START--
INFO: Run Behavior\BuildLiteBehavior [ RunTime:0.000006s ]
INFO: [ app_init ] --END-- [ RunTime:0.000159s ]
INFO: [ app_begin ] --START--
INFO: Run Behavior\ReadHtmlCacheBehavior [ RunTime:0.000212s ]
INFO: [ app_begin ] --END-- [ RunTime:0.000227s ]
SQL: SHOW COLUMNS FROM `user` [ RunTime:0.0118s ]
SQL: SHOW COLUMNS FROM `student` [ RunTime:0.0021s ]
SQL: SHOW COLUMNS FROM `teacher` [ RunTime:0.0005s ]
SQL: SHOW COLUMNS FROM `role` [ RunTime:0.0008s ]
SQL: SHOW COLUMNS FROM `log` [ RunTime:0.0023s ]
SQL: SELECT * FROM `user` LIMIT 1   [ RunTime:0.0012s ]
SQL: SELECT * FROM `teacher` WHERE `card_number` = '2014150121' LIMIT 1   [ RunTime:0.0008s ]
SQL: SELECT * FROM `student` WHERE `card_number` = '2014150121' LIMIT 1   [ RunTime:0.0005s ]
SQL: INSERT INTO `log` (`userName`,`time`,`ip`,`state`) VALUES ('2014150121','1522402789','0.0.0.0','登陆失败') [ RunTime:0.0012s ]

[ 2018-03-30T17:39:52+08:00 ] ::1 /csoaAPI/index.php/Home/User/login
INFO: [ app_init ] --START--
INFO: Run Behavior\BuildLiteBehavior [ RunTime:0.000005s ]
INFO: [ app_init ] --END-- [ RunTime:0.000157s ]
INFO: [ app_begin ] --START--
INFO: Run Behavior\ReadHtmlCacheBehavior [ RunTime:0.000205s ]
INFO: [ app_begin ] --END-- [ RunTime:0.000219s ]
SQL: SHOW COLUMNS FROM `user` [ RunTime:0.0012s ]
SQL: SHOW COLUMNS FROM `student` [ RunTime:0.0005s ]
SQL: SHOW COLUMNS FROM `teacher` [ RunTime:0.0007s ]
SQL: SHOW COLUMNS FROM `role` [ RunTime:0.0017s ]
SQL: SHOW COLUMNS FROM `log` [ RunTime:0.0063s ]
SQL: SELECT * FROM `user` LIMIT 1   [ RunTime:0.0003s ]
SQL: SELECT * FROM `teacher` WHERE `card_number` = '2014150121' LIMIT 1   [ RunTime:0.0011s ]
SQL: SELECT * FROM `student` WHERE `card_number` = '2014150121' LIMIT 1   [ RunTime:0.0015s ]
SQL: INSERT INTO `log` (`userName`,`time`,`ip`,`state`) VALUES ('2014150121','1522402792','0.0.0.0','登陆成功') [ RunTime:0.0005s ]

[ 2018-03-30T17:39:52+08:00 ] ::1 /csoaAPI/index.php/Home/User/getRole
INFO: [ app_init ] --START--
INFO: Run Behavior\BuildLiteBehavior [ RunTime:0.000012s ]
INFO: [ app_init ] --END-- [ RunTime:0.001122s ]
INFO: [ app_begin ] --START--
INFO: Run Behavior\ReadHtmlCacheBehavior [ RunTime:0.000260s ]
INFO: [ app_begin ] --END-- [ RunTime:0.000283s ]
SQL: SHOW COLUMNS FROM `role` [ RunTime:0.0024s ]
SQL: SELECT * FROM `role` WHERE `id` = 4 LIMIT 1   [ RunTime:0.0014s ]

[ 2018-03-30T17:39:53+08:00 ] ::1 /csoaAPI/index.php/Home/User/getUserInfo
INFO: [ app_init ] --START--
INFO: Run Behavior\BuildLiteBehavior [ RunTime:0.000014s ]
INFO: [ app_init ] --END-- [ RunTime:0.005362s ]
INFO: [ app_begin ] --START--
INFO: Run Behavior\ReadHtmlCacheBehavior [ RunTime:0.000444s ]
INFO: [ app_begin ] --END-- [ RunTime:0.000477s ]
SQL: SHOW COLUMNS FROM `user` [ RunTime:0.0016s ]
SQL: SHOW COLUMNS FROM `student` [ RunTime:0.0031s ]
SQL: SHOW COLUMNS FROM `teacher` [ RunTime:0.0013s ]
SQL: SHOW COLUMNS FROM `role` [ RunTime:0.0018s ]
SQL: SHOW COLUMNS FROM `log` [ RunTime:0.0030s ]
SQL: SELECT `id`,`card_number`,`name`,`sex`,`origin`,`class`,`major`,`dorm`,`phone`,`identity_card`,`short_phone`,`email`,`qq`,`wechat`,`comment`,`state`,`role_id` FROM `student` WHERE `card_number` = '2014150121' LIMIT 1   [ RunTime:0.0007s ]
SQL: SELECT `userName`,`time`,`state`,`ip` FROM `log` ORDER BY time desc LIMIT 1   [ RunTime:0.0093s ]

[ 2018-03-30T17:39:55+08:00 ] ::1 /csoaAPI/index.php/Home/Research/getProjectByStudent
INFO: [ app_init ] --START--
INFO: Run Behavior\BuildLiteBehavior [ RunTime:0.000006s ]
INFO: [ app_init ] --END-- [ RunTime:0.000165s ]
INFO: [ app_begin ] --START--
INFO: Run Behavior\ReadHtmlCacheBehavior [ RunTime:0.000219s ]
INFO: [ app_begin ] --END-- [ RunTime:0.000236s ]
ERR: 无法加载控制器:Research

[ 2018-03-30T17:39:56+08:00 ] ::1 /csoaAPI/index.php/Home/Graduate/getProjectByStudent
INFO: [ app_init ] --START--
INFO: Run Behavior\BuildLiteBehavior [ RunTime:0.000026s ]
INFO: [ app_init ] --END-- [ RunTime:0.000506s ]
INFO: [ app_begin ] --START--
INFO: Run Behavior\ReadHtmlCacheBehavior [ RunTime:0.000447s ]
INFO: [ app_begin ] --END-- [ RunTime:0.000473s ]
SQL: SHOW COLUMNS FROM `graduate_year` [ RunTime:0.0023s ]
SQL: SHOW COLUMNS FROM `project` [ RunTime:0.0018s ]
SQL: SHOW COLUMNS FROM `graduate_student` [ RunTime:0.0005s ]
SQL: SELECT * FROM `graduate_year` ORDER BY year desc LIMIT 1   [ RunTime:0.0010s ]
SQL: SELECT * FROM `graduate_student` WHERE `student_id` = 196 AND `year_id` = 4 LIMIT 1   [ RunTime:0.0007s ]
SQL: SELECT * FROM `project` WHERE ( year_id = 4 )  [ RunTime:0.0006s ]
NOTIC: [8] Undefined index: is_other_chose /Library/WebServer/Documents/csoaAPI/Application/Home/Controller/GraduateController.class.php 第 1173 行.
NOTIC: [8] Undefined index: is_other_chose /Library/WebServer/Documents/csoaAPI/Application/Home/Controller/GraduateController.class.php 第 1173 行.

[ 2018-03-30T17:39:58+08:00 ] ::1 /csoaAPI/index.php/Home/Practice/getJobByStudent
INFO: [ app_init ] --START--
INFO: Run Behavior\BuildLiteBehavior [ RunTime:0.000008s ]
INFO: [ app_init ] --END-- [ RunTime:0.000216s ]
INFO: [ app_begin ] --START--
INFO: Run Behavior\ReadHtmlCacheBehavior [ RunTime:0.000359s ]
INFO: [ app_begin ] --END-- [ RunTime:0.000388s ]
SQL: SHOW COLUMNS FROM `practice_year` [ RunTime:0.0006s ]
SQL: SHOW COLUMNS FROM `job` [ RunTime:0.0011s ]
SQL: SHOW COLUMNS FROM `practice_student` [ RunTime:0.0007s ]
SQL: SELECT * FROM `practice_year` ORDER BY year desc LIMIT 1   [ RunTime:0.0003s ]
SQL: SELECT * FROM `practice_student` WHERE `student_id` = 196 AND `year_id` = 19 LIMIT 1   [ RunTime:0.0011s ]
SQL: SELECT * FROM `job` WHERE ( year_id = 19 )  [ RunTime:0.0017s ]

[ 2018-03-30T17:40:00+08:00 ] ::1 /csoaAPI/index.php/Home/Practice/getJobByStudent
INFO: [ app_init ] --START--
INFO: Run Behavior\BuildLiteBehavior [ RunTime:0.000007s ]
INFO: [ app_init ] --END-- [ RunTime:0.000177s ]
INFO: [ app_begin ] --START--
INFO: Run Behavior\ReadHtmlCacheBehavior [ RunTime:0.000511s ]
INFO: [ app_begin ] --END-- [ RunTime:0.000539s ]
SQL: SHOW COLUMNS FROM `practice_year` [ RunTime:0.0010s ]
SQL: SHOW COLUMNS FROM `job` [ RunTime:0.0030s ]
SQL: SHOW COLUMNS FROM `practice_student` [ RunTime:0.0017s ]
SQL: SELECT * FROM `practice_year` ORDER BY year desc LIMIT 1   [ RunTime:0.0004s ]
SQL: SELECT * FROM `practice_student` WHERE `student_id` = 196 AND `year_id` = 19 LIMIT 1   [ RunTime:0.0006s ]
SQL: SELECT * FROM `job` WHERE ( year_id = 19 )  [ RunTime:0.0008s ]

[ 2018-03-30T17:40:05+08:00 ] ::1 /csoaAPI/index.php/Home/Graduate/getProjectByStudent
INFO: [ app_init ] --START--
INFO: Run Behavior\BuildLiteBehavior [ RunTime:0.000006s ]
INFO: [ app_init ] --END-- [ RunTime:0.000169s ]
INFO: [ app_begin ] --START--
INFO: Run Behavior\ReadHtmlCacheBehavior [ RunTime:0.000394s ]
INFO: [ app_begin ] --END-- [ RunTime:0.000422s ]
SQL: SHOW COLUMNS FROM `graduate_year` [ RunTime:0.0005s ]
SQL: SHOW COLUMNS FROM `project` [ RunTime:0.0020s ]
SQL: SHOW COLUMNS FROM `graduate_student` [ RunTime:0.0011s ]
SQL: SELECT * FROM `graduate_year` ORDER BY year desc LIMIT 1   [ RunTime:0.0002s ]
SQL: SELECT * FROM `graduate_student` WHERE `student_id` = 196 AND `year_id` = 4 LIMIT 1   [ RunTime:0.0004s ]
SQL: SELECT * FROM `project` WHERE ( year_id = 4 )  [ RunTime:0.0009s ]
NOTIC: [8] Undefined index: is_other_chose /Library/WebServer/Documents/csoaAPI/Application/Home/Controller/GraduateController.class.php 第 1173 行.
NOTIC: [8] Undefined index: is_other_chose /Library/WebServer/Documents/csoaAPI/Application/Home/Controller/GraduateController.class.php 第 1173 行.

[ 2018-03-30T17:40:14+08:00 ] ::1 /csoaAPI/index.php/Home/Graduate/applyProject?id=11
INFO: [ app_init ] --START--
INFO: Run Behavior\BuildLiteBehavior [ RunTime:0.000018s ]
INFO: [ app_init ] --END-- [ RunTime:0.000291s ]
INFO: [ app_begin ] --START--
INFO: Run Behavior\ReadHtmlCacheBehavior [ RunTime:0.000606s ]
INFO: [ app_begin ] --END-- [ RunTime:0.000648s ]
SQL: SHOW COLUMNS FROM `graduate_year` [ RunTime:0.0033s ]
SQL: SELECT * FROM `graduate_year` ORDER BY year desc LIMIT 1   [ RunTime:0.0003s ]
SQL: SHOW COLUMNS FROM `student` [ RunTime:0.0006s ]
SQL: SELECT * FROM `student` WHERE ( id = 196 ) LIMIT 1   [ RunTime:0.0004s ]

[ 2018-03-30T17:40:20+08:00 ] ::1 /csoaAPI/index.php/Home/Research/getProjectByStudent
INFO: [ app_init ] --START--
INFO: Run Behavior\BuildLiteBehavior [ RunTime:0.000006s ]
INFO: [ app_init ] --END-- [ RunTime:0.000188s ]
INFO: [ app_begin ] --START--
INFO: Run Behavior\ReadHtmlCacheBehavior [ RunTime:0.000269s ]
INFO: [ app_begin ] --END-- [ RunTime:0.000294s ]
ERR: 无法加载控制器:Research

[ 2018-03-30T17:40:21+08:00 ] ::1 /csoaAPI/index.php/Home/Practice/getJobByStudent
INFO: [ app_init ] --START--
INFO: Run Behavior\BuildLiteBehavior [ RunTime:0.000010s ]
INFO: [ app_init ] --END-- [ RunTime:0.000516s ]
INFO: [ app_begin ] --START--
INFO: Run Behavior\ReadHtmlCacheBehavior [ RunTime:0.000626s ]
INFO: [ app_begin ] --END-- [ RunTime:0.000657s ]
SQL: SHOW COLUMNS FROM `practice_year` [ RunTime:0.0015s ]
SQL: SHOW COLUMNS FROM `job` [ RunTime:0.0022s ]
SQL: SHOW COLUMNS FROM `practice_student` [ RunTime:0.0007s ]
SQL: SELECT * FROM `practice_year` ORDER BY year desc LIMIT 1   [ RunTime:0.0006s ]
SQL: SELECT * FROM `practice_student` WHERE `student_id` = 196 AND `year_id` = 19 LIMIT 1   [ RunTime:0.0006s ]
SQL: SELECT * FROM `job` WHERE ( year_id = 19 )  [ RunTime:0.0008s ]

[ 2018-03-30T17:41:42+08:00 ] ::1 /csoaAPI/index.php/Home/Research/getProjectByStudent
INFO: [ app_init ] --START--
INFO: Run Behavior\BuildLiteBehavior [ RunTime:0.000012s ]
INFO: [ app_init ] --END-- [ RunTime:0.000355s ]
INFO: [ app_begin ] --START--
INFO: Run Behavior\ReadHtmlCacheBehavior [ RunTime:0.000595s ]
INFO: [ app_begin ] --END-- [ RunTime:0.000645s ]
ERR: 无法加载控制器:Research

[ 2018-03-30T17:41:44+08:00 ] ::1 /csoaAPI/index.php/Home/Graduate/getProjectByStudent
INFO: [ app_init ] --START--
INFO: Run Behavior\BuildLiteBehavior [ RunTime:0.000012s ]
INFO: [ app_init ] --END-- [ RunTime:0.000815s ]
INFO: [ app_begin ] --START--
INFO: Run Behavior\ReadHtmlCacheBehavior [ RunTime:0.000271s ]
INFO: [ app_begin ] --END-- [ RunTime:0.000295s ]
SQL: SHOW COLUMNS FROM `graduate_year` [ RunTime:0.0008s ]
SQL: SHOW COLUMNS FROM `project` [ RunTime:0.0024s ]
SQL: SHOW COLUMNS FROM `graduate_student` [ RunTime:0.0011s ]
SQL: SELECT * FROM `graduate_year` ORDER BY year desc LIMIT 1   [ RunTime:0.0002s ]
SQL: SELECT * FROM `graduate_student` WHERE `student_id` = 196 AND `year_id` = 4 LIMIT 1   [ RunTime:0.0006s ]
SQL: SELECT * FROM `project` WHERE ( year_id = 4 )  [ RunTime:0.0008s ]
NOTIC: [8] Undefined index: is_other_chose /Library/WebServer/Documents/csoaAPI/Application/Home/Controller/GraduateController.class.php 第 1173 行.
NOTIC: [8] Undefined index: is_other_chose /Library/WebServer/Documents/csoaAPI/Application/Home/Controller/GraduateController.class.php 第 1173 行.

[ 2018-03-30T17:41:46+08:00 ] ::1 /csoaAPI/index.php/Home/Research/getProjectByStudent
INFO: [ app_init ] --START--
INFO: Run Behavior\BuildLiteBehavior [ RunTime:0.000008s ]
INFO: [ app_init ] --END-- [ RunTime:0.000225s ]
INFO: [ app_begin ] --START--
INFO: Run Behavior\ReadHtmlCacheBehavior [ RunTime:0.000263s ]
INFO: [ app_begin ] --END-- [ RunTime:0.000283s ]
ERR: 无法加载控制器:Research

[ 2018-03-30T17:41:47+08:00 ] ::1 /csoaAPI/index.php/Home/Practice/getJobByStudent
INFO: [ app_init ] --START--
INFO: Run Behavior\BuildLiteBehavior [ RunTime:0.000011s ]
INFO: [ app_init ] --END-- [ RunTime:0.000290s ]
INFO: [ app_begin ] --START--
INFO: Run Behavior\ReadHtmlCacheBehavior [ RunTime:0.000882s ]
INFO: [ app_begin ] --END-- [ RunTime:0.000917s ]
SQL: SHOW COLUMNS FROM `practice_year` [ RunTime:0.0006s ]
SQL: SHOW COLUMNS FROM `job` [ RunTime:0.0006s ]
SQL: SHOW COLUMNS FROM `practice_student` [ RunTime:0.0004s ]
SQL: SELECT * FROM `practice_year` ORDER BY year desc LIMIT 1   [ RunTime:0.0017s ]
SQL: SELECT * FROM `practice_student` WHERE `student_id` = 196 AND `year_id` = 19 LIMIT 1   [ RunTime:0.0011s ]
SQL: SELECT * FROM `job` WHERE ( year_id = 19 )  [ RunTime:0.0020s ]

[ 2018-03-30T17:41:49+08:00 ] ::1 /csoaAPI/index.php/Home/Practice/getJobByStudent
INFO: [ app_init ] --START--
INFO: Run Behavior\BuildLiteBehavior [ RunTime:0.000009s ]
INFO: [ app_init ] --END-- [ RunTime:0.000193s ]
INFO: [ app_begin ] --START--
INFO: Run Behavior\ReadHtmlCacheBehavior [ RunTime:0.000296s ]
INFO: [ app_begin ] --END-- [ RunTime:0.000317s ]
SQL: SHOW COLUMNS FROM `practice_year` [ RunTime:0.0005s ]
SQL: SHOW COLUMNS FROM `job` [ RunTime:0.0005s ]
SQL: SHOW COLUMNS FROM `practice_student` [ RunTime:0.0006s ]
SQL: SELECT * FROM `practice_year` ORDER BY year desc LIMIT 1   [ RunTime:0.0003s ]
SQL: SELECT * FROM `practice_student` WHERE `student_id` = 196 AND `year_id` = 19 LIMIT 1   [ RunTime:0.0006s ]
SQL: SELECT * FROM `job` WHERE ( year_id = 19 )  [ RunTime:0.0012s ]

